[0.222s] DEBUG:colcon:Command line arguments: ['/usr/bin/colcon', 'build']
[0.222s] DEBUG:colcon:Parsed command line arguments: Namespace(log_base=None, log_level=None, verb_name='build', build_base='build', install_base='install', merge_install=False, symlink_install=False, test_result_base=None, continue_on_error=False, executor='parallel', parallel_workers=8, event_handlers=None, ignore_user_meta=False, metas=['./colcon.meta'], base_paths=['.'], packages_ignore=None, packages_ignore_regex=None, paths=None, packages_up_to=None, packages_up_to_regex=None, packages_above=None, packages_above_and_dependencies=None, packages_above_depth=None, packages_select_by_dep=None, packages_skip_by_dep=None, packages_skip_up_to=None, packages_select_build_failed=False, packages_skip_build_finished=False, packages_select_test_failures=False, packages_skip_test_passed=False, packages_select=None, packages_skip=None, packages_select_regex=None, packages_skip_regex=None, packages_start=None, packages_end=None, allow_overriding=[], cmake_args=None, cmake_target=None, cmake_target_skip_unavailable=False, cmake_clean_cache=False, cmake_clean_first=False, cmake_force_configure=False, ament_cmake_args=None, catkin_cmake_args=None, catkin_skip_building_tests=False, verb_parser=<colcon_defaults.argument_parser.defaults.DefaultArgumentsDecorator object at 0x7f119c76ae90>, verb_extension=<colcon_core.verb.build.BuildVerb object at 0x7f119c76a500>, main=<bound method BuildVerb.main of <colcon_core.verb.build.BuildVerb object at 0x7f119c76a500>>)
[0.503s] Level 1:colcon.colcon_core.package_discovery:discover_packages(colcon_meta) check parameters
[0.504s] Level 1:colcon.colcon_core.package_discovery:discover_packages(recursive) check parameters
[0.504s] Level 1:colcon.colcon_core.package_discovery:discover_packages(ignore) check parameters
[0.504s] Level 1:colcon.colcon_core.package_discovery:discover_packages(path) check parameters
[0.504s] Level 1:colcon.colcon_core.package_discovery:discover_packages(colcon_meta) discover
[0.504s] Level 1:colcon.colcon_core.package_discovery:discover_packages(recursive) discover
[0.504s] INFO:colcon.colcon_core.package_discovery:Crawling recursively for packages in '/home/bridgetw/robo_ws'
[0.504s] Level 1:colcon.colcon_core.package_identification:_identify(.) by extensions ['ignore', 'ignore_ament_install']
[0.504s] Level 1:colcon.colcon_core.package_identification:_identify(.) by extension 'ignore'
[0.504s] Level 1:colcon.colcon_core.package_identification:_identify(.) by extension 'ignore_ament_install'
[0.504s] Level 1:colcon.colcon_core.package_identification:_identify(.) by extensions ['colcon_pkg']
[0.504s] Level 1:colcon.colcon_core.package_identification:_identify(.) by extension 'colcon_pkg'
[0.504s] Level 1:colcon.colcon_core.package_identification:_identify(.) by extensions ['colcon_meta']
[0.504s] Level 1:colcon.colcon_core.package_identification:_identify(.) by extension 'colcon_meta'
[0.504s] Level 1:colcon.colcon_core.package_identification:_identify(.) by extensions ['ros']
[0.504s] Level 1:colcon.colcon_core.package_identification:_identify(.) by extension 'ros'
[0.513s] Level 1:colcon.colcon_core.package_identification:_identify(.) by extensions ['cmake', 'python']
[0.513s] Level 1:colcon.colcon_core.package_identification:_identify(.) by extension 'cmake'
[0.513s] Level 1:colcon.colcon_core.package_identification:_identify(.) by extension 'python'
[0.513s] Level 1:colcon.colcon_core.package_identification:_identify(.) by extensions ['python_setup_py']
[0.513s] Level 1:colcon.colcon_core.package_identification:_identify(.) by extension 'python_setup_py'
[0.513s] Level 1:colcon.colcon_core.package_identification:_identify(build) by extensions ['ignore', 'ignore_ament_install']
[0.513s] Level 1:colcon.colcon_core.package_identification:_identify(build) by extension 'ignore'
[0.513s] Level 1:colcon.colcon_core.package_identification:_identify(build) ignored
[0.514s] Level 1:colcon.colcon_core.package_identification:_identify(install) by extensions ['ignore', 'ignore_ament_install']
[0.514s] Level 1:colcon.colcon_core.package_identification:_identify(install) by extension 'ignore'
[0.514s] Level 1:colcon.colcon_core.package_identification:_identify(install) ignored
[0.514s] Level 1:colcon.colcon_core.package_identification:_identify(log) by extensions ['ignore', 'ignore_ament_install']
[0.514s] Level 1:colcon.colcon_core.package_identification:_identify(log) by extension 'ignore'
[0.514s] Level 1:colcon.colcon_core.package_identification:_identify(log) ignored
[0.514s] Level 1:colcon.colcon_core.package_identification:_identify(src) by extensions ['ignore', 'ignore_ament_install']
[0.514s] Level 1:colcon.colcon_core.package_identification:_identify(src) by extension 'ignore'
[0.514s] Level 1:colcon.colcon_core.package_identification:_identify(src) by extension 'ignore_ament_install'
[0.514s] Level 1:colcon.colcon_core.package_identification:_identify(src) by extensions ['colcon_pkg']
[0.514s] Level 1:colcon.colcon_core.package_identification:_identify(src) by extension 'colcon_pkg'
[0.514s] Level 1:colcon.colcon_core.package_identification:_identify(src) by extensions ['colcon_meta']
[0.515s] Level 1:colcon.colcon_core.package_identification:_identify(src) by extension 'colcon_meta'
[0.515s] Level 1:colcon.colcon_core.package_identification:_identify(src) by extensions ['ros']
[0.515s] Level 1:colcon.colcon_core.package_identification:_identify(src) by extension 'ros'
[0.515s] Level 1:colcon.colcon_core.package_identification:_identify(src) by extensions ['cmake', 'python']
[0.515s] Level 1:colcon.colcon_core.package_identification:_identify(src) by extension 'cmake'
[0.515s] Level 1:colcon.colcon_core.package_identification:_identify(src) by extension 'python'
[0.515s] Level 1:colcon.colcon_core.package_identification:_identify(src) by extensions ['python_setup_py']
[0.515s] Level 1:colcon.colcon_core.package_identification:_identify(src) by extension 'python_setup_py'
[0.515s] Level 1:colcon.colcon_core.package_identification:_identify(src/gazebo_ros2_control) by extensions ['ignore', 'ignore_ament_install']
[0.515s] Level 1:colcon.colcon_core.package_identification:_identify(src/gazebo_ros2_control) by extension 'ignore'
[0.515s] Level 1:colcon.colcon_core.package_identification:_identify(src/gazebo_ros2_control) by extension 'ignore_ament_install'
[0.515s] Level 1:colcon.colcon_core.package_identification:_identify(src/gazebo_ros2_control) by extensions ['colcon_pkg']
[0.515s] Level 1:colcon.colcon_core.package_identification:_identify(src/gazebo_ros2_control) by extension 'colcon_pkg'
[0.515s] Level 1:colcon.colcon_core.package_identification:_identify(src/gazebo_ros2_control) by extensions ['colcon_meta']
[0.515s] Level 1:colcon.colcon_core.package_identification:_identify(src/gazebo_ros2_control) by extension 'colcon_meta'
[0.515s] Level 1:colcon.colcon_core.package_identification:_identify(src/gazebo_ros2_control) by extensions ['ros']
[0.515s] Level 1:colcon.colcon_core.package_identification:_identify(src/gazebo_ros2_control) by extension 'ros'
[0.520s] DEBUG:colcon.colcon_core.package_identification:Package 'src/gazebo_ros2_control' with type 'ros.ament_cmake' and name 'gazebo_ros2_control'
[0.524s] Level 1:colcon.colcon_core.package_identification:_identify(src/six_dof_arm) by extensions ['ignore', 'ignore_ament_install']
[0.524s] Level 1:colcon.colcon_core.package_identification:_identify(src/six_dof_arm) by extension 'ignore'
[0.524s] Level 1:colcon.colcon_core.package_identification:_identify(src/six_dof_arm) by extension 'ignore_ament_install'
[0.524s] Level 1:colcon.colcon_core.package_identification:_identify(src/six_dof_arm) by extensions ['colcon_pkg']
[0.524s] Level 1:colcon.colcon_core.package_identification:_identify(src/six_dof_arm) by extension 'colcon_pkg'
[0.524s] Level 1:colcon.colcon_core.package_identification:_identify(src/six_dof_arm) by extensions ['colcon_meta']
[0.524s] Level 1:colcon.colcon_core.package_identification:_identify(src/six_dof_arm) by extension 'colcon_meta'
[0.524s] Level 1:colcon.colcon_core.package_identification:_identify(src/six_dof_arm) by extensions ['ros']
[0.524s] Level 1:colcon.colcon_core.package_identification:_identify(src/six_dof_arm) by extension 'ros'
[0.525s] DEBUG:colcon.colcon_core.package_identification:Package 'src/six_dof_arm' with type 'ros.ament_cmake' and name 'six_dof_arm'
[0.525s] Level 1:colcon.colcon_core.package_discovery:discover_packages(recursive) using defaults
[0.525s] Level 1:colcon.colcon_core.package_discovery:discover_packages(ignore) discover
[0.525s] Level 1:colcon.colcon_core.package_discovery:discover_packages(ignore) using defaults
[0.525s] Level 1:colcon.colcon_core.package_discovery:discover_packages(path) discover
[0.525s] Level 1:colcon.colcon_core.package_discovery:discover_packages(path) using defaults
[0.561s] Level 1:colcon.colcon_core.package_discovery:discover_packages(prefix_path) check parameters
[0.561s] Level 1:colcon.colcon_core.package_discovery:discover_packages(prefix_path) discover
[0.563s] DEBUG:colcon.colcon_installed_package_information.package_discovery:Found 270 installed packages in /opt/ros/humble
[0.564s] Level 1:colcon.colcon_core.package_discovery:discover_packages(prefix_path) using defaults
[0.603s] Level 5:colcon.colcon_core.verb:set package 'gazebo_ros2_control' build argument 'cmake_args' from command line to 'None'
[0.603s] Level 5:colcon.colcon_core.verb:set package 'gazebo_ros2_control' build argument 'cmake_target' from command line to 'None'
[0.603s] Level 5:colcon.colcon_core.verb:set package 'gazebo_ros2_control' build argument 'cmake_target_skip_unavailable' from command line to 'False'
[0.603s] Level 5:colcon.colcon_core.verb:set package 'gazebo_ros2_control' build argument 'cmake_clean_cache' from command line to 'False'
[0.603s] Level 5:colcon.colcon_core.verb:set package 'gazebo_ros2_control' build argument 'cmake_clean_first' from command line to 'False'
[0.603s] Level 5:colcon.colcon_core.verb:set package 'gazebo_ros2_control' build argument 'cmake_force_configure' from command line to 'False'
[0.603s] Level 5:colcon.colcon_core.verb:set package 'gazebo_ros2_control' build argument 'ament_cmake_args' from command line to 'None'
[0.603s] Level 5:colcon.colcon_core.verb:set package 'gazebo_ros2_control' build argument 'catkin_cmake_args' from command line to 'None'
[0.603s] Level 5:colcon.colcon_core.verb:set package 'gazebo_ros2_control' build argument 'catkin_skip_building_tests' from command line to 'False'
[0.603s] DEBUG:colcon.colcon_core.verb:Building package 'gazebo_ros2_control' with the following arguments: {'ament_cmake_args': None, 'build_base': '/home/bridgetw/robo_ws/build/gazebo_ros2_control', 'catkin_cmake_args': None, 'catkin_skip_building_tests': False, 'cmake_args': None, 'cmake_clean_cache': False, 'cmake_clean_first': False, 'cmake_force_configure': False, 'cmake_target': None, 'cmake_target_skip_unavailable': False, 'install_base': '/home/bridgetw/robo_ws/install/gazebo_ros2_control', 'merge_install': False, 'path': '/home/bridgetw/robo_ws/src/gazebo_ros2_control', 'symlink_install': False, 'test_result_base': None}
[0.604s] Level 5:colcon.colcon_core.verb:set package 'six_dof_arm' build argument 'cmake_args' from command line to 'None'
[0.604s] Level 5:colcon.colcon_core.verb:set package 'six_dof_arm' build argument 'cmake_target' from command line to 'None'
[0.604s] Level 5:colcon.colcon_core.verb:set package 'six_dof_arm' build argument 'cmake_target_skip_unavailable' from command line to 'False'
[0.604s] Level 5:colcon.colcon_core.verb:set package 'six_dof_arm' build argument 'cmake_clean_cache' from command line to 'False'
[0.604s] Level 5:colcon.colcon_core.verb:set package 'six_dof_arm' build argument 'cmake_clean_first' from command line to 'False'
[0.604s] Level 5:colcon.colcon_core.verb:set package 'six_dof_arm' build argument 'cmake_force_configure' from command line to 'False'
[0.604s] Level 5:colcon.colcon_core.verb:set package 'six_dof_arm' build argument 'ament_cmake_args' from command line to 'None'
[0.604s] Level 5:colcon.colcon_core.verb:set package 'six_dof_arm' build argument 'catkin_cmake_args' from command line to 'None'
[0.604s] Level 5:colcon.colcon_core.verb:set package 'six_dof_arm' build argument 'catkin_skip_building_tests' from command line to 'False'
[0.604s] DEBUG:colcon.colcon_core.verb:Building package 'six_dof_arm' with the following arguments: {'ament_cmake_args': None, 'build_base': '/home/bridgetw/robo_ws/build/six_dof_arm', 'catkin_cmake_args': None, 'catkin_skip_building_tests': False, 'cmake_args': None, 'cmake_clean_cache': False, 'cmake_clean_first': False, 'cmake_force_configure': False, 'cmake_target': None, 'cmake_target_skip_unavailable': False, 'install_base': '/home/bridgetw/robo_ws/install/six_dof_arm', 'merge_install': False, 'path': '/home/bridgetw/robo_ws/src/six_dof_arm', 'symlink_install': False, 'test_result_base': None}
[0.604s] INFO:colcon.colcon_core.executor:Executing jobs using 'parallel' executor
[0.605s] DEBUG:colcon.colcon_parallel_executor.executor.parallel:run_until_complete
[0.606s] INFO:colcon.colcon_ros.task.ament_cmake.build:Building ROS package in '/home/bridgetw/robo_ws/src/gazebo_ros2_control' with build type 'ament_cmake'
[0.606s] INFO:colcon.colcon_cmake.task.cmake.build:Building CMake package in '/home/bridgetw/robo_ws/src/gazebo_ros2_control'
[0.608s] INFO:colcon.colcon_core.plugin_system:Skipping extension 'colcon_core.shell.bat': Not used on non-Windows systems
[0.608s] INFO:colcon.colcon_core.shell:Skip shell extension 'powershell' for command environment: Not usable outside of PowerShell
[0.609s] DEBUG:colcon.colcon_core.shell:Skip shell extension 'dsv' for command environment
[0.612s] INFO:colcon.colcon_ros.task.ament_cmake.build:Building ROS package in '/home/bridgetw/robo_ws/src/six_dof_arm' with build type 'ament_cmake'
[0.612s] INFO:colcon.colcon_cmake.task.cmake.build:Building CMake package in '/home/bridgetw/robo_ws/src/six_dof_arm'
[0.613s] INFO:colcon.colcon_core.shell:Skip shell extension 'powershell' for command environment: Not usable outside of PowerShell
[0.613s] DEBUG:colcon.colcon_core.shell:Skip shell extension 'dsv' for command environment
[0.620s] DEBUG:colcon.colcon_core.event_handler.log_command:Invoking command in '/home/bridgetw/robo_ws/build/gazebo_ros2_control': CMAKE_PREFIX_PATH=/opt/ros/humble /usr/bin/cmake /home/bridgetw/robo_ws/src/gazebo_ros2_control -DCMAKE_INSTALL_PREFIX=/home/bridgetw/robo_ws/install/gazebo_ros2_control
[0.628s] DEBUG:colcon.colcon_core.event_handler.log_command:Invoking command in '/home/bridgetw/robo_ws/build/six_dof_arm': CMAKE_PREFIX_PATH=/opt/ros/humble /usr/bin/cmake /home/bridgetw/robo_ws/src/six_dof_arm -DCMAKE_INSTALL_PREFIX=/home/bridgetw/robo_ws/install/six_dof_arm
[2.513s] DEBUG:colcon.colcon_core.event_handler.log_command:Invoked command in '/home/bridgetw/robo_ws/build/gazebo_ros2_control' returned '0': CMAKE_PREFIX_PATH=/opt/ros/humble /usr/bin/cmake /home/bridgetw/robo_ws/src/gazebo_ros2_control -DCMAKE_INSTALL_PREFIX=/home/bridgetw/robo_ws/install/gazebo_ros2_control
[2.515s] DEBUG:colcon.colcon_core.event_handler.log_command:Invoking command in '/home/bridgetw/robo_ws/build/gazebo_ros2_control': CMAKE_PREFIX_PATH=/opt/ros/humble /usr/bin/cmake --build /home/bridgetw/robo_ws/build/gazebo_ros2_control -- -j8 -l8
[2.516s] DEBUG:colcon.colcon_core.event_handler.log_command:Invoked command in '/home/bridgetw/robo_ws/build/six_dof_arm' returned '0': CMAKE_PREFIX_PATH=/opt/ros/humble /usr/bin/cmake /home/bridgetw/robo_ws/src/six_dof_arm -DCMAKE_INSTALL_PREFIX=/home/bridgetw/robo_ws/install/six_dof_arm
[2.519s] DEBUG:colcon.colcon_core.event_handler.log_command:Invoking command in '/home/bridgetw/robo_ws/build/six_dof_arm': CMAKE_PREFIX_PATH=/opt/ros/humble /usr/bin/cmake --build /home/bridgetw/robo_ws/build/six_dof_arm -- -j8 -l8
[2.542s] DEBUG:colcon.colcon_core.event_handler.log_command:Invoked command in '/home/bridgetw/robo_ws/build/gazebo_ros2_control' returned '0': CMAKE_PREFIX_PATH=/opt/ros/humble /usr/bin/cmake --build /home/bridgetw/robo_ws/build/gazebo_ros2_control -- -j8 -l8
[2.546s] DEBUG:colcon.colcon_core.event_handler.log_command:Invoked command in '/home/bridgetw/robo_ws/build/six_dof_arm' returned '0': CMAKE_PREFIX_PATH=/opt/ros/humble /usr/bin/cmake --build /home/bridgetw/robo_ws/build/six_dof_arm -- -j8 -l8
[2.567s] DEBUG:colcon.colcon_core.event_handler.log_command:Invoking command in '/home/bridgetw/robo_ws/build/gazebo_ros2_control': CMAKE_PREFIX_PATH=/opt/ros/humble /usr/bin/cmake --install /home/bridgetw/robo_ws/build/gazebo_ros2_control
[2.569s] DEBUG:colcon.colcon_core.event_handler.log_command:Invoking command in '/home/bridgetw/robo_ws/build/six_dof_arm': CMAKE_PREFIX_PATH=/opt/ros/humble /usr/bin/cmake --install /home/bridgetw/robo_ws/build/six_dof_arm
[2.578s] Level 1:colcon.colcon_core.environment:create_environment_scripts_only(gazebo_ros2_control)
[2.580s] DEBUG:colcon.colcon_core.event_handler.log_command:Invoked command in '/home/bridgetw/robo_ws/build/gazebo_ros2_control' returned '0': CMAKE_PREFIX_PATH=/opt/ros/humble /usr/bin/cmake --install /home/bridgetw/robo_ws/build/gazebo_ros2_control
[2.581s] Level 1:colcon.colcon_core.environment:checking '/home/bridgetw/robo_ws/install/gazebo_ros2_control' for CMake module files
[2.582s] Level 1:colcon.colcon_core.environment:checking '/home/bridgetw/robo_ws/install/gazebo_ros2_control' for CMake config files
[2.582s] Level 1:colcon.colcon_core.shell:create_environment_hook('gazebo_ros2_control', 'cmake_prefix_path')
[2.582s] INFO:colcon.colcon_core.shell:Creating environment hook '/home/bridgetw/robo_ws/install/gazebo_ros2_control/share/gazebo_ros2_control/hook/cmake_prefix_path.ps1'
[2.582s] INFO:colcon.colcon_core.shell:Creating environment descriptor '/home/bridgetw/robo_ws/install/gazebo_ros2_control/share/gazebo_ros2_control/hook/cmake_prefix_path.dsv'
[2.583s] INFO:colcon.colcon_core.shell:Creating environment hook '/home/bridgetw/robo_ws/install/gazebo_ros2_control/share/gazebo_ros2_control/hook/cmake_prefix_path.sh'
[2.583s] Level 1:colcon.colcon_core.environment:checking '/home/bridgetw/robo_ws/install/gazebo_ros2_control/bin'
[2.583s] Level 1:colcon.colcon_core.environment:checking '/home/bridgetw/robo_ws/install/gazebo_ros2_control/lib/pkgconfig/gazebo_ros2_control.pc'
[2.584s] Level 1:colcon.colcon_core.environment:checking '/home/bridgetw/robo_ws/install/gazebo_ros2_control/lib/python3.10/site-packages'
[2.584s] Level 1:colcon.colcon_core.environment:checking '/home/bridgetw/robo_ws/install/gazebo_ros2_control/bin'
[2.584s] INFO:colcon.colcon_core.shell:Creating package script '/home/bridgetw/robo_ws/install/gazebo_ros2_control/share/gazebo_ros2_control/package.ps1'
[2.585s] INFO:colcon.colcon_core.shell:Creating package descriptor '/home/bridgetw/robo_ws/install/gazebo_ros2_control/share/gazebo_ros2_control/package.dsv'
[2.585s] INFO:colcon.colcon_core.shell:Creating package script '/home/bridgetw/robo_ws/install/gazebo_ros2_control/share/gazebo_ros2_control/package.sh'
[2.586s] INFO:colcon.colcon_core.shell:Creating package script '/home/bridgetw/robo_ws/install/gazebo_ros2_control/share/gazebo_ros2_control/package.bash'
[2.586s] INFO:colcon.colcon_core.shell:Creating package script '/home/bridgetw/robo_ws/install/gazebo_ros2_control/share/gazebo_ros2_control/package.zsh'
[2.587s] Level 1:colcon.colcon_core.environment:create_file_with_runtime_dependencies(/home/bridgetw/robo_ws/install/gazebo_ros2_control/share/colcon-core/packages/gazebo_ros2_control)
[2.589s] Level 1:colcon.colcon_core.environment:create_environment_scripts_only(six_dof_arm)
[2.589s] DEBUG:colcon.colcon_core.event_handler.log_command:Invoked command in '/home/bridgetw/robo_ws/build/six_dof_arm' returned '0': CMAKE_PREFIX_PATH=/opt/ros/humble /usr/bin/cmake --install /home/bridgetw/robo_ws/build/six_dof_arm
[2.589s] Level 1:colcon.colcon_core.environment:checking '/home/bridgetw/robo_ws/install/six_dof_arm' for CMake module files
[2.590s] Level 1:colcon.colcon_core.environment:checking '/home/bridgetw/robo_ws/install/six_dof_arm' for CMake config files
[2.590s] Level 1:colcon.colcon_core.shell:create_environment_hook('six_dof_arm', 'cmake_prefix_path')
[2.590s] INFO:colcon.colcon_core.shell:Creating environment hook '/home/bridgetw/robo_ws/install/six_dof_arm/share/six_dof_arm/hook/cmake_prefix_path.ps1'
[2.590s] INFO:colcon.colcon_core.shell:Creating environment descriptor '/home/bridgetw/robo_ws/install/six_dof_arm/share/six_dof_arm/hook/cmake_prefix_path.dsv'
[2.591s] INFO:colcon.colcon_core.shell:Creating environment hook '/home/bridgetw/robo_ws/install/six_dof_arm/share/six_dof_arm/hook/cmake_prefix_path.sh'
[2.591s] Level 1:colcon.colcon_core.environment:checking '/home/bridgetw/robo_ws/install/six_dof_arm/bin'
[2.591s] Level 1:colcon.colcon_core.environment:checking '/home/bridgetw/robo_ws/install/six_dof_arm/lib/pkgconfig/six_dof_arm.pc'
[2.591s] Level 1:colcon.colcon_core.environment:checking '/home/bridgetw/robo_ws/install/six_dof_arm/lib/python3.10/site-packages'
[2.591s] Level 1:colcon.colcon_core.environment:checking '/home/bridgetw/robo_ws/install/six_dof_arm/bin'
[2.592s] INFO:colcon.colcon_core.shell:Creating package script '/home/bridgetw/robo_ws/install/six_dof_arm/share/six_dof_arm/package.ps1'
[2.592s] INFO:colcon.colcon_core.shell:Creating package descriptor '/home/bridgetw/robo_ws/install/six_dof_arm/share/six_dof_arm/package.dsv'
[2.592s] INFO:colcon.colcon_core.shell:Creating package script '/home/bridgetw/robo_ws/install/six_dof_arm/share/six_dof_arm/package.sh'
[2.592s] INFO:colcon.colcon_core.shell:Creating package script '/home/bridgetw/robo_ws/install/six_dof_arm/share/six_dof_arm/package.bash'
[2.593s] INFO:colcon.colcon_core.shell:Creating package script '/home/bridgetw/robo_ws/install/six_dof_arm/share/six_dof_arm/package.zsh'
[2.593s] Level 1:colcon.colcon_core.environment:create_file_with_runtime_dependencies(/home/bridgetw/robo_ws/install/six_dof_arm/share/colcon-core/packages/six_dof_arm)
[2.602s] Level 1:colcon.colcon_core.environment:create_environment_scripts_only(gazebo_ros2_control)
[2.603s] Level 1:colcon.colcon_core.environment:checking '/home/bridgetw/robo_ws/install/gazebo_ros2_control' for CMake module files
[2.603s] Level 1:colcon.colcon_core.environment:checking '/home/bridgetw/robo_ws/install/gazebo_ros2_control' for CMake config files
[2.603s] Level 1:colcon.colcon_core.shell:create_environment_hook('gazebo_ros2_control', 'cmake_prefix_path')
[2.603s] INFO:colcon.colcon_core.shell:Creating environment hook '/home/bridgetw/robo_ws/install/gazebo_ros2_control/share/gazebo_ros2_control/hook/cmake_prefix_path.ps1'
[2.603s] INFO:colcon.colcon_core.shell:Creating environment descriptor '/home/bridgetw/robo_ws/install/gazebo_ros2_control/share/gazebo_ros2_control/hook/cmake_prefix_path.dsv'
[2.604s] INFO:colcon.colcon_core.shell:Creating environment hook '/home/bridgetw/robo_ws/install/gazebo_ros2_control/share/gazebo_ros2_control/hook/cmake_prefix_path.sh'
[2.604s] Level 1:colcon.colcon_core.environment:checking '/home/bridgetw/robo_ws/install/gazebo_ros2_control/bin'
[2.604s] Level 1:colcon.colcon_core.environment:checking '/home/bridgetw/robo_ws/install/gazebo_ros2_control/lib/pkgconfig/gazebo_ros2_control.pc'
[2.604s] Level 1:colcon.colcon_core.environment:checking '/home/bridgetw/robo_ws/install/gazebo_ros2_control/lib/python3.10/site-packages'
[2.605s] Level 1:colcon.colcon_core.environment:checking '/home/bridgetw/robo_ws/install/gazebo_ros2_control/bin'
[2.605s] INFO:colcon.colcon_core.shell:Creating package script '/home/bridgetw/robo_ws/install/gazebo_ros2_control/share/gazebo_ros2_control/package.ps1'
[2.605s] INFO:colcon.colcon_core.shell:Creating package descriptor '/home/bridgetw/robo_ws/install/gazebo_ros2_control/share/gazebo_ros2_control/package.dsv'
[2.606s] INFO:colcon.colcon_core.shell:Creating package script '/home/bridgetw/robo_ws/install/gazebo_ros2_control/share/gazebo_ros2_control/package.sh'
[2.606s] INFO:colcon.colcon_core.shell:Creating package script '/home/bridgetw/robo_ws/install/gazebo_ros2_control/share/gazebo_ros2_control/package.bash'
[2.606s] INFO:colcon.colcon_core.shell:Creating package script '/home/bridgetw/robo_ws/install/gazebo_ros2_control/share/gazebo_ros2_control/package.zsh'
[2.606s] Level 1:colcon.colcon_core.environment:create_file_with_runtime_dependencies(/home/bridgetw/robo_ws/install/gazebo_ros2_control/share/colcon-core/packages/gazebo_ros2_control)
[2.609s] Level 1:colcon.colcon_core.environment:create_environment_scripts_only(six_dof_arm)
[2.609s] Level 1:colcon.colcon_core.environment:checking '/home/bridgetw/robo_ws/install/six_dof_arm' for CMake module files
[2.609s] Level 1:colcon.colcon_core.environment:checking '/home/bridgetw/robo_ws/install/six_dof_arm' for CMake config files
[2.609s] Level 1:colcon.colcon_core.shell:create_environment_hook('six_dof_arm', 'cmake_prefix_path')
[2.610s] INFO:colcon.colcon_core.shell:Creating environment hook '/home/bridgetw/robo_ws/install/six_dof_arm/share/six_dof_arm/hook/cmake_prefix_path.ps1'
[2.610s] INFO:colcon.colcon_core.shell:Creating environment descriptor '/home/bridgetw/robo_ws/install/six_dof_arm/share/six_dof_arm/hook/cmake_prefix_path.dsv'
[2.610s] INFO:colcon.colcon_core.shell:Creating environment hook '/home/bridgetw/robo_ws/install/six_dof_arm/share/six_dof_arm/hook/cmake_prefix_path.sh'
[2.611s] Level 1:colcon.colcon_core.environment:checking '/home/bridgetw/robo_ws/install/six_dof_arm/bin'
[2.611s] Level 1:colcon.colcon_core.environment:checking '/home/bridgetw/robo_ws/install/six_dof_arm/lib/pkgconfig/six_dof_arm.pc'
[2.611s] Level 1:colcon.colcon_core.environment:checking '/home/bridgetw/robo_ws/install/six_dof_arm/lib/python3.10/site-packages'
[2.611s] Level 1:colcon.colcon_core.environment:checking '/home/bridgetw/robo_ws/install/six_dof_arm/bin'
[2.612s] INFO:colcon.colcon_core.shell:Creating package script '/home/bridgetw/robo_ws/install/six_dof_arm/share/six_dof_arm/package.ps1'
[2.612s] INFO:colcon.colcon_core.shell:Creating package descriptor '/home/bridgetw/robo_ws/install/six_dof_arm/share/six_dof_arm/package.dsv'
[2.612s] INFO:colcon.colcon_core.shell:Creating package script '/home/bridgetw/robo_ws/install/six_dof_arm/share/six_dof_arm/package.sh'
[2.613s] INFO:colcon.colcon_core.shell:Creating package script '/home/bridgetw/robo_ws/install/six_dof_arm/share/six_dof_arm/package.bash'
[2.613s] INFO:colcon.colcon_core.shell:Creating package script '/home/bridgetw/robo_ws/install/six_dof_arm/share/six_dof_arm/package.zsh'
[2.613s] Level 1:colcon.colcon_core.environment:create_file_with_runtime_dependencies(/home/bridgetw/robo_ws/install/six_dof_arm/share/colcon-core/packages/six_dof_arm)
[2.613s] DEBUG:colcon.colcon_parallel_executor.executor.parallel:closing loop
[2.614s] DEBUG:colcon.colcon_parallel_executor.executor.parallel:loop closed
[2.614s] DEBUG:colcon.colcon_parallel_executor.executor.parallel:run_until_complete finished with '0'
[2.615s] DEBUG:colcon.colcon_core.event_reactor:joining thread
[2.661s] INFO:colcon.colcon_core.plugin_system:Skipping extension 'colcon_notification.desktop_notification.notify_send': Could not find 'notify-send'
[2.662s] INFO:colcon.colcon_core.plugin_system:Skipping extension 'colcon_notification.desktop_notification.terminal_notifier': Not used on non-Darwin systems
[2.662s] INFO:colcon.colcon_core.plugin_system:Skipping extension 'colcon_notification.desktop_notification.win32': Not used on non-Windows systems
[2.662s] INFO:colcon.colcon_notification.desktop_notification:Sending desktop notification using 'notify2'
[2.662s] DEBUG:colcon.colcon_notification.desktop_notification.notify2:Failed to initialize notify2: org.freedesktop.DBus.Error.FileNotFound: Failed to connect to socket /run/user/1000/bus: No such file or directory
[2.662s] DEBUG:colcon.colcon_core.event_reactor:joined thread
[2.662s] INFO:colcon.colcon_core.shell:Creating prefix script '/home/bridgetw/robo_ws/install/local_setup.ps1'
[2.663s] INFO:colcon.colcon_core.shell:Creating prefix util module '/home/bridgetw/robo_ws/install/_local_setup_util_ps1.py'
[2.664s] INFO:colcon.colcon_core.shell:Creating prefix chain script '/home/bridgetw/robo_ws/install/setup.ps1'
[2.665s] INFO:colcon.colcon_core.shell:Creating prefix script '/home/bridgetw/robo_ws/install/local_setup.sh'
[2.665s] INFO:colcon.colcon_core.shell:Creating prefix util module '/home/bridgetw/robo_ws/install/_local_setup_util_sh.py'
[2.665s] INFO:colcon.colcon_core.shell:Creating prefix chain script '/home/bridgetw/robo_ws/install/setup.sh'
[2.666s] INFO:colcon.colcon_core.shell:Creating prefix script '/home/bridgetw/robo_ws/install/local_setup.bash'
[2.667s] INFO:colcon.colcon_core.shell:Creating prefix chain script '/home/bridgetw/robo_ws/install/setup.bash'
[2.667s] INFO:colcon.colcon_core.shell:Creating prefix script '/home/bridgetw/robo_ws/install/local_setup.zsh'
[2.668s] INFO:colcon.colcon_core.shell:Creating prefix chain script '/home/bridgetw/robo_ws/install/setup.zsh'
