running develop
Removing /home/bridgetw/cooking_robot/install/my_robot_controller/lib/python3.10/site-packages/my-robot-controller.egg-link (link to .)
running egg_info
writing ../../build/my_robot_controller/my_robot_controller.egg-info/PKG-INFO
writing dependency_links to ../../build/my_robot_controller/my_robot_controller.egg-info/dependency_links.txt
writing entry points to ../../build/my_robot_controller/my_robot_controller.egg-info/entry_points.txt
writing requirements to ../../build/my_robot_controller/my_robot_controller.egg-info/requires.txt
writing top-level names to ../../build/my_robot_controller/my_robot_controller.egg-info/top_level.txt
reading manifest file '../../build/my_robot_controller/my_robot_controller.egg-info/SOURCES.txt'
writing manifest file '../../build/my_robot_controller/my_robot_controller.egg-info/SOURCES.txt'
running build
running build_py
copying my_robot_controller/draw.py -> /home/bridgetw/cooking_robot/build/my_robot_controller/build/lib/my_robot_controller
copying my_robot_controller/controller.py -> /home/bridgetw/cooking_robot/build/my_robot_controller/build/lib/my_robot_controller
copying my_robot_controller/pose_subscriber.py -> /home/bridgetw/cooking_robot/build/my_robot_controller/build/lib/my_robot_controller
copying my_robot_controller/first_node.py -> /home/bridgetw/cooking_robot/build/my_robot_controller/build/lib/my_robot_controller
running install
running install_lib
creating /home/bridgetw/cooking_robot/install/my_robot_controller/lib/python3.10/site-packages/my_robot_controller
copying /home/bridgetw/cooking_robot/build/my_robot_controller/build/lib/my_robot_controller/draw.py -> /home/bridgetw/cooking_robot/install/my_robot_controller/lib/python3.10/site-packages/my_robot_controller
copying /home/bridgetw/cooking_robot/build/my_robot_controller/build/lib/my_robot_controller/controller.py -> /home/bridgetw/cooking_robot/install/my_robot_controller/lib/python3.10/site-packages/my_robot_controller
copying /home/bridgetw/cooking_robot/build/my_robot_controller/build/lib/my_robot_controller/__init__.py -> /home/bridgetw/cooking_robot/install/my_robot_controller/lib/python3.10/site-packages/my_robot_controller
copying /home/bridgetw/cooking_robot/build/my_robot_controller/build/lib/my_robot_controller/pose_subscriber.py -> /home/bridgetw/cooking_robot/install/my_robot_controller/lib/python3.10/site-packages/my_robot_controller
copying /home/bridgetw/cooking_robot/build/my_robot_controller/build/lib/my_robot_controller/first_node.py -> /home/bridgetw/cooking_robot/install/my_robot_controller/lib/python3.10/site-packages/my_robot_controller
byte-compiling /home/bridgetw/cooking_robot/install/my_robot_controller/lib/python3.10/site-packages/my_robot_controller/draw.py to draw.cpython-310.pyc
byte-compiling /home/bridgetw/cooking_robot/install/my_robot_controller/lib/python3.10/site-packages/my_robot_controller/controller.py to controller.cpython-310.pyc
byte-compiling /home/bridgetw/cooking_robot/install/my_robot_controller/lib/python3.10/site-packages/my_robot_controller/__init__.py to __init__.cpython-310.pyc
byte-compiling /home/bridgetw/cooking_robot/install/my_robot_controller/lib/python3.10/site-packages/my_robot_controller/pose_subscriber.py to pose_subscriber.cpython-310.pyc
byte-compiling /home/bridgetw/cooking_robot/install/my_robot_controller/lib/python3.10/site-packages/my_robot_controller/first_node.py to first_node.cpython-310.pyc
running install_data
copying resource/my_robot_controller -> /home/bridgetw/cooking_robot/install/my_robot_controller/share/ament_index/resource_index/packages
copying package.xml -> /home/bridgetw/cooking_robot/install/my_robot_controller/share/my_robot_controller
running install_egg_info
Copying ../../build/my_robot_controller/my_robot_controller.egg-info to /home/bridgetw/cooking_robot/install/my_robot_controller/lib/python3.10/site-packages/my_robot_controller-0.0.0-py3.10.egg-info
running install_scripts
Installing controller script to /home/bridgetw/cooking_robot/install/my_robot_controller/lib/my_robot_controller
Installing draw script to /home/bridgetw/cooking_robot/install/my_robot_controller/lib/my_robot_controller
Installing node script to /home/bridgetw/cooking_robot/install/my_robot_controller/lib/my_robot_controller
Installing pose script to /home/bridgetw/cooking_robot/install/my_robot_controller/lib/my_robot_controller
writing list of installed files to '/home/bridgetw/cooking_robot/build/my_robot_controller/install.log'
