[1.079s] DEBUG:colcon:Command line arguments: ['/usr/bin/colcon', 'build']
[1.079s] DEBUG:colcon:Parsed command line arguments: Namespace(log_base=None, log_level=None, verb_name='build', build_base='build', install_base='install', merge_install=False, symlink_install=False, test_result_base=None, continue_on_error=False, executor='parallel', parallel_workers=8, event_handlers=None, ignore_user_meta=False, metas=['./colcon.meta'], base_paths=['.'], packages_ignore=None, packages_ignore_regex=None, paths=None, packages_up_to=None, packages_up_to_regex=None, packages_above=None, packages_above_and_dependencies=None, packages_above_depth=None, packages_select_by_dep=None, packages_skip_by_dep=None, packages_skip_up_to=None, packages_select_build_failed=False, packages_skip_build_finished=False, packages_select_test_failures=False, packages_skip_test_passed=False, packages_select=None, packages_skip=None, packages_select_regex=None, packages_skip_regex=None, packages_start=None, packages_end=None, allow_overriding=[], cmake_args=None, cmake_target=None, cmake_target_skip_unavailable=False, cmake_clean_cache=False, cmake_clean_first=False, cmake_force_configure=False, ament_cmake_args=None, catkin_cmake_args=None, catkin_skip_building_tests=False, mixin_files=None, mixin=None, verb_parser=<colcon_mixin.mixin.mixin_argument.MixinArgumentDecorator object at 0x7f4b8a73a050>, verb_extension=<colcon_core.verb.build.BuildVerb object at 0x7f4b8a7395d0>, main=<bound method BuildVerb.main of <colcon_core.verb.build.BuildVerb object at 0x7f4b8a7395d0>>, mixin_verb=('build',))
[1.717s] Level 1:colcon.colcon_core.package_discovery:discover_packages(colcon_meta) check parameters
[1.717s] Level 1:colcon.colcon_core.package_discovery:discover_packages(recursive) check parameters
[1.717s] Level 1:colcon.colcon_core.package_discovery:discover_packages(ignore) check parameters
[1.717s] Level 1:colcon.colcon_core.package_discovery:discover_packages(path) check parameters
[1.717s] Level 1:colcon.colcon_core.package_discovery:discover_packages(colcon_meta) discover
[1.717s] Level 1:colcon.colcon_core.package_discovery:discover_packages(recursive) discover
[1.717s] INFO:colcon.colcon_core.package_discovery:Crawling recursively for packages in '/home/bridgetw/cooking_robot'
[1.717s] Level 1:colcon.colcon_core.package_identification:_identify(.) by extensions ['ignore', 'ignore_ament_install']
[1.717s] Level 1:colcon.colcon_core.package_identification:_identify(.) by extension 'ignore'
[1.717s] Level 1:colcon.colcon_core.package_identification:_identify(.) by extension 'ignore_ament_install'
[1.717s] Level 1:colcon.colcon_core.package_identification:_identify(.) by extensions ['colcon_pkg']
[1.717s] Level 1:colcon.colcon_core.package_identification:_identify(.) by extension 'colcon_pkg'
[1.717s] Level 1:colcon.colcon_core.package_identification:_identify(.) by extensions ['colcon_meta']
[1.718s] Level 1:colcon.colcon_core.package_identification:_identify(.) by extension 'colcon_meta'
[1.718s] Level 1:colcon.colcon_core.package_identification:_identify(.) by extensions ['ros']
[1.718s] Level 1:colcon.colcon_core.package_identification:_identify(.) by extension 'ros'
[1.742s] Level 1:colcon.colcon_core.package_identification:_identify(.) by extensions ['cmake', 'python']
[1.743s] Level 1:colcon.colcon_core.package_identification:_identify(.) by extension 'cmake'
[1.743s] Level 1:colcon.colcon_core.package_identification:_identify(.) by extension 'python'
[1.743s] Level 1:colcon.colcon_core.package_identification:_identify(.) by extensions ['python_setup_py']
[1.743s] Level 1:colcon.colcon_core.package_identification:_identify(.) by extension 'python_setup_py'
[1.744s] Level 1:colcon.colcon_core.package_identification:_identify(build) by extensions ['ignore', 'ignore_ament_install']
[1.744s] Level 1:colcon.colcon_core.package_identification:_identify(build) by extension 'ignore'
[1.744s] Level 1:colcon.colcon_core.package_identification:_identify(build) ignored
[1.744s] Level 1:colcon.colcon_core.package_identification:_identify(install) by extensions ['ignore', 'ignore_ament_install']
[1.745s] Level 1:colcon.colcon_core.package_identification:_identify(install) by extension 'ignore'
[1.745s] Level 1:colcon.colcon_core.package_identification:_identify(install) ignored
[1.745s] Level 1:colcon.colcon_core.package_identification:_identify(log) by extensions ['ignore', 'ignore_ament_install']
[1.745s] Level 1:colcon.colcon_core.package_identification:_identify(log) by extension 'ignore'
[1.745s] Level 1:colcon.colcon_core.package_identification:_identify(log) ignored
[1.746s] Level 1:colcon.colcon_core.package_identification:_identify(src) by extensions ['ignore', 'ignore_ament_install']
[1.746s] Level 1:colcon.colcon_core.package_identification:_identify(src) by extension 'ignore'
[1.747s] Level 1:colcon.colcon_core.package_identification:_identify(src) by extension 'ignore_ament_install'
[1.747s] Level 1:colcon.colcon_core.package_identification:_identify(src) by extensions ['colcon_pkg']
[1.747s] Level 1:colcon.colcon_core.package_identification:_identify(src) by extension 'colcon_pkg'
[1.747s] Level 1:colcon.colcon_core.package_identification:_identify(src) by extensions ['colcon_meta']
[1.747s] Level 1:colcon.colcon_core.package_identification:_identify(src) by extension 'colcon_meta'
[1.747s] Level 1:colcon.colcon_core.package_identification:_identify(src) by extensions ['ros']
[1.747s] Level 1:colcon.colcon_core.package_identification:_identify(src) by extension 'ros'
[1.748s] Level 1:colcon.colcon_core.package_identification:_identify(src) by extensions ['cmake', 'python']
[1.748s] Level 1:colcon.colcon_core.package_identification:_identify(src) by extension 'cmake'
[1.748s] Level 1:colcon.colcon_core.package_identification:_identify(src) by extension 'python'
[1.748s] Level 1:colcon.colcon_core.package_identification:_identify(src) by extensions ['python_setup_py']
[1.748s] Level 1:colcon.colcon_core.package_identification:_identify(src) by extension 'python_setup_py'
[1.749s] Level 1:colcon.colcon_core.package_identification:_identify(src/Universal_Robots_ROS2_Description) by extensions ['ignore', 'ignore_ament_install']
[1.749s] Level 1:colcon.colcon_core.package_identification:_identify(src/Universal_Robots_ROS2_Description) by extension 'ignore'
[1.749s] Level 1:colcon.colcon_core.package_identification:_identify(src/Universal_Robots_ROS2_Description) by extension 'ignore_ament_install'
[1.749s] Level 1:colcon.colcon_core.package_identification:_identify(src/Universal_Robots_ROS2_Description) by extensions ['colcon_pkg']
[1.749s] Level 1:colcon.colcon_core.package_identification:_identify(src/Universal_Robots_ROS2_Description) by extension 'colcon_pkg'
[1.749s] Level 1:colcon.colcon_core.package_identification:_identify(src/Universal_Robots_ROS2_Description) by extensions ['colcon_meta']
[1.749s] Level 1:colcon.colcon_core.package_identification:_identify(src/Universal_Robots_ROS2_Description) by extension 'colcon_meta'
[1.750s] Level 1:colcon.colcon_core.package_identification:_identify(src/Universal_Robots_ROS2_Description) by extensions ['ros']
[1.750s] Level 1:colcon.colcon_core.package_identification:_identify(src/Universal_Robots_ROS2_Description) by extension 'ros'
[1.757s] DEBUG:colcon.colcon_core.package_identification:Package 'src/Universal_Robots_ROS2_Description' with type 'ros.ament_cmake' and name 'ur_description'
[1.757s] Level 1:colcon.colcon_core.package_identification:_identify(src/gazebo_plugins) by extensions ['ignore', 'ignore_ament_install']
[1.758s] Level 1:colcon.colcon_core.package_identification:_identify(src/gazebo_plugins) by extension 'ignore'
[1.758s] Level 1:colcon.colcon_core.package_identification:_identify(src/gazebo_plugins) by extension 'ignore_ament_install'
[1.758s] Level 1:colcon.colcon_core.package_identification:_identify(src/gazebo_plugins) by extensions ['colcon_pkg']
[1.758s] Level 1:colcon.colcon_core.package_identification:_identify(src/gazebo_plugins) by extension 'colcon_pkg'
[1.758s] Level 1:colcon.colcon_core.package_identification:_identify(src/gazebo_plugins) by extensions ['colcon_meta']
[1.758s] Level 1:colcon.colcon_core.package_identification:_identify(src/gazebo_plugins) by extension 'colcon_meta'
[1.758s] Level 1:colcon.colcon_core.package_identification:_identify(src/gazebo_plugins) by extensions ['ros']
[1.758s] Level 1:colcon.colcon_core.package_identification:_identify(src/gazebo_plugins) by extension 'ros'
[1.758s] Level 1:colcon.colcon_core.package_identification:_identify(src/gazebo_plugins) by extensions ['cmake', 'python']
[1.758s] Level 1:colcon.colcon_core.package_identification:_identify(src/gazebo_plugins) by extension 'cmake'
[1.758s] Level 1:colcon.colcon_core.package_identification:_identify(src/gazebo_plugins) by extension 'python'
[1.758s] Level 1:colcon.colcon_core.package_identification:_identify(src/gazebo_plugins) by extensions ['python_setup_py']
[1.758s] Level 1:colcon.colcon_core.package_identification:_identify(src/gazebo_plugins) by extension 'python_setup_py'
[1.759s] Level 1:colcon.colcon_core.package_identification:_identify(src/gazebo_plugins/kitchen) by extensions ['ignore', 'ignore_ament_install']
[1.759s] Level 1:colcon.colcon_core.package_identification:_identify(src/gazebo_plugins/kitchen) by extension 'ignore'
[1.759s] Level 1:colcon.colcon_core.package_identification:_identify(src/gazebo_plugins/kitchen) by extension 'ignore_ament_install'
[1.759s] Level 1:colcon.colcon_core.package_identification:_identify(src/gazebo_plugins/kitchen) by extensions ['colcon_pkg']
[1.760s] Level 1:colcon.colcon_core.package_identification:_identify(src/gazebo_plugins/kitchen) by extension 'colcon_pkg'
[1.760s] Level 1:colcon.colcon_core.package_identification:_identify(src/gazebo_plugins/kitchen) by extensions ['colcon_meta']
[1.760s] Level 1:colcon.colcon_core.package_identification:_identify(src/gazebo_plugins/kitchen) by extension 'colcon_meta'
[1.760s] Level 1:colcon.colcon_core.package_identification:_identify(src/gazebo_plugins/kitchen) by extensions ['ros']
[1.760s] Level 1:colcon.colcon_core.package_identification:_identify(src/gazebo_plugins/kitchen) by extension 'ros'
[1.760s] Level 1:colcon.colcon_core.package_identification:_identify(src/gazebo_plugins/kitchen) by extensions ['cmake', 'python']
[1.760s] Level 1:colcon.colcon_core.package_identification:_identify(src/gazebo_plugins/kitchen) by extension 'cmake'
[1.760s] Level 1:colcon.colcon_core.package_identification:_identify(src/gazebo_plugins/kitchen) by extension 'python'
[1.760s] Level 1:colcon.colcon_core.package_identification:_identify(src/gazebo_plugins/kitchen) by extensions ['python_setup_py']
[1.760s] Level 1:colcon.colcon_core.package_identification:_identify(src/gazebo_plugins/kitchen) by extension 'python_setup_py'
[1.761s] Level 1:colcon.colcon_core.package_identification:_identify(src/gazebo_plugins/kitchen/materials) by extensions ['ignore', 'ignore_ament_install']
[1.761s] Level 1:colcon.colcon_core.package_identification:_identify(src/gazebo_plugins/kitchen/materials) by extension 'ignore'
[1.762s] Level 1:colcon.colcon_core.package_identification:_identify(src/gazebo_plugins/kitchen/materials) by extension 'ignore_ament_install'
[1.762s] Level 1:colcon.colcon_core.package_identification:_identify(src/gazebo_plugins/kitchen/materials) by extensions ['colcon_pkg']
[1.762s] Level 1:colcon.colcon_core.package_identification:_identify(src/gazebo_plugins/kitchen/materials) by extension 'colcon_pkg'
[1.762s] Level 1:colcon.colcon_core.package_identification:_identify(src/gazebo_plugins/kitchen/materials) by extensions ['colcon_meta']
[1.762s] Level 1:colcon.colcon_core.package_identification:_identify(src/gazebo_plugins/kitchen/materials) by extension 'colcon_meta'
[1.762s] Level 1:colcon.colcon_core.package_identification:_identify(src/gazebo_plugins/kitchen/materials) by extensions ['ros']
[1.762s] Level 1:colcon.colcon_core.package_identification:_identify(src/gazebo_plugins/kitchen/materials) by extension 'ros'
[1.762s] Level 1:colcon.colcon_core.package_identification:_identify(src/gazebo_plugins/kitchen/materials) by extensions ['cmake', 'python']
[1.762s] Level 1:colcon.colcon_core.package_identification:_identify(src/gazebo_plugins/kitchen/materials) by extension 'cmake'
[1.762s] Level 1:colcon.colcon_core.package_identification:_identify(src/gazebo_plugins/kitchen/materials) by extension 'python'
[1.762s] Level 1:colcon.colcon_core.package_identification:_identify(src/gazebo_plugins/kitchen/materials) by extensions ['python_setup_py']
[1.762s] Level 1:colcon.colcon_core.package_identification:_identify(src/gazebo_plugins/kitchen/materials) by extension 'python_setup_py'
[1.764s] Level 1:colcon.colcon_core.package_identification:_identify(src/gazebo_plugins/kitchen/materials/textures) by extensions ['ignore', 'ignore_ament_install']
[1.764s] Level 1:colcon.colcon_core.package_identification:_identify(src/gazebo_plugins/kitchen/materials/textures) by extension 'ignore'
[1.764s] Level 1:colcon.colcon_core.package_identification:_identify(src/gazebo_plugins/kitchen/materials/textures) by extension 'ignore_ament_install'
[1.764s] Level 1:colcon.colcon_core.package_identification:_identify(src/gazebo_plugins/kitchen/materials/textures) by extensions ['colcon_pkg']
[1.764s] Level 1:colcon.colcon_core.package_identification:_identify(src/gazebo_plugins/kitchen/materials/textures) by extension 'colcon_pkg'
[1.764s] Level 1:colcon.colcon_core.package_identification:_identify(src/gazebo_plugins/kitchen/materials/textures) by extensions ['colcon_meta']
[1.764s] Level 1:colcon.colcon_core.package_identification:_identify(src/gazebo_plugins/kitchen/materials/textures) by extension 'colcon_meta'
[1.764s] Level 1:colcon.colcon_core.package_identification:_identify(src/gazebo_plugins/kitchen/materials/textures) by extensions ['ros']
[1.765s] Level 1:colcon.colcon_core.package_identification:_identify(src/gazebo_plugins/kitchen/materials/textures) by extension 'ros'
[1.765s] Level 1:colcon.colcon_core.package_identification:_identify(src/gazebo_plugins/kitchen/materials/textures) by extensions ['cmake', 'python']
[1.765s] Level 1:colcon.colcon_core.package_identification:_identify(src/gazebo_plugins/kitchen/materials/textures) by extension 'cmake'
[1.765s] Level 1:colcon.colcon_core.package_identification:_identify(src/gazebo_plugins/kitchen/materials/textures) by extension 'python'
[1.765s] Level 1:colcon.colcon_core.package_identification:_identify(src/gazebo_plugins/kitchen/materials/textures) by extensions ['python_setup_py']
[1.765s] Level 1:colcon.colcon_core.package_identification:_identify(src/gazebo_plugins/kitchen/materials/textures) by extension 'python_setup_py'
[1.766s] Level 1:colcon.colcon_core.package_identification:_identify(src/gazebo_plugins/kitchen/meshes) by extensions ['ignore', 'ignore_ament_install']
[1.766s] Level 1:colcon.colcon_core.package_identification:_identify(src/gazebo_plugins/kitchen/meshes) by extension 'ignore'
[1.766s] Level 1:colcon.colcon_core.package_identification:_identify(src/gazebo_plugins/kitchen/meshes) by extension 'ignore_ament_install'
[1.766s] Level 1:colcon.colcon_core.package_identification:_identify(src/gazebo_plugins/kitchen/meshes) by extensions ['colcon_pkg']
[1.766s] Level 1:colcon.colcon_core.package_identification:_identify(src/gazebo_plugins/kitchen/meshes) by extension 'colcon_pkg'
[1.766s] Level 1:colcon.colcon_core.package_identification:_identify(src/gazebo_plugins/kitchen/meshes) by extensions ['colcon_meta']
[1.766s] Level 1:colcon.colcon_core.package_identification:_identify(src/gazebo_plugins/kitchen/meshes) by extension 'colcon_meta'
[1.766s] Level 1:colcon.colcon_core.package_identification:_identify(src/gazebo_plugins/kitchen/meshes) by extensions ['ros']
[1.766s] Level 1:colcon.colcon_core.package_identification:_identify(src/gazebo_plugins/kitchen/meshes) by extension 'ros'
[1.767s] Level 1:colcon.colcon_core.package_identification:_identify(src/gazebo_plugins/kitchen/meshes) by extensions ['cmake', 'python']
[1.767s] Level 1:colcon.colcon_core.package_identification:_identify(src/gazebo_plugins/kitchen/meshes) by extension 'cmake'
[1.767s] Level 1:colcon.colcon_core.package_identification:_identify(src/gazebo_plugins/kitchen/meshes) by extension 'python'
[1.767s] Level 1:colcon.colcon_core.package_identification:_identify(src/gazebo_plugins/kitchen/meshes) by extensions ['python_setup_py']
[1.767s] Level 1:colcon.colcon_core.package_identification:_identify(src/gazebo_plugins/kitchen/meshes) by extension 'python_setup_py'
[1.768s] Level 1:colcon.colcon_core.package_identification:_identify(src/robot_control) by extensions ['ignore', 'ignore_ament_install']
[1.768s] Level 1:colcon.colcon_core.package_identification:_identify(src/robot_control) by extension 'ignore'
[1.768s] Level 1:colcon.colcon_core.package_identification:_identify(src/robot_control) by extension 'ignore_ament_install'
[1.769s] Level 1:colcon.colcon_core.package_identification:_identify(src/robot_control) by extensions ['colcon_pkg']
[1.769s] Level 1:colcon.colcon_core.package_identification:_identify(src/robot_control) by extension 'colcon_pkg'
[1.769s] Level 1:colcon.colcon_core.package_identification:_identify(src/robot_control) by extensions ['colcon_meta']
[1.769s] Level 1:colcon.colcon_core.package_identification:_identify(src/robot_control) by extension 'colcon_meta'
[1.769s] Level 1:colcon.colcon_core.package_identification:_identify(src/robot_control) by extensions ['ros']
[1.769s] Level 1:colcon.colcon_core.package_identification:_identify(src/robot_control) by extension 'ros'
[1.769s] Level 1:colcon.colcon_core.package_identification:_identify(src/robot_control) by extensions ['cmake', 'python']
[1.769s] Level 1:colcon.colcon_core.package_identification:_identify(src/robot_control) by extension 'cmake'
[1.769s] Level 1:colcon.colcon_core.package_identification:_identify(src/robot_control) by extension 'python'
[1.769s] Level 1:colcon.colcon_core.package_identification:_identify(src/robot_control) by extensions ['python_setup_py']
[1.769s] Level 1:colcon.colcon_core.package_identification:_identify(src/robot_control) by extension 'python_setup_py'
[1.769s] Level 1:colcon.colcon_core.package_discovery:discover_packages(recursive) using defaults
[1.769s] Level 1:colcon.colcon_core.package_discovery:discover_packages(ignore) discover
[1.769s] Level 1:colcon.colcon_core.package_discovery:discover_packages(ignore) using defaults
[1.769s] Level 1:colcon.colcon_core.package_discovery:discover_packages(path) discover
[1.769s] Level 1:colcon.colcon_core.package_discovery:discover_packages(path) using defaults
[1.844s] Level 1:colcon.colcon_core.package_discovery:discover_packages(prefix_path) check parameters
[1.844s] Level 1:colcon.colcon_core.package_discovery:discover_packages(prefix_path) discover
[1.852s] DEBUG:colcon.colcon_installed_package_information.package_discovery:Found 1 installed packages in /home/bridgetw/cooking_robot/install
[1.854s] DEBUG:colcon.colcon_installed_package_information.package_discovery:Found 370 installed packages in /opt/ros/humble
[1.875s] Level 1:colcon.colcon_core.package_discovery:discover_packages(prefix_path) using defaults
[1.942s] WARNING:colcon.colcon_core.package_selection:Some selected packages are already built in one or more underlay workspaces:
	'ur_description' is in: /home/bridgetw/cooking_robot/install/ur_description, /opt/ros/humble
If a package in a merged underlay workspace is overridden and it installs headers, then all packages in the overlay must sort their include directories by workspace order. Failure to do so may result in build failures or undefined behavior at run time.
If the overridden package is used by another package in any underlay, then the overriding package in the overlay must be API and ABI compatible or undefined behavior at run time may occur.

If you understand the risks and want to override a package anyways, add the following to the command line:
	--allow-overriding ur_description

This may be promoted to an error in a future release of colcon-override-check.
[1.943s] Level 5:colcon.colcon_core.verb:set package 'ur_description' build argument 'cmake_args' from command line to 'None'
[1.944s] Level 5:colcon.colcon_core.verb:set package 'ur_description' build argument 'cmake_target' from command line to 'None'
[1.944s] Level 5:colcon.colcon_core.verb:set package 'ur_description' build argument 'cmake_target_skip_unavailable' from command line to 'False'
[1.944s] Level 5:colcon.colcon_core.verb:set package 'ur_description' build argument 'cmake_clean_cache' from command line to 'False'
[1.944s] Level 5:colcon.colcon_core.verb:set package 'ur_description' build argument 'cmake_clean_first' from command line to 'False'
[1.944s] Level 5:colcon.colcon_core.verb:set package 'ur_description' build argument 'cmake_force_configure' from command line to 'False'
[1.944s] Level 5:colcon.colcon_core.verb:set package 'ur_description' build argument 'ament_cmake_args' from command line to 'None'
[1.944s] Level 5:colcon.colcon_core.verb:set package 'ur_description' build argument 'catkin_cmake_args' from command line to 'None'
[1.944s] Level 5:colcon.colcon_core.verb:set package 'ur_description' build argument 'catkin_skip_building_tests' from command line to 'False'
[1.944s] DEBUG:colcon.colcon_core.verb:Building package 'ur_description' with the following arguments: {'ament_cmake_args': None, 'build_base': '/home/bridgetw/cooking_robot/build/ur_description', 'catkin_cmake_args': None, 'catkin_skip_building_tests': False, 'cmake_args': None, 'cmake_clean_cache': False, 'cmake_clean_first': False, 'cmake_force_configure': False, 'cmake_target': None, 'cmake_target_skip_unavailable': False, 'install_base': '/home/bridgetw/cooking_robot/install/ur_description', 'merge_install': False, 'path': '/home/bridgetw/cooking_robot/src/Universal_Robots_ROS2_Description', 'symlink_install': False, 'test_result_base': None}
[1.944s] INFO:colcon.colcon_core.executor:Executing jobs using 'parallel' executor
[1.946s] DEBUG:colcon.colcon_parallel_executor.executor.parallel:run_until_complete
[1.947s] INFO:colcon.colcon_ros.task.ament_cmake.build:Building ROS package in '/home/bridgetw/cooking_robot/src/Universal_Robots_ROS2_Description' with build type 'ament_cmake'
[1.948s] INFO:colcon.colcon_cmake.task.cmake.build:Building CMake package in '/home/bridgetw/cooking_robot/src/Universal_Robots_ROS2_Description'
[1.965s] INFO:colcon.colcon_core.plugin_system:Skipping extension 'colcon_core.shell.bat': Not used on non-Windows systems
[1.966s] INFO:colcon.colcon_core.shell:Skip shell extension 'powershell' for command environment: Not usable outside of PowerShell
[1.966s] DEBUG:colcon.colcon_core.shell:Skip shell extension 'dsv' for command environment
[1.988s] DEBUG:colcon.colcon_core.event_handler.log_command:Invoking command in '/home/bridgetw/cooking_robot/build/ur_description': CMAKE_PREFIX_PATH=${CMAKE_PREFIX_PATH}:/opt/ros/humble /usr/bin/cmake --build /home/bridgetw/cooking_robot/build/ur_description -- -j8 -l8
[2.193s] DEBUG:colcon.colcon_core.event_handler.log_command:Invoked command in '/home/bridgetw/cooking_robot/build/ur_description' returned '0': CMAKE_PREFIX_PATH=${CMAKE_PREFIX_PATH}:/opt/ros/humble /usr/bin/cmake --build /home/bridgetw/cooking_robot/build/ur_description -- -j8 -l8
[2.247s] DEBUG:colcon.colcon_core.event_handler.log_command:Invoking command in '/home/bridgetw/cooking_robot/build/ur_description': CMAKE_PREFIX_PATH=${CMAKE_PREFIX_PATH}:/opt/ros/humble /usr/bin/cmake --install /home/bridgetw/cooking_robot/build/ur_description
[2.342s] Level 1:colcon.colcon_core.environment:create_environment_scripts_only(ur_description)
[2.342s] DEBUG:colcon.colcon_core.event_handler.log_command:Invoked command in '/home/bridgetw/cooking_robot/build/ur_description' returned '0': CMAKE_PREFIX_PATH=${CMAKE_PREFIX_PATH}:/opt/ros/humble /usr/bin/cmake --install /home/bridgetw/cooking_robot/build/ur_description
[2.359s] Level 1:colcon.colcon_core.environment:checking '/home/bridgetw/cooking_robot/install/ur_description' for CMake module files
[2.361s] Level 1:colcon.colcon_core.environment:checking '/home/bridgetw/cooking_robot/install/ur_description' for CMake config files
[2.363s] Level 1:colcon.colcon_core.shell:create_environment_hook('ur_description', 'cmake_prefix_path')
[2.364s] INFO:colcon.colcon_core.shell:Creating environment hook '/home/bridgetw/cooking_robot/install/ur_description/share/ur_description/hook/cmake_prefix_path.ps1'
[2.368s] INFO:colcon.colcon_core.shell:Creating environment descriptor '/home/bridgetw/cooking_robot/install/ur_description/share/ur_description/hook/cmake_prefix_path.dsv'
[2.370s] INFO:colcon.colcon_core.shell:Creating environment hook '/home/bridgetw/cooking_robot/install/ur_description/share/ur_description/hook/cmake_prefix_path.sh'
[2.373s] Level 1:colcon.colcon_core.environment:checking '/home/bridgetw/cooking_robot/install/ur_description/bin'
[2.373s] Level 1:colcon.colcon_core.environment:checking '/home/bridgetw/cooking_robot/install/ur_description/lib/pkgconfig/ur_description.pc'
[2.373s] Level 1:colcon.colcon_core.environment:checking '/home/bridgetw/cooking_robot/install/ur_description/lib/python3.10/site-packages'
[2.374s] Level 1:colcon.colcon_core.environment:checking '/home/bridgetw/cooking_robot/install/ur_description/bin'
[2.374s] INFO:colcon.colcon_core.shell:Creating package script '/home/bridgetw/cooking_robot/install/ur_description/share/ur_description/package.ps1'
[2.378s] INFO:colcon.colcon_core.shell:Creating package descriptor '/home/bridgetw/cooking_robot/install/ur_description/share/ur_description/package.dsv'
[2.381s] INFO:colcon.colcon_core.shell:Creating package script '/home/bridgetw/cooking_robot/install/ur_description/share/ur_description/package.sh'
[2.384s] INFO:colcon.colcon_core.shell:Creating package script '/home/bridgetw/cooking_robot/install/ur_description/share/ur_description/package.bash'
[2.387s] INFO:colcon.colcon_core.shell:Creating package script '/home/bridgetw/cooking_robot/install/ur_description/share/ur_description/package.zsh'
[2.390s] Level 1:colcon.colcon_core.environment:create_file_with_runtime_dependencies(/home/bridgetw/cooking_robot/install/ur_description/share/colcon-core/packages/ur_description)
[2.429s] Level 1:colcon.colcon_core.environment:create_environment_scripts_only(ur_description)
[2.430s] Level 1:colcon.colcon_core.environment:checking '/home/bridgetw/cooking_robot/install/ur_description' for CMake module files
[2.431s] Level 1:colcon.colcon_core.environment:checking '/home/bridgetw/cooking_robot/install/ur_description' for CMake config files
[2.432s] Level 1:colcon.colcon_core.shell:create_environment_hook('ur_description', 'cmake_prefix_path')
[2.433s] INFO:colcon.colcon_core.shell:Creating environment hook '/home/bridgetw/cooking_robot/install/ur_description/share/ur_description/hook/cmake_prefix_path.ps1'
[2.433s] INFO:colcon.colcon_core.shell:Creating environment descriptor '/home/bridgetw/cooking_robot/install/ur_description/share/ur_description/hook/cmake_prefix_path.dsv'
[2.433s] INFO:colcon.colcon_core.shell:Creating environment hook '/home/bridgetw/cooking_robot/install/ur_description/share/ur_description/hook/cmake_prefix_path.sh'
[2.434s] Level 1:colcon.colcon_core.environment:checking '/home/bridgetw/cooking_robot/install/ur_description/bin'
[2.434s] Level 1:colcon.colcon_core.environment:checking '/home/bridgetw/cooking_robot/install/ur_description/lib/pkgconfig/ur_description.pc'
[2.434s] Level 1:colcon.colcon_core.environment:checking '/home/bridgetw/cooking_robot/install/ur_description/lib/python3.10/site-packages'
[2.435s] Level 1:colcon.colcon_core.environment:checking '/home/bridgetw/cooking_robot/install/ur_description/bin'
[2.435s] INFO:colcon.colcon_core.shell:Creating package script '/home/bridgetw/cooking_robot/install/ur_description/share/ur_description/package.ps1'
[2.436s] INFO:colcon.colcon_core.shell:Creating package descriptor '/home/bridgetw/cooking_robot/install/ur_description/share/ur_description/package.dsv'
[2.436s] INFO:colcon.colcon_core.shell:Creating package script '/home/bridgetw/cooking_robot/install/ur_description/share/ur_description/package.sh'
[2.437s] INFO:colcon.colcon_core.shell:Creating package script '/home/bridgetw/cooking_robot/install/ur_description/share/ur_description/package.bash'
[2.437s] INFO:colcon.colcon_core.shell:Creating package script '/home/bridgetw/cooking_robot/install/ur_description/share/ur_description/package.zsh'
[2.438s] Level 1:colcon.colcon_core.environment:create_file_with_runtime_dependencies(/home/bridgetw/cooking_robot/install/ur_description/share/colcon-core/packages/ur_description)
[2.439s] DEBUG:colcon.colcon_parallel_executor.executor.parallel:closing loop
[2.439s] DEBUG:colcon.colcon_parallel_executor.executor.parallel:loop closed
[2.439s] DEBUG:colcon.colcon_parallel_executor.executor.parallel:run_until_complete finished with '0'
[2.439s] DEBUG:colcon.colcon_core.event_reactor:joining thread
[2.614s] INFO:colcon.colcon_core.plugin_system:Skipping extension 'colcon_notification.desktop_notification.notify_send': Could not find 'notify-send'
[2.614s] INFO:colcon.colcon_core.plugin_system:Skipping extension 'colcon_notification.desktop_notification.terminal_notifier': Not used on non-Darwin systems
[2.614s] INFO:colcon.colcon_core.plugin_system:Skipping extension 'colcon_notification.desktop_notification.win32': Not used on non-Windows systems
[2.614s] INFO:colcon.colcon_notification.desktop_notification:Sending desktop notification using 'notify2'
[2.631s] DEBUG:colcon.colcon_notification.desktop_notification.notify2:Failed to initialize notify2: org.freedesktop.DBus.Error.ServiceUnknown: The name org.freedesktop.Notifications was not provided by any .service files
[2.632s] DEBUG:colcon.colcon_core.event_reactor:joined thread
[2.633s] INFO:colcon.colcon_core.shell:Creating prefix script '/home/bridgetw/cooking_robot/install/local_setup.ps1'
[2.635s] INFO:colcon.colcon_core.shell:Creating prefix util module '/home/bridgetw/cooking_robot/install/_local_setup_util_ps1.py'
[2.638s] INFO:colcon.colcon_core.shell:Creating prefix chain script '/home/bridgetw/cooking_robot/install/setup.ps1'
[2.640s] INFO:colcon.colcon_core.shell:Creating prefix script '/home/bridgetw/cooking_robot/install/local_setup.sh'
[2.642s] INFO:colcon.colcon_core.shell:Creating prefix util module '/home/bridgetw/cooking_robot/install/_local_setup_util_sh.py'
[2.643s] INFO:colcon.colcon_core.shell:Creating prefix chain script '/home/bridgetw/cooking_robot/install/setup.sh'
[2.646s] INFO:colcon.colcon_core.shell:Creating prefix script '/home/bridgetw/cooking_robot/install/local_setup.bash'
[2.650s] INFO:colcon.colcon_core.shell:Creating prefix chain script '/home/bridgetw/cooking_robot/install/setup.bash'
[2.652s] INFO:colcon.colcon_core.shell:Creating prefix script '/home/bridgetw/cooking_robot/install/local_setup.zsh'
[2.653s] INFO:colcon.colcon_core.shell:Creating prefix chain script '/home/bridgetw/cooking_robot/install/setup.zsh'
