[0.301s] Invoking command in '/home/bridgetw/cooking_robot/build/ur_description': CMAKE_PREFIX_PATH=${CMAKE_PREFIX_PATH}:/home/bridgetw/cooking_robot/install/my_robot_controller:/opt/ros/humble /usr/bin/cmake /home/bridgetw/cooking_robot/src/Universal_Robots_ROS2_Description -DCMAKE_INSTALL_PREFIX=/home/bridgetw/cooking_robot/install/ur_description
[0.313s] -- Found ament_cmake: 1.3.9 (/opt/ros/humble/share/ament_cmake/cmake)
[0.460s] -- Override CMake install command with custom implementation using symlinks instead of copying resources
[0.471s] -- Found ament_cmake_pytest: 1.3.9 (/opt/ros/humble/share/ament_cmake_pytest/cmake)
[1.335s] -- Configuring done
[1.342s] -- Generating done
[1.343s] -- Build files have been written to: /home/bridgetw/cooking_robot/build/ur_description
[1.346s] Invoked command in '/home/bridgetw/cooking_robot/build/ur_description' returned '0': CMAKE_PREFIX_PATH=${CMAKE_PREFIX_PATH}:/home/bridgetw/cooking_robot/install/my_robot_controller:/opt/ros/humble /usr/bin/cmake /home/bridgetw/cooking_robot/src/Universal_Robots_ROS2_Description -DCMAKE_INSTALL_PREFIX=/home/bridgetw/cooking_robot/install/ur_description
[1.349s] Invoking command in '/home/bridgetw/cooking_robot/build/ur_description': CMAKE_PREFIX_PATH=${CMAKE_PREFIX_PATH}:/home/bridgetw/cooking_robot/install/my_robot_controller:/opt/ros/humble /usr/bin/cmake --build /home/bridgetw/cooking_robot/build/ur_description -- -j8 -l8
[1.388s] Invoked command in '/home/bridgetw/cooking_robot/build/ur_description' returned '0': CMAKE_PREFIX_PATH=${CMAKE_PREFIX_PATH}:/home/bridgetw/cooking_robot/install/my_robot_controller:/opt/ros/humble /usr/bin/cmake --build /home/bridgetw/cooking_robot/build/ur_description -- -j8 -l8
[1.422s] Invoking command in '/home/bridgetw/cooking_robot/build/ur_description': CMAKE_PREFIX_PATH=${CMAKE_PREFIX_PATH}:/home/bridgetw/cooking_robot/install/my_robot_controller:/opt/ros/humble /usr/bin/cmake --install /home/bridgetw/cooking_robot/build/ur_description
[1.428s] -- Install configuration: ""
[1.428s] -- Execute custom install script
[1.430s] -- Up-to-date symlink: /home/bridgetw/cooking_robot/install/ur_description/share/ur_description/config/initial_positions.yaml
[1.431s] -- Up-to-date symlink: /home/bridgetw/cooking_robot/install/ur_description/share/ur_description/config/ur10/default_kinematics.yaml
[1.431s] -- Up-to-date symlink: /home/bridgetw/cooking_robot/install/ur_description/share/ur_description/config/ur10/joint_limits.yaml
[1.432s] -- Up-to-date symlink: /home/bridgetw/cooking_robot/install/ur_description/share/ur_description/config/ur10/physical_parameters.yaml
[1.433s] -- Up-to-date symlink: /home/bridgetw/cooking_robot/install/ur_description/share/ur_description/config/ur10/visual_parameters.yaml
[1.433s] -- Up-to-date symlink: /home/bridgetw/cooking_robot/install/ur_description/share/ur_description/config/ur10e/default_kinematics.yaml
[1.434s] -- Up-to-date symlink: /home/bridgetw/cooking_robot/install/ur_description/share/ur_description/config/ur10e/joint_limits.yaml
[1.434s] -- Up-to-date symlink: /home/bridgetw/cooking_robot/install/ur_description/share/ur_description/config/ur10e/physical_parameters.yaml
[1.435s] -- Up-to-date symlink: /home/bridgetw/cooking_robot/install/ur_description/share/ur_description/config/ur10e/visual_parameters.yaml
[1.436s] -- Up-to-date symlink: /home/bridgetw/cooking_robot/install/ur_description/share/ur_description/config/ur16e/default_kinematics.yaml
[1.436s] -- Up-to-date symlink: /home/bridgetw/cooking_robot/install/ur_description/share/ur_description/config/ur16e/joint_limits.yaml
[1.437s] -- Up-to-date symlink: /home/bridgetw/cooking_robot/install/ur_description/share/ur_description/config/ur16e/physical_parameters.yaml
[1.437s] -- Up-to-date symlink: /home/bridgetw/cooking_robot/install/ur_description/share/ur_description/config/ur16e/visual_parameters.yaml
[1.438s] -- Up-to-date symlink: /home/bridgetw/cooking_robot/install/ur_description/share/ur_description/config/ur20/default_kinematics.yaml
[1.438s] -- Up-to-date symlink: /home/bridgetw/cooking_robot/install/ur_description/share/ur_description/config/ur20/joint_limits.yaml
[1.439s] -- Up-to-date symlink: /home/bridgetw/cooking_robot/install/ur_description/share/ur_description/config/ur20/physical_parameters.yaml
[1.440s] -- Up-to-date symlink: /home/bridgetw/cooking_robot/install/ur_description/share/ur_description/config/ur20/visual_parameters.yaml
[1.440s] -- Up-to-date symlink: /home/bridgetw/cooking_robot/install/ur_description/share/ur_description/config/ur3/default_kinematics.yaml
[1.441s] -- Up-to-date symlink: /home/bridgetw/cooking_robot/install/ur_description/share/ur_description/config/ur3/joint_limits.yaml
[1.441s] -- Up-to-date symlink: /home/bridgetw/cooking_robot/install/ur_description/share/ur_description/config/ur3/physical_parameters.yaml
[1.442s] -- Up-to-date symlink: /home/bridgetw/cooking_robot/install/ur_description/share/ur_description/config/ur3/visual_parameters.yaml
[1.442s] -- Up-to-date symlink: /home/bridgetw/cooking_robot/install/ur_description/share/ur_description/config/ur30/default_kinematics.yaml
[1.443s] -- Up-to-date symlink: /home/bridgetw/cooking_robot/install/ur_description/share/ur_description/config/ur30/joint_limits.yaml
[1.443s] -- Up-to-date symlink: /home/bridgetw/cooking_robot/install/ur_description/share/ur_description/config/ur30/physical_parameters.yaml
[1.444s] -- Up-to-date symlink: /home/bridgetw/cooking_robot/install/ur_description/share/ur_description/config/ur30/visual_parameters.yaml
[1.444s] -- Up-to-date symlink: /home/bridgetw/cooking_robot/install/ur_description/share/ur_description/config/ur3e/default_kinematics.yaml
[1.445s] -- Up-to-date symlink: /home/bridgetw/cooking_robot/install/ur_description/share/ur_description/config/ur3e/joint_limits.yaml
[1.446s] -- Up-to-date symlink: /home/bridgetw/cooking_robot/install/ur_description/share/ur_description/config/ur3e/physical_parameters.yaml
[1.446s] -- Up-to-date symlink: /home/bridgetw/cooking_robot/install/ur_description/share/ur_description/config/ur3e/visual_parameters.yaml
[1.447s] -- Up-to-date symlink: /home/bridgetw/cooking_robot/install/ur_description/share/ur_description/config/ur5/default_kinematics.yaml
[1.447s] -- Up-to-date symlink: /home/bridgetw/cooking_robot/install/ur_description/share/ur_description/config/ur5/joint_limits.yaml
[1.448s] -- Up-to-date symlink: /home/bridgetw/cooking_robot/install/ur_description/share/ur_description/config/ur5/physical_parameters.yaml
[1.448s] -- Up-to-date symlink: /home/bridgetw/cooking_robot/install/ur_description/share/ur_description/config/ur5/visual_parameters.yaml
[1.449s] -- Up-to-date symlink: /home/bridgetw/cooking_robot/install/ur_description/share/ur_description/config/ur5e/default_kinematics.yaml
[1.449s] -- Up-to-date symlink: /home/bridgetw/cooking_robot/install/ur_description/share/ur_description/config/ur5e/joint_limits.yaml
[1.450s] -- Up-to-date symlink: /home/bridgetw/cooking_robot/install/ur_description/share/ur_description/config/ur5e/physical_parameters.yaml
[1.450s] -- Up-to-date symlink: /home/bridgetw/cooking_robot/install/ur_description/share/ur_description/config/ur5e/visual_parameters.yaml
[1.451s] -- Up-to-date symlink: /home/bridgetw/cooking_robot/install/ur_description/share/ur_description/launch/__pycache__/view_ur.launch.cpython-310.pyc
[1.452s] -- Up-to-date symlink: /home/bridgetw/cooking_robot/install/ur_description/share/ur_description/launch/view_ur.launch.py
[1.454s] -- Up-to-date symlink: /home/bridgetw/cooking_robot/install/ur_description/share/ur_description/meshes/ur10/collision/base.stl
[1.454s] -- Up-to-date symlink: /home/bridgetw/cooking_robot/install/ur_description/share/ur_description/meshes/ur10/collision/forearm.stl
[1.455s] -- Up-to-date symlink: /home/bridgetw/cooking_robot/install/ur_description/share/ur_description/meshes/ur10/collision/shoulder.stl
[1.456s] -- Up-to-date symlink: /home/bridgetw/cooking_robot/install/ur_description/share/ur_description/meshes/ur10/collision/upperarm.stl
[1.456s] -- Up-to-date symlink: /home/bridgetw/cooking_robot/install/ur_description/share/ur_description/meshes/ur10/collision/wrist1.stl
[1.457s] -- Up-to-date symlink: /home/bridgetw/cooking_robot/install/ur_description/share/ur_description/meshes/ur10/collision/wrist2.stl
[1.457s] -- Up-to-date symlink: /home/bridgetw/cooking_robot/install/ur_description/share/ur_description/meshes/ur10/collision/wrist3.stl
[1.458s] -- Up-to-date symlink: /home/bridgetw/cooking_robot/install/ur_description/share/ur_description/meshes/ur10/visual/base.dae
[1.459s] -- Up-to-date symlink: /home/bridgetw/cooking_robot/install/ur_description/share/ur_description/meshes/ur10/visual/forearm.dae
[1.459s] -- Up-to-date symlink: /home/bridgetw/cooking_robot/install/ur_description/share/ur_description/meshes/ur10/visual/shoulder.dae
[1.460s] -- Up-to-date symlink: /home/bridgetw/cooking_robot/install/ur_description/share/ur_description/meshes/ur10/visual/upperarm.dae
[1.460s] -- Up-to-date symlink: /home/bridgetw/cooking_robot/install/ur_description/share/ur_description/meshes/ur10/visual/wrist1.dae
[1.461s] -- Up-to-date symlink: /home/bridgetw/cooking_robot/install/ur_description/share/ur_description/meshes/ur10/visual/wrist2.dae
[1.461s] -- Up-to-date symlink: /home/bridgetw/cooking_robot/install/ur_description/share/ur_description/meshes/ur10/visual/wrist3.dae
[1.462s] -- Up-to-date symlink: /home/bridgetw/cooking_robot/install/ur_description/share/ur_description/meshes/ur10e/collision/base.stl
[1.462s] -- Up-to-date symlink: /home/bridgetw/cooking_robot/install/ur_description/share/ur_description/meshes/ur10e/collision/forearm.stl
[1.463s] -- Up-to-date symlink: /home/bridgetw/cooking_robot/install/ur_description/share/ur_description/meshes/ur10e/collision/shoulder.stl
[1.463s] -- Up-to-date symlink: /home/bridgetw/cooking_robot/install/ur_description/share/ur_description/meshes/ur10e/collision/upperarm.stl
[1.464s] -- Up-to-date symlink: /home/bridgetw/cooking_robot/install/ur_description/share/ur_description/meshes/ur10e/collision/wrist1.stl
[1.464s] -- Up-to-date symlink: /home/bridgetw/cooking_robot/install/ur_description/share/ur_description/meshes/ur10e/collision/wrist2.stl
[1.465s] -- Up-to-date symlink: /home/bridgetw/cooking_robot/install/ur_description/share/ur_description/meshes/ur10e/collision/wrist3.stl
[1.465s] -- Up-to-date symlink: /home/bridgetw/cooking_robot/install/ur_description/share/ur_description/meshes/ur10e/visual/base.dae
[1.466s] -- Up-to-date symlink: /home/bridgetw/cooking_robot/install/ur_description/share/ur_description/meshes/ur10e/visual/forearm.dae
[1.466s] -- Up-to-date symlink: /home/bridgetw/cooking_robot/install/ur_description/share/ur_description/meshes/ur10e/visual/shoulder.dae
[1.467s] -- Up-to-date symlink: /home/bridgetw/cooking_robot/install/ur_description/share/ur_description/meshes/ur10e/visual/upperarm.dae
[1.468s] -- Up-to-date symlink: /home/bridgetw/cooking_robot/install/ur_description/share/ur_description/meshes/ur10e/visual/wrist1.dae
[1.468s] -- Up-to-date symlink: /home/bridgetw/cooking_robot/install/ur_description/share/ur_description/meshes/ur10e/visual/wrist2.dae
[1.469s] -- Up-to-date symlink: /home/bridgetw/cooking_robot/install/ur_description/share/ur_description/meshes/ur10e/visual/wrist3.dae
[1.469s] -- Up-to-date symlink: /home/bridgetw/cooking_robot/install/ur_description/share/ur_description/meshes/ur16e/collision/forearm.stl
[1.470s] -- Up-to-date symlink: /home/bridgetw/cooking_robot/install/ur_description/share/ur_description/meshes/ur16e/collision/upperarm.stl
[1.470s] -- Up-to-date symlink: /home/bridgetw/cooking_robot/install/ur_description/share/ur_description/meshes/ur16e/visual/forearm.dae
[1.471s] -- Up-to-date symlink: /home/bridgetw/cooking_robot/install/ur_description/share/ur_description/meshes/ur16e/visual/upperarm.dae
[1.472s] -- Up-to-date symlink: /home/bridgetw/cooking_robot/install/ur_description/share/ur_description/meshes/ur20/LICENSE.txt
[1.472s] -- Up-to-date symlink: /home/bridgetw/cooking_robot/install/ur_description/share/ur_description/meshes/ur20/collision/base.stl
[1.473s] -- Up-to-date symlink: /home/bridgetw/cooking_robot/install/ur_description/share/ur_description/meshes/ur20/collision/forearm.stl
[1.473s] -- Up-to-date symlink: /home/bridgetw/cooking_robot/install/ur_description/share/ur_description/meshes/ur20/collision/shoulder.stl
[1.474s] -- Up-to-date symlink: /home/bridgetw/cooking_robot/install/ur_description/share/ur_description/meshes/ur20/collision/upperarm.stl
[1.475s] -- Up-to-date symlink: /home/bridgetw/cooking_robot/install/ur_description/share/ur_description/meshes/ur20/collision/wrist1.stl
[1.475s] -- Up-to-date symlink: /home/bridgetw/cooking_robot/install/ur_description/share/ur_description/meshes/ur20/collision/wrist2.stl
[1.476s] -- Up-to-date symlink: /home/bridgetw/cooking_robot/install/ur_description/share/ur_description/meshes/ur20/collision/wrist3.stl
[1.476s] -- Up-to-date symlink: /home/bridgetw/cooking_robot/install/ur_description/share/ur_description/meshes/ur20/visual/UR20_DIFF_8bit_2K.png
[1.477s] -- Up-to-date symlink: /home/bridgetw/cooking_robot/install/ur_description/share/ur_description/meshes/ur20/visual/base.dae
[1.477s] -- Up-to-date symlink: /home/bridgetw/cooking_robot/install/ur_description/share/ur_description/meshes/ur20/visual/forearm.dae
[1.478s] -- Up-to-date symlink: /home/bridgetw/cooking_robot/install/ur_description/share/ur_description/meshes/ur20/visual/shoulder.dae
[1.479s] -- Up-to-date symlink: /home/bridgetw/cooking_robot/install/ur_description/share/ur_description/meshes/ur20/visual/upperarm.dae
[1.479s] -- Up-to-date symlink: /home/bridgetw/cooking_robot/install/ur_description/share/ur_description/meshes/ur20/visual/wrist1.dae
[1.480s] -- Up-to-date symlink: /home/bridgetw/cooking_robot/install/ur_description/share/ur_description/meshes/ur20/visual/wrist2.dae
[1.480s] -- Up-to-date symlink: /home/bridgetw/cooking_robot/install/ur_description/share/ur_description/meshes/ur20/visual/wrist3.dae
[1.481s] -- Up-to-date symlink: /home/bridgetw/cooking_robot/install/ur_description/share/ur_description/meshes/ur3/collision/base.stl
[1.482s] -- Up-to-date symlink: /home/bridgetw/cooking_robot/install/ur_description/share/ur_description/meshes/ur3/collision/forearm.stl
[1.482s] -- Up-to-date symlink: /home/bridgetw/cooking_robot/install/ur_description/share/ur_description/meshes/ur3/collision/shoulder.stl
[1.483s] -- Up-to-date symlink: /home/bridgetw/cooking_robot/install/ur_description/share/ur_description/meshes/ur3/collision/upperarm.stl
[1.483s] -- Up-to-date symlink: /home/bridgetw/cooking_robot/install/ur_description/share/ur_description/meshes/ur3/collision/wrist1.stl
[1.484s] -- Up-to-date symlink: /home/bridgetw/cooking_robot/install/ur_description/share/ur_description/meshes/ur3/collision/wrist2.stl
[1.484s] -- Up-to-date symlink: /home/bridgetw/cooking_robot/install/ur_description/share/ur_description/meshes/ur3/collision/wrist3.stl
[1.485s] -- Up-to-date symlink: /home/bridgetw/cooking_robot/install/ur_description/share/ur_description/meshes/ur3/visual/base.dae
[1.485s] -- Up-to-date symlink: /home/bridgetw/cooking_robot/install/ur_description/share/ur_description/meshes/ur3/visual/forearm.dae
[1.486s] -- Up-to-date symlink: /home/bridgetw/cooking_robot/install/ur_description/share/ur_description/meshes/ur3/visual/shoulder.dae
[1.487s] -- Up-to-date symlink: /home/bridgetw/cooking_robot/install/ur_description/share/ur_description/meshes/ur3/visual/upperarm.dae
[1.487s] -- Up-to-date symlink: /home/bridgetw/cooking_robot/install/ur_description/share/ur_description/meshes/ur3/visual/wrist1.dae
[1.488s] -- Up-to-date symlink: /home/bridgetw/cooking_robot/install/ur_description/share/ur_description/meshes/ur3/visual/wrist2.dae
[1.488s] -- Up-to-date symlink: /home/bridgetw/cooking_robot/install/ur_description/share/ur_description/meshes/ur3/visual/wrist3.dae
[1.489s] -- Up-to-date symlink: /home/bridgetw/cooking_robot/install/ur_description/share/ur_description/meshes/ur30/LICENSE.txt
[1.490s] -- Up-to-date symlink: /home/bridgetw/cooking_robot/install/ur_description/share/ur_description/meshes/ur30/collision/forearm.stl
[1.490s] -- Up-to-date symlink: /home/bridgetw/cooking_robot/install/ur_description/share/ur_description/meshes/ur30/collision/upperarm.stl
[1.491s] -- Up-to-date symlink: /home/bridgetw/cooking_robot/install/ur_description/share/ur_description/meshes/ur30/visual/UR30_DIFF_8bit_2K.png
[1.492s] -- Up-to-date symlink: /home/bridgetw/cooking_robot/install/ur_description/share/ur_description/meshes/ur30/visual/forearm.dae
[1.493s] -- Up-to-date symlink: /home/bridgetw/cooking_robot/install/ur_description/share/ur_description/meshes/ur30/visual/upperarm.dae
[1.493s] -- Up-to-date symlink: /home/bridgetw/cooking_robot/install/ur_description/share/ur_description/meshes/ur3e/collision/base.stl
[1.494s] -- Up-to-date symlink: /home/bridgetw/cooking_robot/install/ur_description/share/ur_description/meshes/ur3e/collision/forearm.stl
[1.495s] -- Up-to-date symlink: /home/bridgetw/cooking_robot/install/ur_description/share/ur_description/meshes/ur3e/collision/shoulder.stl
[1.496s] -- Up-to-date symlink: /home/bridgetw/cooking_robot/install/ur_description/share/ur_description/meshes/ur3e/collision/upperarm.stl
[1.496s] -- Up-to-date symlink: /home/bridgetw/cooking_robot/install/ur_description/share/ur_description/meshes/ur3e/collision/wrist1.stl
[1.497s] -- Up-to-date symlink: /home/bridgetw/cooking_robot/install/ur_description/share/ur_description/meshes/ur3e/collision/wrist2.stl
[1.497s] -- Up-to-date symlink: /home/bridgetw/cooking_robot/install/ur_description/share/ur_description/meshes/ur3e/collision/wrist3.stl
[1.498s] -- Up-to-date symlink: /home/bridgetw/cooking_robot/install/ur_description/share/ur_description/meshes/ur3e/visual/base.dae
[1.499s] -- Up-to-date symlink: /home/bridgetw/cooking_robot/install/ur_description/share/ur_description/meshes/ur3e/visual/forearm.dae
[1.499s] -- Up-to-date symlink: /home/bridgetw/cooking_robot/install/ur_description/share/ur_description/meshes/ur3e/visual/shoulder.dae
[1.500s] -- Up-to-date symlink: /home/bridgetw/cooking_robot/install/ur_description/share/ur_description/meshes/ur3e/visual/upperarm.dae
[1.500s] -- Up-to-date symlink: /home/bridgetw/cooking_robot/install/ur_description/share/ur_description/meshes/ur3e/visual/wrist1.dae
[1.501s] -- Up-to-date symlink: /home/bridgetw/cooking_robot/install/ur_description/share/ur_description/meshes/ur3e/visual/wrist2.dae
[1.501s] -- Up-to-date symlink: /home/bridgetw/cooking_robot/install/ur_description/share/ur_description/meshes/ur3e/visual/wrist3.dae
[1.502s] -- Up-to-date symlink: /home/bridgetw/cooking_robot/install/ur_description/share/ur_description/meshes/ur5/collision/base.stl
[1.502s] -- Up-to-date symlink: /home/bridgetw/cooking_robot/install/ur_description/share/ur_description/meshes/ur5/collision/forearm.stl
[1.503s] -- Up-to-date symlink: /home/bridgetw/cooking_robot/install/ur_description/share/ur_description/meshes/ur5/collision/shoulder.stl
[1.503s] -- Up-to-date symlink: /home/bridgetw/cooking_robot/install/ur_description/share/ur_description/meshes/ur5/collision/upperarm.stl
[1.504s] -- Up-to-date symlink: /home/bridgetw/cooking_robot/install/ur_description/share/ur_description/meshes/ur5/collision/wrist1.stl
[1.504s] -- Up-to-date symlink: /home/bridgetw/cooking_robot/install/ur_description/share/ur_description/meshes/ur5/collision/wrist2.stl
[1.504s] -- Up-to-date symlink: /home/bridgetw/cooking_robot/install/ur_description/share/ur_description/meshes/ur5/collision/wrist3.stl
[1.505s] -- Up-to-date symlink: /home/bridgetw/cooking_robot/install/ur_description/share/ur_description/meshes/ur5/visual/base.dae
[1.506s] -- Up-to-date symlink: /home/bridgetw/cooking_robot/install/ur_description/share/ur_description/meshes/ur5/visual/forearm.dae
[1.506s] -- Up-to-date symlink: /home/bridgetw/cooking_robot/install/ur_description/share/ur_description/meshes/ur5/visual/shoulder.dae
[1.507s] -- Up-to-date symlink: /home/bridgetw/cooking_robot/install/ur_description/share/ur_description/meshes/ur5/visual/upperarm.dae
[1.507s] -- Up-to-date symlink: /home/bridgetw/cooking_robot/install/ur_description/share/ur_description/meshes/ur5/visual/wrist1.dae
[1.508s] -- Up-to-date symlink: /home/bridgetw/cooking_robot/install/ur_description/share/ur_description/meshes/ur5/visual/wrist2.dae
[1.508s] -- Up-to-date symlink: /home/bridgetw/cooking_robot/install/ur_description/share/ur_description/meshes/ur5/visual/wrist3.dae
[1.509s] -- Up-to-date symlink: /home/bridgetw/cooking_robot/install/ur_description/share/ur_description/meshes/ur5e/collision/base.stl
[1.509s] -- Up-to-date symlink: /home/bridgetw/cooking_robot/install/ur_description/share/ur_description/meshes/ur5e/collision/forearm.stl
[1.510s] -- Up-to-date symlink: /home/bridgetw/cooking_robot/install/ur_description/share/ur_description/meshes/ur5e/collision/shoulder.stl
[1.510s] -- Up-to-date symlink: /home/bridgetw/cooking_robot/install/ur_description/share/ur_description/meshes/ur5e/collision/upperarm.stl
[1.511s] -- Up-to-date symlink: /home/bridgetw/cooking_robot/install/ur_description/share/ur_description/meshes/ur5e/collision/wrist1.stl
[1.511s] -- Up-to-date symlink: /home/bridgetw/cooking_robot/install/ur_description/share/ur_description/meshes/ur5e/collision/wrist2.stl
[1.512s] -- Up-to-date symlink: /home/bridgetw/cooking_robot/install/ur_description/share/ur_description/meshes/ur5e/collision/wrist3.stl
[1.513s] -- Up-to-date symlink: /home/bridgetw/cooking_robot/install/ur_description/share/ur_description/meshes/ur5e/visual/base.dae
[1.513s] -- Up-to-date symlink: /home/bridgetw/cooking_robot/install/ur_description/share/ur_description/meshes/ur5e/visual/forearm.dae
[1.514s] -- Up-to-date symlink: /home/bridgetw/cooking_robot/install/ur_description/share/ur_description/meshes/ur5e/visual/shoulder.dae
[1.514s] -- Up-to-date symlink: /home/bridgetw/cooking_robot/install/ur_description/share/ur_description/meshes/ur5e/visual/upperarm.dae
[1.515s] -- Up-to-date symlink: /home/bridgetw/cooking_robot/install/ur_description/share/ur_description/meshes/ur5e/visual/wrist1.dae
[1.515s] -- Up-to-date symlink: /home/bridgetw/cooking_robot/install/ur_description/share/ur_description/meshes/ur5e/visual/wrist2.dae
[1.516s] -- Up-to-date symlink: /home/bridgetw/cooking_robot/install/ur_description/share/ur_description/meshes/ur5e/visual/wrist3.dae
[1.516s] -- Up-to-date symlink: /home/bridgetw/cooking_robot/install/ur_description/share/ur_description/rviz/view_robot.rviz
[1.517s] -- Up-to-date symlink: /home/bridgetw/cooking_robot/install/ur_description/share/ur_description/urdf/inc/ur_common.xacro
[1.518s] -- Up-to-date symlink: /home/bridgetw/cooking_robot/install/ur_description/share/ur_description/urdf/inc/ur_transmissions.xacro
[1.519s] -- Up-to-date symlink: /home/bridgetw/cooking_robot/install/ur_description/share/ur_description/urdf/ur.ros2_control.xacro
[1.519s] -- Up-to-date symlink: /home/bridgetw/cooking_robot/install/ur_description/share/ur_description/urdf/ur.urdf.xacro
[1.520s] -- Up-to-date symlink: /home/bridgetw/cooking_robot/install/ur_description/share/ur_description/urdf/ur_macro.xacro
[1.520s] -- Up-to-date symlink: /home/bridgetw/cooking_robot/install/ur_description/share/ur_description/test/test_ur_urdf_xacro.py
[1.521s] -- Up-to-date symlink: /home/bridgetw/cooking_robot/install/ur_description/share/ur_description/test/test_view_ur_launch.py
[1.521s] -- Up-to-date symlink: /home/bridgetw/cooking_robot/install/ur_description/share/ament_index/resource_index/package_run_dependencies/ur_description
[1.522s] -- Up-to-date symlink: /home/bridgetw/cooking_robot/install/ur_description/share/ament_index/resource_index/parent_prefix_path/ur_description
[1.522s] -- Up-to-date symlink: /home/bridgetw/cooking_robot/install/ur_description/share/ur_description/environment/ament_prefix_path.sh
[1.523s] -- Up-to-date symlink: /home/bridgetw/cooking_robot/install/ur_description/share/ur_description/environment/ament_prefix_path.dsv
[1.523s] -- Up-to-date symlink: /home/bridgetw/cooking_robot/install/ur_description/share/ur_description/environment/path.sh
[1.524s] -- Up-to-date symlink: /home/bridgetw/cooking_robot/install/ur_description/share/ur_description/environment/path.dsv
[1.524s] -- Up-to-date symlink: /home/bridgetw/cooking_robot/install/ur_description/share/ur_description/local_setup.bash
[1.525s] -- Up-to-date symlink: /home/bridgetw/cooking_robot/install/ur_description/share/ur_description/local_setup.sh
[1.526s] -- Up-to-date symlink: /home/bridgetw/cooking_robot/install/ur_description/share/ur_description/local_setup.zsh
[1.526s] -- Up-to-date symlink: /home/bridgetw/cooking_robot/install/ur_description/share/ur_description/local_setup.dsv
[1.526s] -- Symlinking: /home/bridgetw/cooking_robot/install/ur_description/share/ur_description/package.dsv
[1.537s] -- Up-to-date symlink: /home/bridgetw/cooking_robot/install/ur_description/share/ament_index/resource_index/packages/ur_description
[1.538s] -- Up-to-date symlink: /home/bridgetw/cooking_robot/install/ur_description/share/ur_description/cmake/ur_descriptionConfig.cmake
[1.538s] -- Up-to-date symlink: /home/bridgetw/cooking_robot/install/ur_description/share/ur_description/cmake/ur_descriptionConfig-version.cmake
[1.539s] -- Up-to-date symlink: /home/bridgetw/cooking_robot/install/ur_description/share/ur_description/package.xml
[1.543s] Invoked command in '/home/bridgetw/cooking_robot/build/ur_description' returned '0': CMAKE_PREFIX_PATH=${CMAKE_PREFIX_PATH}:/home/bridgetw/cooking_robot/install/my_robot_controller:/opt/ros/humble /usr/bin/cmake --install /home/bridgetw/cooking_robot/build/ur_description
