[1.191s] Invoking command in '/home/bridgetw/cooking_robot/src/my_robot_controller': PYTHONPATH=/home/bridgetw/cooking_robot/build/my_robot_controller/prefix_override:/usr/lib/python3/dist-packages/colcon_core/task/python/colcon_distutils_commands:/home/bridgetw/cooking_robot/install/my_robot_controller/lib/python3.10/site-packages:${PYTHONPATH} /usr/bin/python3 -W ignore:setup.py install is deprecated setup.py egg_info --egg-base ../../build/my_robot_controller build --build-base /home/bridgetw/cooking_robot/build/my_robot_controller/build install --record /home/bridgetw/cooking_robot/build/my_robot_controller/install.log --single-version-externally-managed install_data
[1.435s] running egg_info
[1.436s] creating ../../build/my_robot_controller/robot_controller.egg-info
[1.436s] writing ../../build/my_robot_controller/robot_controller.egg-info/PKG-INFO
[1.436s] writing dependency_links to ../../build/my_robot_controller/robot_controller.egg-info/dependency_links.txt
[1.437s] writing entry points to ../../build/my_robot_controller/robot_controller.egg-info/entry_points.txt
[1.437s] writing requirements to ../../build/my_robot_controller/robot_controller.egg-info/requires.txt
[1.437s] writing top-level names to ../../build/my_robot_controller/robot_controller.egg-info/top_level.txt
[1.437s] writing manifest file '../../build/my_robot_controller/robot_controller.egg-info/SOURCES.txt'
[1.439s] reading manifest file '../../build/my_robot_controller/robot_controller.egg-info/SOURCES.txt'
[1.440s] writing manifest file '../../build/my_robot_controller/robot_controller.egg-info/SOURCES.txt'
[1.440s] running build
[1.440s] running build_py
[1.440s] copying my_robot_controller/controller.py -> /home/bridgetw/cooking_robot/build/my_robot_controller/build/lib/my_robot_controller
[1.441s] running install
[1.442s] running install_lib
[1.443s] copying /home/bridgetw/cooking_robot/build/my_robot_controller/build/lib/my_robot_controller/controller.py -> /home/bridgetw/cooking_robot/install/my_robot_controller/lib/python3.10/site-packages/my_robot_controller
[1.444s] byte-compiling /home/bridgetw/cooking_robot/install/my_robot_controller/lib/python3.10/site-packages/my_robot_controller/controller.py to controller.cpython-310.pyc
[1.444s] running install_data
[1.445s] error: can't copy 'resource/robot_controller': doesn't exist or not a regular file
[1.473s] Invoked command in '/home/bridgetw/cooking_robot/src/my_robot_controller' returned '1': PYTHONPATH=/home/bridgetw/cooking_robot/build/my_robot_controller/prefix_override:/usr/lib/python3/dist-packages/colcon_core/task/python/colcon_distutils_commands:/home/bridgetw/cooking_robot/install/my_robot_controller/lib/python3.10/site-packages:${PYTHONPATH} /usr/bin/python3 -W ignore:setup.py install is deprecated setup.py egg_info --egg-base ../../build/my_robot_controller build --build-base /home/bridgetw/cooking_robot/build/my_robot_controller/build install --record /home/bridgetw/cooking_robot/build/my_robot_controller/install.log --single-version-externally-managed install_data
