[0.736s] DEBUG:colcon:Command line arguments: ['/usr/bin/colcon', 'list', '-p', '--base-paths', '/home/bridgetw/cooking_robot']
[0.736s] DEBUG:colcon:Parsed command line arguments: Namespace(log_base=None, log_level=None, verb_name='list', build_base='build', ignore_user_meta=False, metas=['./colcon.meta'], base_paths=['/home/bridgetw/cooking_robot'], packages_ignore=None, packages_ignore_regex=None, paths=None, packages_up_to=None, packages_up_to_regex=None, packages_above=None, packages_above_and_dependencies=None, packages_above_depth=None, packages_select_by_dep=None, packages_skip_by_dep=None, packages_skip_up_to=None, packages_select_build_failed=False, packages_skip_build_finished=False, packages_select_test_failures=False, packages_skip_test_passed=False, packages_select=None, packages_skip=None, packages_select_regex=None, packages_skip_regex=None, packages_start=None, packages_end=None, allow_overriding=[], topological_order=False, names_only=False, paths_only=True, topological_graph=False, topological_graph_dot=False, topological_graph_density=False, topological_graph_legend=False, topological_graph_dot_cluster=False, topological_graph_dot_include_skipped=False, mixin_files=None, mixin=None, verb_parser=<colcon_mixin.mixin.mixin_argument.MixinArgumentDecorator object at 0x7f6fb4a63100>, verb_extension=<colcon_package_information.verb.list.ListVerb object at 0x7f6fb4b56d70>, main=<bound method ListVerb.main of <colcon_package_information.verb.list.ListVerb object at 0x7f6fb4b56d70>>, mixin_verb=('list',))
[1.416s] Level 1:colcon.colcon_core.package_discovery:discover_packages(colcon_meta) check parameters
[1.416s] Level 1:colcon.colcon_core.package_discovery:discover_packages(recursive) check parameters
[1.417s] Level 1:colcon.colcon_core.package_discovery:discover_packages(ignore) check parameters
[1.417s] Level 1:colcon.colcon_core.package_discovery:discover_packages(path) check parameters
[1.417s] Level 1:colcon.colcon_core.package_discovery:discover_packages(recursive) discover
[1.418s] INFO:colcon.colcon_core.package_discovery:Crawling recursively for packages in '/home/bridgetw/cooking_robot'
[1.418s] Level 1:colcon.colcon_core.package_identification:_identify(/home/bridgetw/cooking_robot) by extensions ['ignore', 'ignore_ament_install']
[1.419s] Level 1:colcon.colcon_core.package_identification:_identify(/home/bridgetw/cooking_robot) by extension 'ignore'
[1.419s] Level 1:colcon.colcon_core.package_identification:_identify(/home/bridgetw/cooking_robot) by extension 'ignore_ament_install'
[1.420s] Level 1:colcon.colcon_core.package_identification:_identify(/home/bridgetw/cooking_robot) by extensions ['colcon_pkg']
[1.420s] Level 1:colcon.colcon_core.package_identification:_identify(/home/bridgetw/cooking_robot) by extension 'colcon_pkg'
[1.420s] Level 1:colcon.colcon_core.package_identification:_identify(/home/bridgetw/cooking_robot) by extensions ['colcon_meta']
[1.420s] Level 1:colcon.colcon_core.package_identification:_identify(/home/bridgetw/cooking_robot) by extension 'colcon_meta'
[1.421s] Level 1:colcon.colcon_core.package_identification:_identify(/home/bridgetw/cooking_robot) by extensions ['ros']
[1.421s] Level 1:colcon.colcon_core.package_identification:_identify(/home/bridgetw/cooking_robot) by extension 'ros'
[1.456s] Level 1:colcon.colcon_core.package_identification:_identify(/home/bridgetw/cooking_robot) by extensions ['cmake', 'python']
[1.456s] Level 1:colcon.colcon_core.package_identification:_identify(/home/bridgetw/cooking_robot) by extension 'cmake'
[1.456s] Level 1:colcon.colcon_core.package_identification:_identify(/home/bridgetw/cooking_robot) by extension 'python'
[1.457s] Level 1:colcon.colcon_core.package_identification:_identify(/home/bridgetw/cooking_robot) by extensions ['python_setup_py']
[1.457s] Level 1:colcon.colcon_core.package_identification:_identify(/home/bridgetw/cooking_robot) by extension 'python_setup_py'
[1.457s] Level 1:colcon.colcon_core.package_identification:_identify(/home/bridgetw/cooking_robot/build) by extensions ['ignore', 'ignore_ament_install']
[1.458s] Level 1:colcon.colcon_core.package_identification:_identify(/home/bridgetw/cooking_robot/build) by extension 'ignore'
[1.458s] Level 1:colcon.colcon_core.package_identification:_identify(/home/bridgetw/cooking_robot/build) ignored
[1.459s] Level 1:colcon.colcon_core.package_identification:_identify(/home/bridgetw/cooking_robot/install) by extensions ['ignore', 'ignore_ament_install']
[1.460s] Level 1:colcon.colcon_core.package_identification:_identify(/home/bridgetw/cooking_robot/install) by extension 'ignore'
[1.460s] Level 1:colcon.colcon_core.package_identification:_identify(/home/bridgetw/cooking_robot/install) ignored
[1.460s] Level 1:colcon.colcon_core.package_identification:_identify(/home/bridgetw/cooking_robot/log) by extensions ['ignore', 'ignore_ament_install']
[1.461s] Level 1:colcon.colcon_core.package_identification:_identify(/home/bridgetw/cooking_robot/log) by extension 'ignore'
[1.462s] Level 1:colcon.colcon_core.package_identification:_identify(/home/bridgetw/cooking_robot/log) ignored
[1.462s] Level 1:colcon.colcon_core.package_identification:_identify(/home/bridgetw/cooking_robot/src) by extensions ['ignore', 'ignore_ament_install']
[1.463s] Level 1:colcon.colcon_core.package_identification:_identify(/home/bridgetw/cooking_robot/src) by extension 'ignore'
[1.464s] Level 1:colcon.colcon_core.package_identification:_identify(/home/bridgetw/cooking_robot/src) by extension 'ignore_ament_install'
[1.464s] Level 1:colcon.colcon_core.package_identification:_identify(/home/bridgetw/cooking_robot/src) by extensions ['colcon_pkg']
[1.464s] Level 1:colcon.colcon_core.package_identification:_identify(/home/bridgetw/cooking_robot/src) by extension 'colcon_pkg'
[1.464s] Level 1:colcon.colcon_core.package_identification:_identify(/home/bridgetw/cooking_robot/src) by extensions ['colcon_meta']
[1.465s] Level 1:colcon.colcon_core.package_identification:_identify(/home/bridgetw/cooking_robot/src) by extension 'colcon_meta'
[1.465s] Level 1:colcon.colcon_core.package_identification:_identify(/home/bridgetw/cooking_robot/src) by extensions ['ros']
[1.465s] Level 1:colcon.colcon_core.package_identification:_identify(/home/bridgetw/cooking_robot/src) by extension 'ros'
[1.466s] Level 1:colcon.colcon_core.package_identification:_identify(/home/bridgetw/cooking_robot/src) by extensions ['cmake', 'python']
[1.466s] Level 1:colcon.colcon_core.package_identification:_identify(/home/bridgetw/cooking_robot/src) by extension 'cmake'
[1.466s] Level 1:colcon.colcon_core.package_identification:_identify(/home/bridgetw/cooking_robot/src) by extension 'python'
[1.467s] Level 1:colcon.colcon_core.package_identification:_identify(/home/bridgetw/cooking_robot/src) by extensions ['python_setup_py']
[1.467s] Level 1:colcon.colcon_core.package_identification:_identify(/home/bridgetw/cooking_robot/src) by extension 'python_setup_py'
[1.468s] Level 1:colcon.colcon_core.package_identification:_identify(/home/bridgetw/cooking_robot/src/Universal_Robots_ROS2_Description) by extensions ['ignore', 'ignore_ament_install']
[1.468s] Level 1:colcon.colcon_core.package_identification:_identify(/home/bridgetw/cooking_robot/src/Universal_Robots_ROS2_Description) by extension 'ignore'
[1.469s] Level 1:colcon.colcon_core.package_identification:_identify(/home/bridgetw/cooking_robot/src/Universal_Robots_ROS2_Description) by extension 'ignore_ament_install'
[1.469s] Level 1:colcon.colcon_core.package_identification:_identify(/home/bridgetw/cooking_robot/src/Universal_Robots_ROS2_Description) by extensions ['colcon_pkg']
[1.470s] Level 1:colcon.colcon_core.package_identification:_identify(/home/bridgetw/cooking_robot/src/Universal_Robots_ROS2_Description) by extension 'colcon_pkg'
[1.470s] Level 1:colcon.colcon_core.package_identification:_identify(/home/bridgetw/cooking_robot/src/Universal_Robots_ROS2_Description) by extensions ['colcon_meta']
[1.470s] Level 1:colcon.colcon_core.package_identification:_identify(/home/bridgetw/cooking_robot/src/Universal_Robots_ROS2_Description) by extension 'colcon_meta'
[1.470s] Level 1:colcon.colcon_core.package_identification:_identify(/home/bridgetw/cooking_robot/src/Universal_Robots_ROS2_Description) by extensions ['ros']
[1.471s] Level 1:colcon.colcon_core.package_identification:_identify(/home/bridgetw/cooking_robot/src/Universal_Robots_ROS2_Description) by extension 'ros'
[1.478s] DEBUG:colcon.colcon_core.package_identification:Package '/home/bridgetw/cooking_robot/src/Universal_Robots_ROS2_Description' with type 'ros.ament_cmake' and name 'ur_description'
[1.478s] Level 1:colcon.colcon_core.package_identification:_identify(/home/bridgetw/cooking_robot/src/build) by extensions ['ignore', 'ignore_ament_install']
[1.479s] Level 1:colcon.colcon_core.package_identification:_identify(/home/bridgetw/cooking_robot/src/build) by extension 'ignore'
[1.479s] Level 1:colcon.colcon_core.package_identification:_identify(/home/bridgetw/cooking_robot/src/build) ignored
[1.480s] Level 1:colcon.colcon_core.package_identification:_identify(/home/bridgetw/cooking_robot/src/gazebo_plugins) by extensions ['ignore', 'ignore_ament_install']
[1.480s] Level 1:colcon.colcon_core.package_identification:_identify(/home/bridgetw/cooking_robot/src/gazebo_plugins) by extension 'ignore'
[1.481s] Level 1:colcon.colcon_core.package_identification:_identify(/home/bridgetw/cooking_robot/src/gazebo_plugins) by extension 'ignore_ament_install'
[1.481s] Level 1:colcon.colcon_core.package_identification:_identify(/home/bridgetw/cooking_robot/src/gazebo_plugins) by extensions ['colcon_pkg']
[1.481s] Level 1:colcon.colcon_core.package_identification:_identify(/home/bridgetw/cooking_robot/src/gazebo_plugins) by extension 'colcon_pkg'
[1.481s] Level 1:colcon.colcon_core.package_identification:_identify(/home/bridgetw/cooking_robot/src/gazebo_plugins) by extensions ['colcon_meta']
[1.481s] Level 1:colcon.colcon_core.package_identification:_identify(/home/bridgetw/cooking_robot/src/gazebo_plugins) by extension 'colcon_meta'
[1.482s] Level 1:colcon.colcon_core.package_identification:_identify(/home/bridgetw/cooking_robot/src/gazebo_plugins) by extensions ['ros']
[1.482s] Level 1:colcon.colcon_core.package_identification:_identify(/home/bridgetw/cooking_robot/src/gazebo_plugins) by extension 'ros'
[1.482s] Level 1:colcon.colcon_core.package_identification:_identify(/home/bridgetw/cooking_robot/src/gazebo_plugins) by extensions ['cmake', 'python']
[1.482s] Level 1:colcon.colcon_core.package_identification:_identify(/home/bridgetw/cooking_robot/src/gazebo_plugins) by extension 'cmake'
[1.483s] Level 1:colcon.colcon_core.package_identification:_identify(/home/bridgetw/cooking_robot/src/gazebo_plugins) by extension 'python'
[1.483s] Level 1:colcon.colcon_core.package_identification:_identify(/home/bridgetw/cooking_robot/src/gazebo_plugins) by extensions ['python_setup_py']
[1.484s] Level 1:colcon.colcon_core.package_identification:_identify(/home/bridgetw/cooking_robot/src/gazebo_plugins) by extension 'python_setup_py'
[1.485s] Level 1:colcon.colcon_core.package_identification:_identify(/home/bridgetw/cooking_robot/src/gazebo_plugins/kitchen) by extensions ['ignore', 'ignore_ament_install']
[1.486s] Level 1:colcon.colcon_core.package_identification:_identify(/home/bridgetw/cooking_robot/src/gazebo_plugins/kitchen) by extension 'ignore'
[1.486s] Level 1:colcon.colcon_core.package_identification:_identify(/home/bridgetw/cooking_robot/src/gazebo_plugins/kitchen) by extension 'ignore_ament_install'
[1.486s] Level 1:colcon.colcon_core.package_identification:_identify(/home/bridgetw/cooking_robot/src/gazebo_plugins/kitchen) by extensions ['colcon_pkg']
[1.486s] Level 1:colcon.colcon_core.package_identification:_identify(/home/bridgetw/cooking_robot/src/gazebo_plugins/kitchen) by extension 'colcon_pkg'
[1.487s] Level 1:colcon.colcon_core.package_identification:_identify(/home/bridgetw/cooking_robot/src/gazebo_plugins/kitchen) by extensions ['colcon_meta']
[1.487s] Level 1:colcon.colcon_core.package_identification:_identify(/home/bridgetw/cooking_robot/src/gazebo_plugins/kitchen) by extension 'colcon_meta'
[1.487s] Level 1:colcon.colcon_core.package_identification:_identify(/home/bridgetw/cooking_robot/src/gazebo_plugins/kitchen) by extensions ['ros']
[1.487s] Level 1:colcon.colcon_core.package_identification:_identify(/home/bridgetw/cooking_robot/src/gazebo_plugins/kitchen) by extension 'ros'
[1.488s] Level 1:colcon.colcon_core.package_identification:_identify(/home/bridgetw/cooking_robot/src/gazebo_plugins/kitchen) by extensions ['cmake', 'python']
[1.488s] Level 1:colcon.colcon_core.package_identification:_identify(/home/bridgetw/cooking_robot/src/gazebo_plugins/kitchen) by extension 'cmake'
[1.488s] Level 1:colcon.colcon_core.package_identification:_identify(/home/bridgetw/cooking_robot/src/gazebo_plugins/kitchen) by extension 'python'
[1.489s] Level 1:colcon.colcon_core.package_identification:_identify(/home/bridgetw/cooking_robot/src/gazebo_plugins/kitchen) by extensions ['python_setup_py']
[1.489s] Level 1:colcon.colcon_core.package_identification:_identify(/home/bridgetw/cooking_robot/src/gazebo_plugins/kitchen) by extension 'python_setup_py'
[1.489s] Level 1:colcon.colcon_core.package_identification:_identify(/home/bridgetw/cooking_robot/src/gazebo_plugins/kitchen/materials) by extensions ['ignore', 'ignore_ament_install']
[1.490s] Level 1:colcon.colcon_core.package_identification:_identify(/home/bridgetw/cooking_robot/src/gazebo_plugins/kitchen/materials) by extension 'ignore'
[1.491s] Level 1:colcon.colcon_core.package_identification:_identify(/home/bridgetw/cooking_robot/src/gazebo_plugins/kitchen/materials) by extension 'ignore_ament_install'
[1.491s] Level 1:colcon.colcon_core.package_identification:_identify(/home/bridgetw/cooking_robot/src/gazebo_plugins/kitchen/materials) by extensions ['colcon_pkg']
[1.491s] Level 1:colcon.colcon_core.package_identification:_identify(/home/bridgetw/cooking_robot/src/gazebo_plugins/kitchen/materials) by extension 'colcon_pkg'
[1.492s] Level 1:colcon.colcon_core.package_identification:_identify(/home/bridgetw/cooking_robot/src/gazebo_plugins/kitchen/materials) by extensions ['colcon_meta']
[1.492s] Level 1:colcon.colcon_core.package_identification:_identify(/home/bridgetw/cooking_robot/src/gazebo_plugins/kitchen/materials) by extension 'colcon_meta'
[1.492s] Level 1:colcon.colcon_core.package_identification:_identify(/home/bridgetw/cooking_robot/src/gazebo_plugins/kitchen/materials) by extensions ['ros']
[1.492s] Level 1:colcon.colcon_core.package_identification:_identify(/home/bridgetw/cooking_robot/src/gazebo_plugins/kitchen/materials) by extension 'ros'
[1.493s] Level 1:colcon.colcon_core.package_identification:_identify(/home/bridgetw/cooking_robot/src/gazebo_plugins/kitchen/materials) by extensions ['cmake', 'python']
[1.493s] Level 1:colcon.colcon_core.package_identification:_identify(/home/bridgetw/cooking_robot/src/gazebo_plugins/kitchen/materials) by extension 'cmake'
[1.493s] Level 1:colcon.colcon_core.package_identification:_identify(/home/bridgetw/cooking_robot/src/gazebo_plugins/kitchen/materials) by extension 'python'
[1.493s] Level 1:colcon.colcon_core.package_identification:_identify(/home/bridgetw/cooking_robot/src/gazebo_plugins/kitchen/materials) by extensions ['python_setup_py']
[1.494s] Level 1:colcon.colcon_core.package_identification:_identify(/home/bridgetw/cooking_robot/src/gazebo_plugins/kitchen/materials) by extension 'python_setup_py'
[1.495s] Level 1:colcon.colcon_core.package_identification:_identify(/home/bridgetw/cooking_robot/src/gazebo_plugins/kitchen/materials/textures) by extensions ['ignore', 'ignore_ament_install']
[1.495s] Level 1:colcon.colcon_core.package_identification:_identify(/home/bridgetw/cooking_robot/src/gazebo_plugins/kitchen/materials/textures) by extension 'ignore'
[1.496s] Level 1:colcon.colcon_core.package_identification:_identify(/home/bridgetw/cooking_robot/src/gazebo_plugins/kitchen/materials/textures) by extension 'ignore_ament_install'
[1.496s] Level 1:colcon.colcon_core.package_identification:_identify(/home/bridgetw/cooking_robot/src/gazebo_plugins/kitchen/materials/textures) by extensions ['colcon_pkg']
[1.496s] Level 1:colcon.colcon_core.package_identification:_identify(/home/bridgetw/cooking_robot/src/gazebo_plugins/kitchen/materials/textures) by extension 'colcon_pkg'
[1.496s] Level 1:colcon.colcon_core.package_identification:_identify(/home/bridgetw/cooking_robot/src/gazebo_plugins/kitchen/materials/textures) by extensions ['colcon_meta']
[1.497s] Level 1:colcon.colcon_core.package_identification:_identify(/home/bridgetw/cooking_robot/src/gazebo_plugins/kitchen/materials/textures) by extension 'colcon_meta'
[1.497s] Level 1:colcon.colcon_core.package_identification:_identify(/home/bridgetw/cooking_robot/src/gazebo_plugins/kitchen/materials/textures) by extensions ['ros']
[1.497s] Level 1:colcon.colcon_core.package_identification:_identify(/home/bridgetw/cooking_robot/src/gazebo_plugins/kitchen/materials/textures) by extension 'ros'
[1.497s] Level 1:colcon.colcon_core.package_identification:_identify(/home/bridgetw/cooking_robot/src/gazebo_plugins/kitchen/materials/textures) by extensions ['cmake', 'python']
[1.498s] Level 1:colcon.colcon_core.package_identification:_identify(/home/bridgetw/cooking_robot/src/gazebo_plugins/kitchen/materials/textures) by extension 'cmake'
[1.498s] Level 1:colcon.colcon_core.package_identification:_identify(/home/bridgetw/cooking_robot/src/gazebo_plugins/kitchen/materials/textures) by extension 'python'
[1.498s] Level 1:colcon.colcon_core.package_identification:_identify(/home/bridgetw/cooking_robot/src/gazebo_plugins/kitchen/materials/textures) by extensions ['python_setup_py']
[1.498s] Level 1:colcon.colcon_core.package_identification:_identify(/home/bridgetw/cooking_robot/src/gazebo_plugins/kitchen/materials/textures) by extension 'python_setup_py'
[1.499s] Level 1:colcon.colcon_core.package_identification:_identify(/home/bridgetw/cooking_robot/src/gazebo_plugins/kitchen/meshes) by extensions ['ignore', 'ignore_ament_install']
[1.499s] Level 1:colcon.colcon_core.package_identification:_identify(/home/bridgetw/cooking_robot/src/gazebo_plugins/kitchen/meshes) by extension 'ignore'
[1.500s] Level 1:colcon.colcon_core.package_identification:_identify(/home/bridgetw/cooking_robot/src/gazebo_plugins/kitchen/meshes) by extension 'ignore_ament_install'
[1.500s] Level 1:colcon.colcon_core.package_identification:_identify(/home/bridgetw/cooking_robot/src/gazebo_plugins/kitchen/meshes) by extensions ['colcon_pkg']
[1.500s] Level 1:colcon.colcon_core.package_identification:_identify(/home/bridgetw/cooking_robot/src/gazebo_plugins/kitchen/meshes) by extension 'colcon_pkg'
[1.500s] Level 1:colcon.colcon_core.package_identification:_identify(/home/bridgetw/cooking_robot/src/gazebo_plugins/kitchen/meshes) by extensions ['colcon_meta']
[1.500s] Level 1:colcon.colcon_core.package_identification:_identify(/home/bridgetw/cooking_robot/src/gazebo_plugins/kitchen/meshes) by extension 'colcon_meta'
[1.501s] Level 1:colcon.colcon_core.package_identification:_identify(/home/bridgetw/cooking_robot/src/gazebo_plugins/kitchen/meshes) by extensions ['ros']
[1.501s] Level 1:colcon.colcon_core.package_identification:_identify(/home/bridgetw/cooking_robot/src/gazebo_plugins/kitchen/meshes) by extension 'ros'
[1.501s] Level 1:colcon.colcon_core.package_identification:_identify(/home/bridgetw/cooking_robot/src/gazebo_plugins/kitchen/meshes) by extensions ['cmake', 'python']
[1.501s] Level 1:colcon.colcon_core.package_identification:_identify(/home/bridgetw/cooking_robot/src/gazebo_plugins/kitchen/meshes) by extension 'cmake'
[1.502s] Level 1:colcon.colcon_core.package_identification:_identify(/home/bridgetw/cooking_robot/src/gazebo_plugins/kitchen/meshes) by extension 'python'
[1.502s] Level 1:colcon.colcon_core.package_identification:_identify(/home/bridgetw/cooking_robot/src/gazebo_plugins/kitchen/meshes) by extensions ['python_setup_py']
[1.505s] Level 1:colcon.colcon_core.package_identification:_identify(/home/bridgetw/cooking_robot/src/gazebo_plugins/kitchen/meshes) by extension 'python_setup_py'
[1.506s] Level 1:colcon.colcon_core.package_identification:_identify(/home/bridgetw/cooking_robot/src/install) by extensions ['ignore', 'ignore_ament_install']
[1.507s] Level 1:colcon.colcon_core.package_identification:_identify(/home/bridgetw/cooking_robot/src/install) by extension 'ignore'
[1.508s] Level 1:colcon.colcon_core.package_identification:_identify(/home/bridgetw/cooking_robot/src/install) ignored
[1.508s] Level 1:colcon.colcon_core.package_identification:_identify(/home/bridgetw/cooking_robot/src/log) by extensions ['ignore', 'ignore_ament_install']
[1.509s] Level 1:colcon.colcon_core.package_identification:_identify(/home/bridgetw/cooking_robot/src/log) by extension 'ignore'
[1.510s] Level 1:colcon.colcon_core.package_identification:_identify(/home/bridgetw/cooking_robot/src/log) ignored
[1.510s] Level 1:colcon.colcon_core.package_identification:_identify(/home/bridgetw/cooking_robot/src/my_robot_controller) by extensions ['ignore', 'ignore_ament_install']
[1.510s] Level 1:colcon.colcon_core.package_identification:_identify(/home/bridgetw/cooking_robot/src/my_robot_controller) by extension 'ignore'
[1.511s] Level 1:colcon.colcon_core.package_identification:_identify(/home/bridgetw/cooking_robot/src/my_robot_controller) by extension 'ignore_ament_install'
[1.511s] Level 1:colcon.colcon_core.package_identification:_identify(/home/bridgetw/cooking_robot/src/my_robot_controller) by extensions ['colcon_pkg']
[1.511s] Level 1:colcon.colcon_core.package_identification:_identify(/home/bridgetw/cooking_robot/src/my_robot_controller) by extension 'colcon_pkg'
[1.512s] Level 1:colcon.colcon_core.package_identification:_identify(/home/bridgetw/cooking_robot/src/my_robot_controller) by extensions ['colcon_meta']
[1.512s] Level 1:colcon.colcon_core.package_identification:_identify(/home/bridgetw/cooking_robot/src/my_robot_controller) by extension 'colcon_meta'
[1.512s] Level 1:colcon.colcon_core.package_identification:_identify(/home/bridgetw/cooking_robot/src/my_robot_controller) by extensions ['ros']
[1.513s] Level 1:colcon.colcon_core.package_identification:_identify(/home/bridgetw/cooking_robot/src/my_robot_controller) by extension 'ros'
[1.516s] DEBUG:colcon.colcon_core.package_identification:Package '/home/bridgetw/cooking_robot/src/my_robot_controller' with type 'ros.ament_python' and name 'my_robot_controller'
[1.516s] Level 1:colcon.colcon_core.package_identification:_identify(/home/bridgetw/cooking_robot/src/robot_control) by extensions ['ignore', 'ignore_ament_install']
[1.517s] Level 1:colcon.colcon_core.package_identification:_identify(/home/bridgetw/cooking_robot/src/robot_control) by extension 'ignore'
[1.517s] Level 1:colcon.colcon_core.package_identification:_identify(/home/bridgetw/cooking_robot/src/robot_control) by extension 'ignore_ament_install'
[1.517s] Level 1:colcon.colcon_core.package_identification:_identify(/home/bridgetw/cooking_robot/src/robot_control) by extensions ['colcon_pkg']
[1.517s] Level 1:colcon.colcon_core.package_identification:_identify(/home/bridgetw/cooking_robot/src/robot_control) by extension 'colcon_pkg'
[1.517s] Level 1:colcon.colcon_core.package_identification:_identify(/home/bridgetw/cooking_robot/src/robot_control) by extensions ['colcon_meta']
[1.517s] Level 1:colcon.colcon_core.package_identification:_identify(/home/bridgetw/cooking_robot/src/robot_control) by extension 'colcon_meta'
[1.518s] Level 1:colcon.colcon_core.package_identification:_identify(/home/bridgetw/cooking_robot/src/robot_control) by extensions ['ros']
[1.519s] Level 1:colcon.colcon_core.package_identification:_identify(/home/bridgetw/cooking_robot/src/robot_control) by extension 'ros'
[1.521s] Level 1:colcon.colcon_core.package_identification:_identify(/home/bridgetw/cooking_robot/src/robot_control) by extensions ['cmake', 'python']
[1.523s] Level 1:colcon.colcon_core.package_identification:_identify(/home/bridgetw/cooking_robot/src/robot_control) by extension 'cmake'
[1.524s] Level 1:colcon.colcon_core.package_identification:_identify(/home/bridgetw/cooking_robot/src/robot_control) by extension 'python'
[1.524s] Level 1:colcon.colcon_core.package_identification:_identify(/home/bridgetw/cooking_robot/src/robot_control) by extensions ['python_setup_py']
[1.524s] Level 1:colcon.colcon_core.package_identification:_identify(/home/bridgetw/cooking_robot/src/robot_control) by extension 'python_setup_py'
[1.525s] Level 1:colcon.colcon_core.package_discovery:discover_packages(recursive) using defaults
