[0.485s] DEBUG:colcon:Command line arguments: ['/usr/bin/colcon', 'list', '-p', '--base-paths', '/home/bridgetw/cooking_robot']
[0.486s] DEBUG:colcon:Parsed command line arguments: Namespace(log_base=None, log_level=None, verb_name='list', build_base='build', ignore_user_meta=False, metas=['./colcon.meta'], base_paths=['/home/bridgetw/cooking_robot'], packages_ignore=None, packages_ignore_regex=None, paths=None, packages_up_to=None, packages_up_to_regex=None, packages_above=None, packages_above_and_dependencies=None, packages_above_depth=None, packages_select_by_dep=None, packages_skip_by_dep=None, packages_skip_up_to=None, packages_select_build_failed=False, packages_skip_build_finished=False, packages_select_test_failures=False, packages_skip_test_passed=False, packages_select=None, packages_skip=None, packages_select_regex=None, packages_skip_regex=None, packages_start=None, packages_end=None, allow_overriding=[], topological_order=False, names_only=False, paths_only=True, topological_graph=False, topological_graph_dot=False, topological_graph_density=False, topological_graph_legend=False, topological_graph_dot_cluster=False, topological_graph_dot_include_skipped=False, mixin_files=None, mixin=None, verb_parser=<colcon_mixin.mixin.mixin_argument.MixinArgumentDecorator object at 0x7f57badcadd0>, verb_extension=<colcon_package_information.verb.list.ListVerb object at 0x7f57baeca9b0>, main=<bound method ListVerb.main of <colcon_package_information.verb.list.ListVerb object at 0x7f57baeca9b0>>, mixin_verb=('list',))
[0.937s] Level 1:colcon.colcon_core.package_discovery:discover_packages(colcon_meta) check parameters
[0.938s] Level 1:colcon.colcon_core.package_discovery:discover_packages(recursive) check parameters
[0.938s] Level 1:colcon.colcon_core.package_discovery:discover_packages(ignore) check parameters
[0.938s] Level 1:colcon.colcon_core.package_discovery:discover_packages(path) check parameters
[0.938s] Level 1:colcon.colcon_core.package_discovery:discover_packages(recursive) discover
[0.938s] INFO:colcon.colcon_core.package_discovery:Crawling recursively for packages in '/home/bridgetw/cooking_robot'
[0.938s] Level 1:colcon.colcon_core.package_identification:_identify(/home/bridgetw/cooking_robot) by extensions ['ignore', 'ignore_ament_install']
[0.939s] Level 1:colcon.colcon_core.package_identification:_identify(/home/bridgetw/cooking_robot) by extension 'ignore'
[0.939s] Level 1:colcon.colcon_core.package_identification:_identify(/home/bridgetw/cooking_robot) by extension 'ignore_ament_install'
[0.939s] Level 1:colcon.colcon_core.package_identification:_identify(/home/bridgetw/cooking_robot) by extensions ['colcon_pkg']
[0.939s] Level 1:colcon.colcon_core.package_identification:_identify(/home/bridgetw/cooking_robot) by extension 'colcon_pkg'
[0.939s] Level 1:colcon.colcon_core.package_identification:_identify(/home/bridgetw/cooking_robot) by extensions ['colcon_meta']
[0.939s] Level 1:colcon.colcon_core.package_identification:_identify(/home/bridgetw/cooking_robot) by extension 'colcon_meta'
[0.939s] Level 1:colcon.colcon_core.package_identification:_identify(/home/bridgetw/cooking_robot) by extensions ['ros']
[0.939s] Level 1:colcon.colcon_core.package_identification:_identify(/home/bridgetw/cooking_robot) by extension 'ros'
[0.964s] Level 1:colcon.colcon_core.package_identification:_identify(/home/bridgetw/cooking_robot) by extensions ['cmake', 'python']
[0.964s] Level 1:colcon.colcon_core.package_identification:_identify(/home/bridgetw/cooking_robot) by extension 'cmake'
[0.964s] Level 1:colcon.colcon_core.package_identification:_identify(/home/bridgetw/cooking_robot) by extension 'python'
[0.965s] Level 1:colcon.colcon_core.package_identification:_identify(/home/bridgetw/cooking_robot) by extensions ['python_setup_py']
[0.965s] Level 1:colcon.colcon_core.package_identification:_identify(/home/bridgetw/cooking_robot) by extension 'python_setup_py'
[0.965s] Level 1:colcon.colcon_core.package_identification:_identify(/home/bridgetw/cooking_robot/build) by extensions ['ignore', 'ignore_ament_install']
[0.965s] Level 1:colcon.colcon_core.package_identification:_identify(/home/bridgetw/cooking_robot/build) by extension 'ignore'
[0.965s] Level 1:colcon.colcon_core.package_identification:_identify(/home/bridgetw/cooking_robot/build) ignored
[0.965s] Level 1:colcon.colcon_core.package_identification:_identify(/home/bridgetw/cooking_robot/install) by extensions ['ignore', 'ignore_ament_install']
[0.966s] Level 1:colcon.colcon_core.package_identification:_identify(/home/bridgetw/cooking_robot/install) by extension 'ignore'
[0.966s] Level 1:colcon.colcon_core.package_identification:_identify(/home/bridgetw/cooking_robot/install) ignored
[0.966s] Level 1:colcon.colcon_core.package_identification:_identify(/home/bridgetw/cooking_robot/log) by extensions ['ignore', 'ignore_ament_install']
[0.966s] Level 1:colcon.colcon_core.package_identification:_identify(/home/bridgetw/cooking_robot/log) by extension 'ignore'
[0.966s] Level 1:colcon.colcon_core.package_identification:_identify(/home/bridgetw/cooking_robot/log) ignored
[0.966s] Level 1:colcon.colcon_core.package_identification:_identify(/home/bridgetw/cooking_robot/src) by extensions ['ignore', 'ignore_ament_install']
[0.969s] Level 1:colcon.colcon_core.package_identification:_identify(/home/bridgetw/cooking_robot/src) by extension 'ignore'
[0.969s] Level 1:colcon.colcon_core.package_identification:_identify(/home/bridgetw/cooking_robot/src) by extension 'ignore_ament_install'
[0.969s] Level 1:colcon.colcon_core.package_identification:_identify(/home/bridgetw/cooking_robot/src) by extensions ['colcon_pkg']
[0.969s] Level 1:colcon.colcon_core.package_identification:_identify(/home/bridgetw/cooking_robot/src) by extension 'colcon_pkg'
[0.970s] Level 1:colcon.colcon_core.package_identification:_identify(/home/bridgetw/cooking_robot/src) by extensions ['colcon_meta']
[0.970s] Level 1:colcon.colcon_core.package_identification:_identify(/home/bridgetw/cooking_robot/src) by extension 'colcon_meta'
[0.971s] Level 1:colcon.colcon_core.package_identification:_identify(/home/bridgetw/cooking_robot/src) by extensions ['ros']
[0.971s] Level 1:colcon.colcon_core.package_identification:_identify(/home/bridgetw/cooking_robot/src) by extension 'ros'
[0.971s] Level 1:colcon.colcon_core.package_identification:_identify(/home/bridgetw/cooking_robot/src) by extensions ['cmake', 'python']
[0.971s] Level 1:colcon.colcon_core.package_identification:_identify(/home/bridgetw/cooking_robot/src) by extension 'cmake'
[0.971s] Level 1:colcon.colcon_core.package_identification:_identify(/home/bridgetw/cooking_robot/src) by extension 'python'
[0.972s] Level 1:colcon.colcon_core.package_identification:_identify(/home/bridgetw/cooking_robot/src) by extensions ['python_setup_py']
[0.972s] Level 1:colcon.colcon_core.package_identification:_identify(/home/bridgetw/cooking_robot/src) by extension 'python_setup_py'
[0.972s] Level 1:colcon.colcon_core.package_identification:_identify(/home/bridgetw/cooking_robot/src/Universal_Robots_ROS2_Description) by extensions ['ignore', 'ignore_ament_install']
[0.973s] Level 1:colcon.colcon_core.package_identification:_identify(/home/bridgetw/cooking_robot/src/Universal_Robots_ROS2_Description) by extension 'ignore'
[0.973s] Level 1:colcon.colcon_core.package_identification:_identify(/home/bridgetw/cooking_robot/src/Universal_Robots_ROS2_Description) by extension 'ignore_ament_install'
[0.974s] Level 1:colcon.colcon_core.package_identification:_identify(/home/bridgetw/cooking_robot/src/Universal_Robots_ROS2_Description) by extensions ['colcon_pkg']
[0.974s] Level 1:colcon.colcon_core.package_identification:_identify(/home/bridgetw/cooking_robot/src/Universal_Robots_ROS2_Description) by extension 'colcon_pkg'
[0.975s] Level 1:colcon.colcon_core.package_identification:_identify(/home/bridgetw/cooking_robot/src/Universal_Robots_ROS2_Description) by extensions ['colcon_meta']
[0.975s] Level 1:colcon.colcon_core.package_identification:_identify(/home/bridgetw/cooking_robot/src/Universal_Robots_ROS2_Description) by extension 'colcon_meta'
[0.975s] Level 1:colcon.colcon_core.package_identification:_identify(/home/bridgetw/cooking_robot/src/Universal_Robots_ROS2_Description) by extensions ['ros']
[0.975s] Level 1:colcon.colcon_core.package_identification:_identify(/home/bridgetw/cooking_robot/src/Universal_Robots_ROS2_Description) by extension 'ros'
[0.981s] DEBUG:colcon.colcon_core.package_identification:Package '/home/bridgetw/cooking_robot/src/Universal_Robots_ROS2_Description' with type 'ros.ament_cmake' and name 'ur_description'
[0.982s] Level 1:colcon.colcon_core.package_identification:_identify(/home/bridgetw/cooking_robot/src/gazebo_plugins) by extensions ['ignore', 'ignore_ament_install']
[0.982s] Level 1:colcon.colcon_core.package_identification:_identify(/home/bridgetw/cooking_robot/src/gazebo_plugins) by extension 'ignore'
[0.982s] Level 1:colcon.colcon_core.package_identification:_identify(/home/bridgetw/cooking_robot/src/gazebo_plugins) by extension 'ignore_ament_install'
[0.982s] Level 1:colcon.colcon_core.package_identification:_identify(/home/bridgetw/cooking_robot/src/gazebo_plugins) by extensions ['colcon_pkg']
[0.982s] Level 1:colcon.colcon_core.package_identification:_identify(/home/bridgetw/cooking_robot/src/gazebo_plugins) by extension 'colcon_pkg'
[0.982s] Level 1:colcon.colcon_core.package_identification:_identify(/home/bridgetw/cooking_robot/src/gazebo_plugins) by extensions ['colcon_meta']
[0.982s] Level 1:colcon.colcon_core.package_identification:_identify(/home/bridgetw/cooking_robot/src/gazebo_plugins) by extension 'colcon_meta'
[0.983s] Level 1:colcon.colcon_core.package_identification:_identify(/home/bridgetw/cooking_robot/src/gazebo_plugins) by extensions ['ros']
[0.983s] Level 1:colcon.colcon_core.package_identification:_identify(/home/bridgetw/cooking_robot/src/gazebo_plugins) by extension 'ros'
[0.983s] Level 1:colcon.colcon_core.package_identification:_identify(/home/bridgetw/cooking_robot/src/gazebo_plugins) by extensions ['cmake', 'python']
[0.984s] Level 1:colcon.colcon_core.package_identification:_identify(/home/bridgetw/cooking_robot/src/gazebo_plugins) by extension 'cmake'
[0.986s] Level 1:colcon.colcon_core.package_identification:_identify(/home/bridgetw/cooking_robot/src/gazebo_plugins) by extension 'python'
[0.987s] Level 1:colcon.colcon_core.package_identification:_identify(/home/bridgetw/cooking_robot/src/gazebo_plugins) by extensions ['python_setup_py']
[0.987s] Level 1:colcon.colcon_core.package_identification:_identify(/home/bridgetw/cooking_robot/src/gazebo_plugins) by extension 'python_setup_py'
[0.988s] Level 1:colcon.colcon_core.package_identification:_identify(/home/bridgetw/cooking_robot/src/gazebo_plugins/kitchen) by extensions ['ignore', 'ignore_ament_install']
[0.989s] Level 1:colcon.colcon_core.package_identification:_identify(/home/bridgetw/cooking_robot/src/gazebo_plugins/kitchen) by extension 'ignore'
[0.989s] Level 1:colcon.colcon_core.package_identification:_identify(/home/bridgetw/cooking_robot/src/gazebo_plugins/kitchen) by extension 'ignore_ament_install'
[0.990s] Level 1:colcon.colcon_core.package_identification:_identify(/home/bridgetw/cooking_robot/src/gazebo_plugins/kitchen) by extensions ['colcon_pkg']
[0.990s] Level 1:colcon.colcon_core.package_identification:_identify(/home/bridgetw/cooking_robot/src/gazebo_plugins/kitchen) by extension 'colcon_pkg'
[0.990s] Level 1:colcon.colcon_core.package_identification:_identify(/home/bridgetw/cooking_robot/src/gazebo_plugins/kitchen) by extensions ['colcon_meta']
[0.991s] Level 1:colcon.colcon_core.package_identification:_identify(/home/bridgetw/cooking_robot/src/gazebo_plugins/kitchen) by extension 'colcon_meta'
[0.991s] Level 1:colcon.colcon_core.package_identification:_identify(/home/bridgetw/cooking_robot/src/gazebo_plugins/kitchen) by extensions ['ros']
[0.991s] Level 1:colcon.colcon_core.package_identification:_identify(/home/bridgetw/cooking_robot/src/gazebo_plugins/kitchen) by extension 'ros'
[0.991s] Level 1:colcon.colcon_core.package_identification:_identify(/home/bridgetw/cooking_robot/src/gazebo_plugins/kitchen) by extensions ['cmake', 'python']
[0.991s] Level 1:colcon.colcon_core.package_identification:_identify(/home/bridgetw/cooking_robot/src/gazebo_plugins/kitchen) by extension 'cmake'
[0.992s] Level 1:colcon.colcon_core.package_identification:_identify(/home/bridgetw/cooking_robot/src/gazebo_plugins/kitchen) by extension 'python'
[0.992s] Level 1:colcon.colcon_core.package_identification:_identify(/home/bridgetw/cooking_robot/src/gazebo_plugins/kitchen) by extensions ['python_setup_py']
[0.992s] Level 1:colcon.colcon_core.package_identification:_identify(/home/bridgetw/cooking_robot/src/gazebo_plugins/kitchen) by extension 'python_setup_py'
[0.993s] Level 1:colcon.colcon_core.package_identification:_identify(/home/bridgetw/cooking_robot/src/gazebo_plugins/kitchen/materials) by extensions ['ignore', 'ignore_ament_install']
[0.993s] Level 1:colcon.colcon_core.package_identification:_identify(/home/bridgetw/cooking_robot/src/gazebo_plugins/kitchen/materials) by extension 'ignore'
[0.993s] Level 1:colcon.colcon_core.package_identification:_identify(/home/bridgetw/cooking_robot/src/gazebo_plugins/kitchen/materials) by extension 'ignore_ament_install'
[0.993s] Level 1:colcon.colcon_core.package_identification:_identify(/home/bridgetw/cooking_robot/src/gazebo_plugins/kitchen/materials) by extensions ['colcon_pkg']
[0.993s] Level 1:colcon.colcon_core.package_identification:_identify(/home/bridgetw/cooking_robot/src/gazebo_plugins/kitchen/materials) by extension 'colcon_pkg'
[0.993s] Level 1:colcon.colcon_core.package_identification:_identify(/home/bridgetw/cooking_robot/src/gazebo_plugins/kitchen/materials) by extensions ['colcon_meta']
[0.994s] Level 1:colcon.colcon_core.package_identification:_identify(/home/bridgetw/cooking_robot/src/gazebo_plugins/kitchen/materials) by extension 'colcon_meta'
[0.994s] Level 1:colcon.colcon_core.package_identification:_identify(/home/bridgetw/cooking_robot/src/gazebo_plugins/kitchen/materials) by extensions ['ros']
[0.994s] Level 1:colcon.colcon_core.package_identification:_identify(/home/bridgetw/cooking_robot/src/gazebo_plugins/kitchen/materials) by extension 'ros'
[0.994s] Level 1:colcon.colcon_core.package_identification:_identify(/home/bridgetw/cooking_robot/src/gazebo_plugins/kitchen/materials) by extensions ['cmake', 'python']
[0.994s] Level 1:colcon.colcon_core.package_identification:_identify(/home/bridgetw/cooking_robot/src/gazebo_plugins/kitchen/materials) by extension 'cmake'
[0.994s] Level 1:colcon.colcon_core.package_identification:_identify(/home/bridgetw/cooking_robot/src/gazebo_plugins/kitchen/materials) by extension 'python'
[0.994s] Level 1:colcon.colcon_core.package_identification:_identify(/home/bridgetw/cooking_robot/src/gazebo_plugins/kitchen/materials) by extensions ['python_setup_py']
[0.994s] Level 1:colcon.colcon_core.package_identification:_identify(/home/bridgetw/cooking_robot/src/gazebo_plugins/kitchen/materials) by extension 'python_setup_py'
[0.994s] Level 1:colcon.colcon_core.package_identification:_identify(/home/bridgetw/cooking_robot/src/gazebo_plugins/kitchen/materials/textures) by extensions ['ignore', 'ignore_ament_install']
[0.995s] Level 1:colcon.colcon_core.package_identification:_identify(/home/bridgetw/cooking_robot/src/gazebo_plugins/kitchen/materials/textures) by extension 'ignore'
[0.995s] Level 1:colcon.colcon_core.package_identification:_identify(/home/bridgetw/cooking_robot/src/gazebo_plugins/kitchen/materials/textures) by extension 'ignore_ament_install'
[0.995s] Level 1:colcon.colcon_core.package_identification:_identify(/home/bridgetw/cooking_robot/src/gazebo_plugins/kitchen/materials/textures) by extensions ['colcon_pkg']
[0.995s] Level 1:colcon.colcon_core.package_identification:_identify(/home/bridgetw/cooking_robot/src/gazebo_plugins/kitchen/materials/textures) by extension 'colcon_pkg'
[0.995s] Level 1:colcon.colcon_core.package_identification:_identify(/home/bridgetw/cooking_robot/src/gazebo_plugins/kitchen/materials/textures) by extensions ['colcon_meta']
[0.995s] Level 1:colcon.colcon_core.package_identification:_identify(/home/bridgetw/cooking_robot/src/gazebo_plugins/kitchen/materials/textures) by extension 'colcon_meta'
[0.995s] Level 1:colcon.colcon_core.package_identification:_identify(/home/bridgetw/cooking_robot/src/gazebo_plugins/kitchen/materials/textures) by extensions ['ros']
[0.995s] Level 1:colcon.colcon_core.package_identification:_identify(/home/bridgetw/cooking_robot/src/gazebo_plugins/kitchen/materials/textures) by extension 'ros'
[0.996s] Level 1:colcon.colcon_core.package_identification:_identify(/home/bridgetw/cooking_robot/src/gazebo_plugins/kitchen/materials/textures) by extensions ['cmake', 'python']
[0.996s] Level 1:colcon.colcon_core.package_identification:_identify(/home/bridgetw/cooking_robot/src/gazebo_plugins/kitchen/materials/textures) by extension 'cmake'
[0.996s] Level 1:colcon.colcon_core.package_identification:_identify(/home/bridgetw/cooking_robot/src/gazebo_plugins/kitchen/materials/textures) by extension 'python'
[0.996s] Level 1:colcon.colcon_core.package_identification:_identify(/home/bridgetw/cooking_robot/src/gazebo_plugins/kitchen/materials/textures) by extensions ['python_setup_py']
[0.996s] Level 1:colcon.colcon_core.package_identification:_identify(/home/bridgetw/cooking_robot/src/gazebo_plugins/kitchen/materials/textures) by extension 'python_setup_py'
[0.996s] Level 1:colcon.colcon_core.package_identification:_identify(/home/bridgetw/cooking_robot/src/gazebo_plugins/kitchen/meshes) by extensions ['ignore', 'ignore_ament_install']
[0.996s] Level 1:colcon.colcon_core.package_identification:_identify(/home/bridgetw/cooking_robot/src/gazebo_plugins/kitchen/meshes) by extension 'ignore'
[0.997s] Level 1:colcon.colcon_core.package_identification:_identify(/home/bridgetw/cooking_robot/src/gazebo_plugins/kitchen/meshes) by extension 'ignore_ament_install'
[0.997s] Level 1:colcon.colcon_core.package_identification:_identify(/home/bridgetw/cooking_robot/src/gazebo_plugins/kitchen/meshes) by extensions ['colcon_pkg']
[0.997s] Level 1:colcon.colcon_core.package_identification:_identify(/home/bridgetw/cooking_robot/src/gazebo_plugins/kitchen/meshes) by extension 'colcon_pkg'
[0.997s] Level 1:colcon.colcon_core.package_identification:_identify(/home/bridgetw/cooking_robot/src/gazebo_plugins/kitchen/meshes) by extensions ['colcon_meta']
[0.997s] Level 1:colcon.colcon_core.package_identification:_identify(/home/bridgetw/cooking_robot/src/gazebo_plugins/kitchen/meshes) by extension 'colcon_meta'
[0.997s] Level 1:colcon.colcon_core.package_identification:_identify(/home/bridgetw/cooking_robot/src/gazebo_plugins/kitchen/meshes) by extensions ['ros']
[0.997s] Level 1:colcon.colcon_core.package_identification:_identify(/home/bridgetw/cooking_robot/src/gazebo_plugins/kitchen/meshes) by extension 'ros'
[0.998s] Level 1:colcon.colcon_core.package_identification:_identify(/home/bridgetw/cooking_robot/src/gazebo_plugins/kitchen/meshes) by extensions ['cmake', 'python']
[0.998s] Level 1:colcon.colcon_core.package_identification:_identify(/home/bridgetw/cooking_robot/src/gazebo_plugins/kitchen/meshes) by extension 'cmake'
[0.998s] Level 1:colcon.colcon_core.package_identification:_identify(/home/bridgetw/cooking_robot/src/gazebo_plugins/kitchen/meshes) by extension 'python'
[0.998s] Level 1:colcon.colcon_core.package_identification:_identify(/home/bridgetw/cooking_robot/src/gazebo_plugins/kitchen/meshes) by extensions ['python_setup_py']
[0.998s] Level 1:colcon.colcon_core.package_identification:_identify(/home/bridgetw/cooking_robot/src/gazebo_plugins/kitchen/meshes) by extension 'python_setup_py'
[0.998s] Level 1:colcon.colcon_core.package_identification:_identify(/home/bridgetw/cooking_robot/src/my_robot_controller) by extensions ['ignore', 'ignore_ament_install']
[0.998s] Level 1:colcon.colcon_core.package_identification:_identify(/home/bridgetw/cooking_robot/src/my_robot_controller) by extension 'ignore'
[0.999s] Level 1:colcon.colcon_core.package_identification:_identify(/home/bridgetw/cooking_robot/src/my_robot_controller) by extension 'ignore_ament_install'
[0.999s] Level 1:colcon.colcon_core.package_identification:_identify(/home/bridgetw/cooking_robot/src/my_robot_controller) by extensions ['colcon_pkg']
[0.999s] Level 1:colcon.colcon_core.package_identification:_identify(/home/bridgetw/cooking_robot/src/my_robot_controller) by extension 'colcon_pkg'
[0.999s] Level 1:colcon.colcon_core.package_identification:_identify(/home/bridgetw/cooking_robot/src/my_robot_controller) by extensions ['colcon_meta']
[0.999s] Level 1:colcon.colcon_core.package_identification:_identify(/home/bridgetw/cooking_robot/src/my_robot_controller) by extension 'colcon_meta'
[0.999s] Level 1:colcon.colcon_core.package_identification:_identify(/home/bridgetw/cooking_robot/src/my_robot_controller) by extensions ['ros']
[0.999s] Level 1:colcon.colcon_core.package_identification:_identify(/home/bridgetw/cooking_robot/src/my_robot_controller) by extension 'ros'
[1.003s] DEBUG:colcon.colcon_core.package_identification:Package '/home/bridgetw/cooking_robot/src/my_robot_controller' with type 'ros.ament_python' and name 'my_robot_controller'
[1.003s] Level 1:colcon.colcon_core.package_identification:_identify(/home/bridgetw/cooking_robot/src/robot_control) by extensions ['ignore', 'ignore_ament_install']
[1.003s] Level 1:colcon.colcon_core.package_identification:_identify(/home/bridgetw/cooking_robot/src/robot_control) by extension 'ignore'
[1.004s] Level 1:colcon.colcon_core.package_identification:_identify(/home/bridgetw/cooking_robot/src/robot_control) by extension 'ignore_ament_install'
[1.004s] Level 1:colcon.colcon_core.package_identification:_identify(/home/bridgetw/cooking_robot/src/robot_control) by extensions ['colcon_pkg']
[1.004s] Level 1:colcon.colcon_core.package_identification:_identify(/home/bridgetw/cooking_robot/src/robot_control) by extension 'colcon_pkg'
[1.004s] Level 1:colcon.colcon_core.package_identification:_identify(/home/bridgetw/cooking_robot/src/robot_control) by extensions ['colcon_meta']
[1.004s] Level 1:colcon.colcon_core.package_identification:_identify(/home/bridgetw/cooking_robot/src/robot_control) by extension 'colcon_meta'
[1.005s] Level 1:colcon.colcon_core.package_identification:_identify(/home/bridgetw/cooking_robot/src/robot_control) by extensions ['ros']
[1.005s] Level 1:colcon.colcon_core.package_identification:_identify(/home/bridgetw/cooking_robot/src/robot_control) by extension 'ros'
[1.005s] Level 1:colcon.colcon_core.package_identification:_identify(/home/bridgetw/cooking_robot/src/robot_control) by extensions ['cmake', 'python']
[1.005s] Level 1:colcon.colcon_core.package_identification:_identify(/home/bridgetw/cooking_robot/src/robot_control) by extension 'cmake'
[1.006s] Level 1:colcon.colcon_core.package_identification:_identify(/home/bridgetw/cooking_robot/src/robot_control) by extension 'python'
[1.006s] Level 1:colcon.colcon_core.package_identification:_identify(/home/bridgetw/cooking_robot/src/robot_control) by extensions ['python_setup_py']
[1.006s] Level 1:colcon.colcon_core.package_identification:_identify(/home/bridgetw/cooking_robot/src/robot_control) by extension 'python_setup_py'
[1.006s] Level 1:colcon.colcon_core.package_discovery:discover_packages(recursive) using defaults
