[0.632s] DEBUG:colcon:Command line arguments: ['/usr/bin/colcon', 'build']
[0.632s] DEBUG:colcon:Parsed command line arguments: Namespace(log_base=None, log_level=None, verb_name='build', build_base='build', install_base='install', merge_install=False, symlink_install=False, test_result_base=None, continue_on_error=False, executor='parallel', parallel_workers=8, event_handlers=None, ignore_user_meta=False, metas=['./colcon.meta'], base_paths=['.'], packages_ignore=None, packages_ignore_regex=None, paths=None, packages_up_to=None, packages_up_to_regex=None, packages_above=None, packages_above_and_dependencies=None, packages_above_depth=None, packages_select_by_dep=None, packages_skip_by_dep=None, packages_skip_up_to=None, packages_select_build_failed=False, packages_skip_build_finished=False, packages_select_test_failures=False, packages_skip_test_passed=False, packages_select=None, packages_skip=None, packages_select_regex=None, packages_skip_regex=None, packages_start=None, packages_end=None, allow_overriding=[], cmake_args=None, cmake_target=None, cmake_target_skip_unavailable=False, cmake_clean_cache=False, cmake_clean_first=False, cmake_force_configure=False, ament_cmake_args=None, catkin_cmake_args=None, catkin_skip_building_tests=False, mixin_files=None, mixin=None, verb_parser=<colcon_mixin.mixin.mixin_argument.MixinArgumentDecorator object at 0x7f0ed9aaa5c0>, verb_extension=<colcon_core.verb.build.BuildVerb object at 0x7f0ed9aa9b40>, main=<bound method BuildVerb.main of <colcon_core.verb.build.BuildVerb object at 0x7f0ed9aa9b40>>, mixin_verb=('build',))
[0.856s] Level 1:colcon.colcon_core.package_discovery:discover_packages(colcon_meta) check parameters
[0.856s] Level 1:colcon.colcon_core.package_discovery:discover_packages(recursive) check parameters
[0.856s] Level 1:colcon.colcon_core.package_discovery:discover_packages(ignore) check parameters
[0.856s] Level 1:colcon.colcon_core.package_discovery:discover_packages(path) check parameters
[0.856s] Level 1:colcon.colcon_core.package_discovery:discover_packages(colcon_meta) discover
[0.856s] Level 1:colcon.colcon_core.package_discovery:discover_packages(recursive) discover
[0.856s] INFO:colcon.colcon_core.package_discovery:Crawling recursively for packages in '/home/bridgetw/cooking_robot'
[0.856s] Level 1:colcon.colcon_core.package_identification:_identify(.) by extensions ['ignore', 'ignore_ament_install']
[0.856s] Level 1:colcon.colcon_core.package_identification:_identify(.) by extension 'ignore'
[0.856s] Level 1:colcon.colcon_core.package_identification:_identify(.) by extension 'ignore_ament_install'
[0.856s] Level 1:colcon.colcon_core.package_identification:_identify(.) by extensions ['colcon_pkg']
[0.856s] Level 1:colcon.colcon_core.package_identification:_identify(.) by extension 'colcon_pkg'
[0.856s] Level 1:colcon.colcon_core.package_identification:_identify(.) by extensions ['colcon_meta']
[0.856s] Level 1:colcon.colcon_core.package_identification:_identify(.) by extension 'colcon_meta'
[0.856s] Level 1:colcon.colcon_core.package_identification:_identify(.) by extensions ['ros']
[0.856s] Level 1:colcon.colcon_core.package_identification:_identify(.) by extension 'ros'
[0.868s] Level 1:colcon.colcon_core.package_identification:_identify(.) by extensions ['cmake', 'python']
[0.868s] Level 1:colcon.colcon_core.package_identification:_identify(.) by extension 'cmake'
[0.868s] Level 1:colcon.colcon_core.package_identification:_identify(.) by extension 'python'
[0.868s] Level 1:colcon.colcon_core.package_identification:_identify(.) by extensions ['python_setup_py']
[0.868s] Level 1:colcon.colcon_core.package_identification:_identify(.) by extension 'python_setup_py'
[0.868s] Level 1:colcon.colcon_core.package_identification:_identify(build) by extensions ['ignore', 'ignore_ament_install']
[0.868s] Level 1:colcon.colcon_core.package_identification:_identify(build) by extension 'ignore'
[0.868s] Level 1:colcon.colcon_core.package_identification:_identify(build) ignored
[0.868s] Level 1:colcon.colcon_core.package_identification:_identify(install) by extensions ['ignore', 'ignore_ament_install']
[0.868s] Level 1:colcon.colcon_core.package_identification:_identify(install) by extension 'ignore'
[0.868s] Level 1:colcon.colcon_core.package_identification:_identify(install) ignored
[0.868s] Level 1:colcon.colcon_core.package_identification:_identify(log) by extensions ['ignore', 'ignore_ament_install']
[0.868s] Level 1:colcon.colcon_core.package_identification:_identify(log) by extension 'ignore'
[0.869s] Level 1:colcon.colcon_core.package_identification:_identify(log) ignored
[0.869s] Level 1:colcon.colcon_core.package_identification:_identify(src) by extensions ['ignore', 'ignore_ament_install']
[0.869s] Level 1:colcon.colcon_core.package_identification:_identify(src) by extension 'ignore'
[0.869s] Level 1:colcon.colcon_core.package_identification:_identify(src) by extension 'ignore_ament_install'
[0.869s] Level 1:colcon.colcon_core.package_identification:_identify(src) by extensions ['colcon_pkg']
[0.869s] Level 1:colcon.colcon_core.package_identification:_identify(src) by extension 'colcon_pkg'
[0.869s] Level 1:colcon.colcon_core.package_identification:_identify(src) by extensions ['colcon_meta']
[0.869s] Level 1:colcon.colcon_core.package_identification:_identify(src) by extension 'colcon_meta'
[0.869s] Level 1:colcon.colcon_core.package_identification:_identify(src) by extensions ['ros']
[0.869s] Level 1:colcon.colcon_core.package_identification:_identify(src) by extension 'ros'
[0.869s] Level 1:colcon.colcon_core.package_identification:_identify(src) by extensions ['cmake', 'python']
[0.869s] Level 1:colcon.colcon_core.package_identification:_identify(src) by extension 'cmake'
[0.869s] Level 1:colcon.colcon_core.package_identification:_identify(src) by extension 'python'
[0.869s] Level 1:colcon.colcon_core.package_identification:_identify(src) by extensions ['python_setup_py']
[0.869s] Level 1:colcon.colcon_core.package_identification:_identify(src) by extension 'python_setup_py'
[0.869s] Level 1:colcon.colcon_core.package_identification:_identify(src/Universal_Robots_ROS2_Description) by extensions ['ignore', 'ignore_ament_install']
[0.869s] Level 1:colcon.colcon_core.package_identification:_identify(src/Universal_Robots_ROS2_Description) by extension 'ignore'
[0.869s] Level 1:colcon.colcon_core.package_identification:_identify(src/Universal_Robots_ROS2_Description) by extension 'ignore_ament_install'
[0.869s] Level 1:colcon.colcon_core.package_identification:_identify(src/Universal_Robots_ROS2_Description) by extensions ['colcon_pkg']
[0.869s] Level 1:colcon.colcon_core.package_identification:_identify(src/Universal_Robots_ROS2_Description) by extension 'colcon_pkg'
[0.869s] Level 1:colcon.colcon_core.package_identification:_identify(src/Universal_Robots_ROS2_Description) by extensions ['colcon_meta']
[0.869s] Level 1:colcon.colcon_core.package_identification:_identify(src/Universal_Robots_ROS2_Description) by extension 'colcon_meta'
[0.870s] Level 1:colcon.colcon_core.package_identification:_identify(src/Universal_Robots_ROS2_Description) by extensions ['ros']
[0.870s] Level 1:colcon.colcon_core.package_identification:_identify(src/Universal_Robots_ROS2_Description) by extension 'ros'
[0.872s] DEBUG:colcon.colcon_core.package_identification:Package 'src/Universal_Robots_ROS2_Description' with type 'ros.ament_cmake' and name 'ur_description'
[0.872s] Level 1:colcon.colcon_core.package_identification:_identify(src/build) by extensions ['ignore', 'ignore_ament_install']
[0.872s] Level 1:colcon.colcon_core.package_identification:_identify(src/build) by extension 'ignore'
[0.872s] Level 1:colcon.colcon_core.package_identification:_identify(src/build) ignored
[0.872s] Level 1:colcon.colcon_core.package_identification:_identify(src/gazebo_plugins) by extensions ['ignore', 'ignore_ament_install']
[0.872s] Level 1:colcon.colcon_core.package_identification:_identify(src/gazebo_plugins) by extension 'ignore'
[0.872s] Level 1:colcon.colcon_core.package_identification:_identify(src/gazebo_plugins) by extension 'ignore_ament_install'
[0.873s] Level 1:colcon.colcon_core.package_identification:_identify(src/gazebo_plugins) by extensions ['colcon_pkg']
[0.873s] Level 1:colcon.colcon_core.package_identification:_identify(src/gazebo_plugins) by extension 'colcon_pkg'
[0.873s] Level 1:colcon.colcon_core.package_identification:_identify(src/gazebo_plugins) by extensions ['colcon_meta']
[0.873s] Level 1:colcon.colcon_core.package_identification:_identify(src/gazebo_plugins) by extension 'colcon_meta'
[0.873s] Level 1:colcon.colcon_core.package_identification:_identify(src/gazebo_plugins) by extensions ['ros']
[0.873s] Level 1:colcon.colcon_core.package_identification:_identify(src/gazebo_plugins) by extension 'ros'
[0.873s] Level 1:colcon.colcon_core.package_identification:_identify(src/gazebo_plugins) by extensions ['cmake', 'python']
[0.873s] Level 1:colcon.colcon_core.package_identification:_identify(src/gazebo_plugins) by extension 'cmake'
[0.873s] Level 1:colcon.colcon_core.package_identification:_identify(src/gazebo_plugins) by extension 'python'
[0.873s] Level 1:colcon.colcon_core.package_identification:_identify(src/gazebo_plugins) by extensions ['python_setup_py']
[0.873s] Level 1:colcon.colcon_core.package_identification:_identify(src/gazebo_plugins) by extension 'python_setup_py'
[0.873s] Level 1:colcon.colcon_core.package_identification:_identify(src/gazebo_plugins/kitchen) by extensions ['ignore', 'ignore_ament_install']
[0.873s] Level 1:colcon.colcon_core.package_identification:_identify(src/gazebo_plugins/kitchen) by extension 'ignore'
[0.873s] Level 1:colcon.colcon_core.package_identification:_identify(src/gazebo_plugins/kitchen) by extension 'ignore_ament_install'
[0.873s] Level 1:colcon.colcon_core.package_identification:_identify(src/gazebo_plugins/kitchen) by extensions ['colcon_pkg']
[0.873s] Level 1:colcon.colcon_core.package_identification:_identify(src/gazebo_plugins/kitchen) by extension 'colcon_pkg'
[0.873s] Level 1:colcon.colcon_core.package_identification:_identify(src/gazebo_plugins/kitchen) by extensions ['colcon_meta']
[0.873s] Level 1:colcon.colcon_core.package_identification:_identify(src/gazebo_plugins/kitchen) by extension 'colcon_meta'
[0.873s] Level 1:colcon.colcon_core.package_identification:_identify(src/gazebo_plugins/kitchen) by extensions ['ros']
[0.873s] Level 1:colcon.colcon_core.package_identification:_identify(src/gazebo_plugins/kitchen) by extension 'ros'
[0.873s] Level 1:colcon.colcon_core.package_identification:_identify(src/gazebo_plugins/kitchen) by extensions ['cmake', 'python']
[0.873s] Level 1:colcon.colcon_core.package_identification:_identify(src/gazebo_plugins/kitchen) by extension 'cmake'
[0.873s] Level 1:colcon.colcon_core.package_identification:_identify(src/gazebo_plugins/kitchen) by extension 'python'
[0.873s] Level 1:colcon.colcon_core.package_identification:_identify(src/gazebo_plugins/kitchen) by extensions ['python_setup_py']
[0.873s] Level 1:colcon.colcon_core.package_identification:_identify(src/gazebo_plugins/kitchen) by extension 'python_setup_py'
[0.873s] Level 1:colcon.colcon_core.package_identification:_identify(src/gazebo_plugins/kitchen/materials) by extensions ['ignore', 'ignore_ament_install']
[0.874s] Level 1:colcon.colcon_core.package_identification:_identify(src/gazebo_plugins/kitchen/materials) by extension 'ignore'
[0.874s] Level 1:colcon.colcon_core.package_identification:_identify(src/gazebo_plugins/kitchen/materials) by extension 'ignore_ament_install'
[0.874s] Level 1:colcon.colcon_core.package_identification:_identify(src/gazebo_plugins/kitchen/materials) by extensions ['colcon_pkg']
[0.874s] Level 1:colcon.colcon_core.package_identification:_identify(src/gazebo_plugins/kitchen/materials) by extension 'colcon_pkg'
[0.874s] Level 1:colcon.colcon_core.package_identification:_identify(src/gazebo_plugins/kitchen/materials) by extensions ['colcon_meta']
[0.874s] Level 1:colcon.colcon_core.package_identification:_identify(src/gazebo_plugins/kitchen/materials) by extension 'colcon_meta'
[0.874s] Level 1:colcon.colcon_core.package_identification:_identify(src/gazebo_plugins/kitchen/materials) by extensions ['ros']
[0.874s] Level 1:colcon.colcon_core.package_identification:_identify(src/gazebo_plugins/kitchen/materials) by extension 'ros'
[0.874s] Level 1:colcon.colcon_core.package_identification:_identify(src/gazebo_plugins/kitchen/materials) by extensions ['cmake', 'python']
[0.874s] Level 1:colcon.colcon_core.package_identification:_identify(src/gazebo_plugins/kitchen/materials) by extension 'cmake'
[0.874s] Level 1:colcon.colcon_core.package_identification:_identify(src/gazebo_plugins/kitchen/materials) by extension 'python'
[0.874s] Level 1:colcon.colcon_core.package_identification:_identify(src/gazebo_plugins/kitchen/materials) by extensions ['python_setup_py']
[0.874s] Level 1:colcon.colcon_core.package_identification:_identify(src/gazebo_plugins/kitchen/materials) by extension 'python_setup_py'
[0.874s] Level 1:colcon.colcon_core.package_identification:_identify(src/gazebo_plugins/kitchen/materials/textures) by extensions ['ignore', 'ignore_ament_install']
[0.874s] Level 1:colcon.colcon_core.package_identification:_identify(src/gazebo_plugins/kitchen/materials/textures) by extension 'ignore'
[0.874s] Level 1:colcon.colcon_core.package_identification:_identify(src/gazebo_plugins/kitchen/materials/textures) by extension 'ignore_ament_install'
[0.874s] Level 1:colcon.colcon_core.package_identification:_identify(src/gazebo_plugins/kitchen/materials/textures) by extensions ['colcon_pkg']
[0.874s] Level 1:colcon.colcon_core.package_identification:_identify(src/gazebo_plugins/kitchen/materials/textures) by extension 'colcon_pkg'
[0.874s] Level 1:colcon.colcon_core.package_identification:_identify(src/gazebo_plugins/kitchen/materials/textures) by extensions ['colcon_meta']
[0.874s] Level 1:colcon.colcon_core.package_identification:_identify(src/gazebo_plugins/kitchen/materials/textures) by extension 'colcon_meta'
[0.874s] Level 1:colcon.colcon_core.package_identification:_identify(src/gazebo_plugins/kitchen/materials/textures) by extensions ['ros']
[0.874s] Level 1:colcon.colcon_core.package_identification:_identify(src/gazebo_plugins/kitchen/materials/textures) by extension 'ros'
[0.875s] Level 1:colcon.colcon_core.package_identification:_identify(src/gazebo_plugins/kitchen/materials/textures) by extensions ['cmake', 'python']
[0.875s] Level 1:colcon.colcon_core.package_identification:_identify(src/gazebo_plugins/kitchen/materials/textures) by extension 'cmake'
[0.875s] Level 1:colcon.colcon_core.package_identification:_identify(src/gazebo_plugins/kitchen/materials/textures) by extension 'python'
[0.875s] Level 1:colcon.colcon_core.package_identification:_identify(src/gazebo_plugins/kitchen/materials/textures) by extensions ['python_setup_py']
[0.875s] Level 1:colcon.colcon_core.package_identification:_identify(src/gazebo_plugins/kitchen/materials/textures) by extension 'python_setup_py'
[0.875s] Level 1:colcon.colcon_core.package_identification:_identify(src/gazebo_plugins/kitchen/meshes) by extensions ['ignore', 'ignore_ament_install']
[0.875s] Level 1:colcon.colcon_core.package_identification:_identify(src/gazebo_plugins/kitchen/meshes) by extension 'ignore'
[0.875s] Level 1:colcon.colcon_core.package_identification:_identify(src/gazebo_plugins/kitchen/meshes) by extension 'ignore_ament_install'
[0.875s] Level 1:colcon.colcon_core.package_identification:_identify(src/gazebo_plugins/kitchen/meshes) by extensions ['colcon_pkg']
[0.875s] Level 1:colcon.colcon_core.package_identification:_identify(src/gazebo_plugins/kitchen/meshes) by extension 'colcon_pkg'
[0.875s] Level 1:colcon.colcon_core.package_identification:_identify(src/gazebo_plugins/kitchen/meshes) by extensions ['colcon_meta']
[0.875s] Level 1:colcon.colcon_core.package_identification:_identify(src/gazebo_plugins/kitchen/meshes) by extension 'colcon_meta'
[0.875s] Level 1:colcon.colcon_core.package_identification:_identify(src/gazebo_plugins/kitchen/meshes) by extensions ['ros']
[0.875s] Level 1:colcon.colcon_core.package_identification:_identify(src/gazebo_plugins/kitchen/meshes) by extension 'ros'
[0.875s] Level 1:colcon.colcon_core.package_identification:_identify(src/gazebo_plugins/kitchen/meshes) by extensions ['cmake', 'python']
[0.875s] Level 1:colcon.colcon_core.package_identification:_identify(src/gazebo_plugins/kitchen/meshes) by extension 'cmake'
[0.875s] Level 1:colcon.colcon_core.package_identification:_identify(src/gazebo_plugins/kitchen/meshes) by extension 'python'
[0.875s] Level 1:colcon.colcon_core.package_identification:_identify(src/gazebo_plugins/kitchen/meshes) by extensions ['python_setup_py']
[0.875s] Level 1:colcon.colcon_core.package_identification:_identify(src/gazebo_plugins/kitchen/meshes) by extension 'python_setup_py'
[0.875s] Level 1:colcon.colcon_core.package_identification:_identify(src/install) by extensions ['ignore', 'ignore_ament_install']
[0.876s] Level 1:colcon.colcon_core.package_identification:_identify(src/install) by extension 'ignore'
[0.876s] Level 1:colcon.colcon_core.package_identification:_identify(src/install) ignored
[0.876s] Level 1:colcon.colcon_core.package_identification:_identify(src/log) by extensions ['ignore', 'ignore_ament_install']
[0.876s] Level 1:colcon.colcon_core.package_identification:_identify(src/log) by extension 'ignore'
[0.876s] Level 1:colcon.colcon_core.package_identification:_identify(src/log) ignored
[0.876s] Level 1:colcon.colcon_core.package_identification:_identify(src/my_robot_controller) by extensions ['ignore', 'ignore_ament_install']
[0.876s] Level 1:colcon.colcon_core.package_identification:_identify(src/my_robot_controller) by extension 'ignore'
[0.876s] Level 1:colcon.colcon_core.package_identification:_identify(src/my_robot_controller) by extension 'ignore_ament_install'
[0.876s] Level 1:colcon.colcon_core.package_identification:_identify(src/my_robot_controller) by extensions ['colcon_pkg']
[0.876s] Level 1:colcon.colcon_core.package_identification:_identify(src/my_robot_controller) by extension 'colcon_pkg'
[0.876s] Level 1:colcon.colcon_core.package_identification:_identify(src/my_robot_controller) by extensions ['colcon_meta']
[0.876s] Level 1:colcon.colcon_core.package_identification:_identify(src/my_robot_controller) by extension 'colcon_meta'
[0.876s] Level 1:colcon.colcon_core.package_identification:_identify(src/my_robot_controller) by extensions ['ros']
[0.876s] Level 1:colcon.colcon_core.package_identification:_identify(src/my_robot_controller) by extension 'ros'
[0.877s] DEBUG:colcon.colcon_core.package_identification:Package 'src/my_robot_controller' with type 'ros.ament_python' and name 'my_robot_controller'
[0.877s] Level 1:colcon.colcon_core.package_identification:_identify(src/robot_control) by extensions ['ignore', 'ignore_ament_install']
[0.877s] Level 1:colcon.colcon_core.package_identification:_identify(src/robot_control) by extension 'ignore'
[0.877s] Level 1:colcon.colcon_core.package_identification:_identify(src/robot_control) by extension 'ignore_ament_install'
[0.877s] Level 1:colcon.colcon_core.package_identification:_identify(src/robot_control) by extensions ['colcon_pkg']
[0.877s] Level 1:colcon.colcon_core.package_identification:_identify(src/robot_control) by extension 'colcon_pkg'
[0.877s] Level 1:colcon.colcon_core.package_identification:_identify(src/robot_control) by extensions ['colcon_meta']
[0.877s] Level 1:colcon.colcon_core.package_identification:_identify(src/robot_control) by extension 'colcon_meta'
[0.877s] Level 1:colcon.colcon_core.package_identification:_identify(src/robot_control) by extensions ['ros']
[0.877s] Level 1:colcon.colcon_core.package_identification:_identify(src/robot_control) by extension 'ros'
[0.877s] Level 1:colcon.colcon_core.package_identification:_identify(src/robot_control) by extensions ['cmake', 'python']
[0.877s] Level 1:colcon.colcon_core.package_identification:_identify(src/robot_control) by extension 'cmake'
[0.877s] Level 1:colcon.colcon_core.package_identification:_identify(src/robot_control) by extension 'python'
[0.877s] Level 1:colcon.colcon_core.package_identification:_identify(src/robot_control) by extensions ['python_setup_py']
[0.877s] Level 1:colcon.colcon_core.package_identification:_identify(src/robot_control) by extension 'python_setup_py'
[0.877s] Level 1:colcon.colcon_core.package_discovery:discover_packages(recursive) using defaults
[0.877s] Level 1:colcon.colcon_core.package_discovery:discover_packages(ignore) discover
[0.877s] Level 1:colcon.colcon_core.package_discovery:discover_packages(ignore) using defaults
[0.877s] Level 1:colcon.colcon_core.package_discovery:discover_packages(path) discover
[0.877s] Level 1:colcon.colcon_core.package_discovery:discover_packages(path) using defaults
[0.895s] Level 1:colcon.colcon_core.package_discovery:discover_packages(prefix_path) check parameters
[0.896s] Level 1:colcon.colcon_core.package_discovery:discover_packages(prefix_path) discover
[0.898s] DEBUG:colcon.colcon_installed_package_information.package_discovery:Found 2 installed packages in /home/bridgetw/cooking_robot/install
[0.900s] DEBUG:colcon.colcon_installed_package_information.package_discovery:Found 370 installed packages in /opt/ros/humble
[0.913s] Level 1:colcon.colcon_core.package_discovery:discover_packages(prefix_path) using defaults
[0.954s] WARNING:colcon.colcon_core.package_selection:Some selected packages are already built in one or more underlay workspaces:
	'ur_description' is in: /home/bridgetw/cooking_robot/install/ur_description, /opt/ros/humble
If a package in a merged underlay workspace is overridden and it installs headers, then all packages in the overlay must sort their include directories by workspace order. Failure to do so may result in build failures or undefined behavior at run time.
If the overridden package is used by another package in any underlay, then the overriding package in the overlay must be API and ABI compatible or undefined behavior at run time may occur.

If you understand the risks and want to override a package anyways, add the following to the command line:
	--allow-overriding ur_description

This may be promoted to an error in a future release of colcon-override-check.
[0.955s] Level 5:colcon.colcon_core.verb:set package 'my_robot_controller' build argument 'cmake_args' from command line to 'None'
[0.955s] Level 5:colcon.colcon_core.verb:set package 'my_robot_controller' build argument 'cmake_target' from command line to 'None'
[0.955s] Level 5:colcon.colcon_core.verb:set package 'my_robot_controller' build argument 'cmake_target_skip_unavailable' from command line to 'False'
[0.955s] Level 5:colcon.colcon_core.verb:set package 'my_robot_controller' build argument 'cmake_clean_cache' from command line to 'False'
[0.955s] Level 5:colcon.colcon_core.verb:set package 'my_robot_controller' build argument 'cmake_clean_first' from command line to 'False'
[0.955s] Level 5:colcon.colcon_core.verb:set package 'my_robot_controller' build argument 'cmake_force_configure' from command line to 'False'
[0.955s] Level 5:colcon.colcon_core.verb:set package 'my_robot_controller' build argument 'ament_cmake_args' from command line to 'None'
[0.955s] Level 5:colcon.colcon_core.verb:set package 'my_robot_controller' build argument 'catkin_cmake_args' from command line to 'None'
[0.955s] Level 5:colcon.colcon_core.verb:set package 'my_robot_controller' build argument 'catkin_skip_building_tests' from command line to 'False'
[0.956s] DEBUG:colcon.colcon_core.verb:Building package 'my_robot_controller' with the following arguments: {'ament_cmake_args': None, 'build_base': '/home/bridgetw/cooking_robot/build/my_robot_controller', 'catkin_cmake_args': None, 'catkin_skip_building_tests': False, 'cmake_args': None, 'cmake_clean_cache': False, 'cmake_clean_first': False, 'cmake_force_configure': False, 'cmake_target': None, 'cmake_target_skip_unavailable': False, 'install_base': '/home/bridgetw/cooking_robot/install/my_robot_controller', 'merge_install': False, 'path': '/home/bridgetw/cooking_robot/src/my_robot_controller', 'symlink_install': False, 'test_result_base': None}
[0.956s] Level 5:colcon.colcon_core.verb:set package 'ur_description' build argument 'cmake_args' from command line to 'None'
[0.956s] Level 5:colcon.colcon_core.verb:set package 'ur_description' build argument 'cmake_target' from command line to 'None'
[0.956s] Level 5:colcon.colcon_core.verb:set package 'ur_description' build argument 'cmake_target_skip_unavailable' from command line to 'False'
[0.957s] Level 5:colcon.colcon_core.verb:set package 'ur_description' build argument 'cmake_clean_cache' from command line to 'False'
[0.957s] Level 5:colcon.colcon_core.verb:set package 'ur_description' build argument 'cmake_clean_first' from command line to 'False'
[0.957s] Level 5:colcon.colcon_core.verb:set package 'ur_description' build argument 'cmake_force_configure' from command line to 'False'
[0.957s] Level 5:colcon.colcon_core.verb:set package 'ur_description' build argument 'ament_cmake_args' from command line to 'None'
[0.957s] Level 5:colcon.colcon_core.verb:set package 'ur_description' build argument 'catkin_cmake_args' from command line to 'None'
[0.957s] Level 5:colcon.colcon_core.verb:set package 'ur_description' build argument 'catkin_skip_building_tests' from command line to 'False'
[0.957s] DEBUG:colcon.colcon_core.verb:Building package 'ur_description' with the following arguments: {'ament_cmake_args': None, 'build_base': '/home/bridgetw/cooking_robot/build/ur_description', 'catkin_cmake_args': None, 'catkin_skip_building_tests': False, 'cmake_args': None, 'cmake_clean_cache': False, 'cmake_clean_first': False, 'cmake_force_configure': False, 'cmake_target': None, 'cmake_target_skip_unavailable': False, 'install_base': '/home/bridgetw/cooking_robot/install/ur_description', 'merge_install': False, 'path': '/home/bridgetw/cooking_robot/src/Universal_Robots_ROS2_Description', 'symlink_install': False, 'test_result_base': None}
[0.957s] INFO:colcon.colcon_core.executor:Executing jobs using 'parallel' executor
[0.959s] DEBUG:colcon.colcon_parallel_executor.executor.parallel:run_until_complete
[0.959s] INFO:colcon.colcon_ros.task.ament_python.build:Building ROS package in '/home/bridgetw/cooking_robot/src/my_robot_controller' with build type 'ament_python'
[0.959s] Level 1:colcon.colcon_core.shell:create_environment_hook('my_robot_controller', 'ament_prefix_path')
[0.964s] INFO:colcon.colcon_core.plugin_system:Skipping extension 'colcon_core.shell.bat': Not used on non-Windows systems
[0.964s] INFO:colcon.colcon_core.shell:Creating environment hook '/home/bridgetw/cooking_robot/install/my_robot_controller/share/my_robot_controller/hook/ament_prefix_path.ps1'
[0.966s] INFO:colcon.colcon_core.shell:Creating environment descriptor '/home/bridgetw/cooking_robot/install/my_robot_controller/share/my_robot_controller/hook/ament_prefix_path.dsv'
[0.968s] INFO:colcon.colcon_core.shell:Creating environment hook '/home/bridgetw/cooking_robot/install/my_robot_controller/share/my_robot_controller/hook/ament_prefix_path.sh'
[0.970s] INFO:colcon.colcon_core.shell:Skip shell extension 'powershell' for command environment: Not usable outside of PowerShell
[0.970s] DEBUG:colcon.colcon_core.shell:Skip shell extension 'dsv' for command environment
[0.975s] INFO:colcon.colcon_ros.task.ament_cmake.build:Building ROS package in '/home/bridgetw/cooking_robot/src/Universal_Robots_ROS2_Description' with build type 'ament_cmake'
[0.976s] INFO:colcon.colcon_cmake.task.cmake.build:Building CMake package in '/home/bridgetw/cooking_robot/src/Universal_Robots_ROS2_Description'
[0.976s] INFO:colcon.colcon_core.shell:Skip shell extension 'powershell' for command environment: Not usable outside of PowerShell
[0.976s] DEBUG:colcon.colcon_core.shell:Skip shell extension 'dsv' for command environment
[1.268s] INFO:colcon.colcon_core.task.python.build:Building Python package in '/home/bridgetw/cooking_robot/src/my_robot_controller'
[1.269s] INFO:colcon.colcon_core.shell:Skip shell extension 'powershell' for command environment: Not usable outside of PowerShell
[1.269s] DEBUG:colcon.colcon_core.shell:Skip shell extension 'dsv' for command environment
[1.279s] DEBUG:colcon.colcon_core.event_handler.log_command:Invoking command in '/home/bridgetw/cooking_robot/build/ur_description': CMAKE_PREFIX_PATH=${CMAKE_PREFIX_PATH}:/home/bridgetw/cooking_robot/install/my_robot_controller:/opt/ros/humble /usr/bin/cmake /home/bridgetw/cooking_robot/src/Universal_Robots_ROS2_Description -DCMAKE_INSTALL_PREFIX=/home/bridgetw/cooking_robot/install/ur_description
[1.743s] DEBUG:colcon.colcon_core.event_handler.log_command:Invoking command in '/home/bridgetw/cooking_robot/build/my_robot_controller': PYTHONPATH=/home/bridgetw/cooking_robot/build/my_robot_controller/prefix_override:/usr/lib/python3/dist-packages/colcon_core/task/python/colcon_distutils_commands:/home/bridgetw/cooking_robot/install/my_robot_controller/lib/python3.10/site-packages:${PYTHONPATH} /usr/bin/python3 -W ignore:setup.py install is deprecated setup.py develop --uninstall --editable --build-directory /home/bridgetw/cooking_robot/build/my_robot_controller/build
[2.266s] DEBUG:colcon.colcon_core.event_handler.log_command:Invoked command in '/home/bridgetw/cooking_robot/build/my_robot_controller' returned '0': PYTHONPATH=/home/bridgetw/cooking_robot/build/my_robot_controller/prefix_override:/usr/lib/python3/dist-packages/colcon_core/task/python/colcon_distutils_commands:/home/bridgetw/cooking_robot/install/my_robot_controller/lib/python3.10/site-packages:${PYTHONPATH} /usr/bin/python3 -W ignore:setup.py install is deprecated setup.py develop --uninstall --editable --build-directory /home/bridgetw/cooking_robot/build/my_robot_controller/build
[2.270s] DEBUG:colcon.colcon_core.event_handler.log_command:Invoking command in '/home/bridgetw/cooking_robot/src/my_robot_controller': PYTHONPATH=/home/bridgetw/cooking_robot/build/my_robot_controller/prefix_override:/usr/lib/python3/dist-packages/colcon_core/task/python/colcon_distutils_commands:/home/bridgetw/cooking_robot/install/my_robot_controller/lib/python3.10/site-packages:${PYTHONPATH} /usr/bin/python3 -W ignore:setup.py install is deprecated setup.py egg_info --egg-base ../../build/my_robot_controller build --build-base /home/bridgetw/cooking_robot/build/my_robot_controller/build install --record /home/bridgetw/cooking_robot/build/my_robot_controller/install.log --single-version-externally-managed install_data --force
[2.324s] DEBUG:colcon.colcon_core.event_handler.log_command:Invoked command in '/home/bridgetw/cooking_robot/build/ur_description' returned '0': CMAKE_PREFIX_PATH=${CMAKE_PREFIX_PATH}:/home/bridgetw/cooking_robot/install/my_robot_controller:/opt/ros/humble /usr/bin/cmake /home/bridgetw/cooking_robot/src/Universal_Robots_ROS2_Description -DCMAKE_INSTALL_PREFIX=/home/bridgetw/cooking_robot/install/ur_description
[2.327s] DEBUG:colcon.colcon_core.event_handler.log_command:Invoking command in '/home/bridgetw/cooking_robot/build/ur_description': CMAKE_PREFIX_PATH=${CMAKE_PREFIX_PATH}:/home/bridgetw/cooking_robot/install/my_robot_controller:/opt/ros/humble /usr/bin/cmake --build /home/bridgetw/cooking_robot/build/ur_description -- -j8 -l8
[2.366s] DEBUG:colcon.colcon_core.event_handler.log_command:Invoked command in '/home/bridgetw/cooking_robot/build/ur_description' returned '0': CMAKE_PREFIX_PATH=${CMAKE_PREFIX_PATH}:/home/bridgetw/cooking_robot/install/my_robot_controller:/opt/ros/humble /usr/bin/cmake --build /home/bridgetw/cooking_robot/build/ur_description -- -j8 -l8
[2.399s] DEBUG:colcon.colcon_core.event_handler.log_command:Invoking command in '/home/bridgetw/cooking_robot/build/ur_description': CMAKE_PREFIX_PATH=${CMAKE_PREFIX_PATH}:/home/bridgetw/cooking_robot/install/my_robot_controller:/opt/ros/humble /usr/bin/cmake --install /home/bridgetw/cooking_robot/build/ur_description
[2.519s] Level 1:colcon.colcon_core.environment:create_environment_scripts_only(ur_description)
[2.521s] DEBUG:colcon.colcon_core.event_handler.log_command:Invoked command in '/home/bridgetw/cooking_robot/build/ur_description' returned '0': CMAKE_PREFIX_PATH=${CMAKE_PREFIX_PATH}:/home/bridgetw/cooking_robot/install/my_robot_controller:/opt/ros/humble /usr/bin/cmake --install /home/bridgetw/cooking_robot/build/ur_description
[2.524s] Level 1:colcon.colcon_core.environment:checking '/home/bridgetw/cooking_robot/install/ur_description' for CMake module files
[2.524s] Level 1:colcon.colcon_core.environment:checking '/home/bridgetw/cooking_robot/install/ur_description' for CMake config files
[2.526s] Level 1:colcon.colcon_core.shell:create_environment_hook('ur_description', 'cmake_prefix_path')
[2.527s] INFO:colcon.colcon_core.shell:Creating environment hook '/home/bridgetw/cooking_robot/install/ur_description/share/ur_description/hook/cmake_prefix_path.ps1'
[2.527s] INFO:colcon.colcon_core.shell:Creating environment descriptor '/home/bridgetw/cooking_robot/install/ur_description/share/ur_description/hook/cmake_prefix_path.dsv'
[2.527s] INFO:colcon.colcon_core.shell:Creating environment hook '/home/bridgetw/cooking_robot/install/ur_description/share/ur_description/hook/cmake_prefix_path.sh'
[2.528s] Level 1:colcon.colcon_core.environment:checking '/home/bridgetw/cooking_robot/install/ur_description/bin'
[2.529s] Level 1:colcon.colcon_core.environment:checking '/home/bridgetw/cooking_robot/install/ur_description/lib/pkgconfig/ur_description.pc'
[2.529s] Level 1:colcon.colcon_core.environment:checking '/home/bridgetw/cooking_robot/install/ur_description/lib/python3.10/site-packages'
[2.529s] Level 1:colcon.colcon_core.environment:checking '/home/bridgetw/cooking_robot/install/ur_description/bin'
[2.530s] INFO:colcon.colcon_core.shell:Creating package script '/home/bridgetw/cooking_robot/install/ur_description/share/ur_description/package.ps1'
[2.531s] INFO:colcon.colcon_core.shell:Creating package descriptor '/home/bridgetw/cooking_robot/install/ur_description/share/ur_description/package.dsv'
[2.531s] INFO:colcon.colcon_core.shell:Creating package script '/home/bridgetw/cooking_robot/install/ur_description/share/ur_description/package.sh'
[2.532s] INFO:colcon.colcon_core.shell:Creating package script '/home/bridgetw/cooking_robot/install/ur_description/share/ur_description/package.bash'
[2.533s] INFO:colcon.colcon_core.shell:Creating package script '/home/bridgetw/cooking_robot/install/ur_description/share/ur_description/package.zsh'
[2.534s] Level 1:colcon.colcon_core.environment:create_file_with_runtime_dependencies(/home/bridgetw/cooking_robot/install/ur_description/share/colcon-core/packages/ur_description)
[2.558s] Level 1:colcon.colcon_core.environment:create_environment_scripts_only(ur_description)
[2.558s] Level 1:colcon.colcon_core.environment:checking '/home/bridgetw/cooking_robot/install/ur_description' for CMake module files
[2.558s] Level 1:colcon.colcon_core.environment:checking '/home/bridgetw/cooking_robot/install/ur_description' for CMake config files
[2.559s] Level 1:colcon.colcon_core.shell:create_environment_hook('ur_description', 'cmake_prefix_path')
[2.560s] INFO:colcon.colcon_core.shell:Creating environment hook '/home/bridgetw/cooking_robot/install/ur_description/share/ur_description/hook/cmake_prefix_path.ps1'
[2.560s] INFO:colcon.colcon_core.shell:Creating environment descriptor '/home/bridgetw/cooking_robot/install/ur_description/share/ur_description/hook/cmake_prefix_path.dsv'
[2.560s] INFO:colcon.colcon_core.shell:Creating environment hook '/home/bridgetw/cooking_robot/install/ur_description/share/ur_description/hook/cmake_prefix_path.sh'
[2.561s] Level 1:colcon.colcon_core.environment:checking '/home/bridgetw/cooking_robot/install/ur_description/bin'
[2.561s] Level 1:colcon.colcon_core.environment:checking '/home/bridgetw/cooking_robot/install/ur_description/lib/pkgconfig/ur_description.pc'
[2.561s] Level 1:colcon.colcon_core.environment:checking '/home/bridgetw/cooking_robot/install/ur_description/lib/python3.10/site-packages'
[2.562s] Level 1:colcon.colcon_core.environment:checking '/home/bridgetw/cooking_robot/install/ur_description/bin'
[2.562s] INFO:colcon.colcon_core.shell:Creating package script '/home/bridgetw/cooking_robot/install/ur_description/share/ur_description/package.ps1'
[2.562s] INFO:colcon.colcon_core.shell:Creating package descriptor '/home/bridgetw/cooking_robot/install/ur_description/share/ur_description/package.dsv'
[2.563s] INFO:colcon.colcon_core.shell:Creating package script '/home/bridgetw/cooking_robot/install/ur_description/share/ur_description/package.sh'
[2.563s] INFO:colcon.colcon_core.shell:Creating package script '/home/bridgetw/cooking_robot/install/ur_description/share/ur_description/package.bash'
[2.563s] INFO:colcon.colcon_core.shell:Creating package script '/home/bridgetw/cooking_robot/install/ur_description/share/ur_description/package.zsh'
[2.564s] Level 1:colcon.colcon_core.environment:create_file_with_runtime_dependencies(/home/bridgetw/cooking_robot/install/ur_description/share/colcon-core/packages/ur_description)
[2.678s] Level 1:colcon.colcon_core.environment:checking '/home/bridgetw/cooking_robot/install/my_robot_controller' for CMake module files
[2.679s] DEBUG:colcon.colcon_core.event_handler.log_command:Invoked command in '/home/bridgetw/cooking_robot/src/my_robot_controller' returned '0': PYTHONPATH=/home/bridgetw/cooking_robot/build/my_robot_controller/prefix_override:/usr/lib/python3/dist-packages/colcon_core/task/python/colcon_distutils_commands:/home/bridgetw/cooking_robot/install/my_robot_controller/lib/python3.10/site-packages:${PYTHONPATH} /usr/bin/python3 -W ignore:setup.py install is deprecated setup.py egg_info --egg-base ../../build/my_robot_controller build --build-base /home/bridgetw/cooking_robot/build/my_robot_controller/build install --record /home/bridgetw/cooking_robot/build/my_robot_controller/install.log --single-version-externally-managed install_data --force
[2.679s] Level 1:colcon.colcon_core.environment:checking '/home/bridgetw/cooking_robot/install/my_robot_controller' for CMake config files
[2.680s] Level 1:colcon.colcon_core.environment:checking '/home/bridgetw/cooking_robot/install/my_robot_controller/lib'
[2.680s] Level 1:colcon.colcon_core.environment:checking '/home/bridgetw/cooking_robot/install/my_robot_controller/bin'
[2.680s] Level 1:colcon.colcon_core.environment:checking '/home/bridgetw/cooking_robot/install/my_robot_controller/lib/pkgconfig/my_robot_controller.pc'
[2.680s] Level 1:colcon.colcon_core.environment:checking '/home/bridgetw/cooking_robot/install/my_robot_controller/lib/python3.10/site-packages'
[2.680s] Level 1:colcon.colcon_core.shell:create_environment_hook('my_robot_controller', 'pythonpath')
[2.681s] INFO:colcon.colcon_core.shell:Creating environment hook '/home/bridgetw/cooking_robot/install/my_robot_controller/share/my_robot_controller/hook/pythonpath.ps1'
[2.681s] INFO:colcon.colcon_core.shell:Creating environment descriptor '/home/bridgetw/cooking_robot/install/my_robot_controller/share/my_robot_controller/hook/pythonpath.dsv'
[2.681s] INFO:colcon.colcon_core.shell:Creating environment hook '/home/bridgetw/cooking_robot/install/my_robot_controller/share/my_robot_controller/hook/pythonpath.sh'
[2.682s] Level 1:colcon.colcon_core.environment:checking '/home/bridgetw/cooking_robot/install/my_robot_controller/bin'
[2.682s] Level 1:colcon.colcon_core.environment:create_environment_scripts_only(my_robot_controller)
[2.682s] INFO:colcon.colcon_core.shell:Creating package script '/home/bridgetw/cooking_robot/install/my_robot_controller/share/my_robot_controller/package.ps1'
[2.683s] INFO:colcon.colcon_core.shell:Creating package descriptor '/home/bridgetw/cooking_robot/install/my_robot_controller/share/my_robot_controller/package.dsv'
[2.683s] INFO:colcon.colcon_core.shell:Creating package script '/home/bridgetw/cooking_robot/install/my_robot_controller/share/my_robot_controller/package.sh'
[2.684s] INFO:colcon.colcon_core.shell:Creating package script '/home/bridgetw/cooking_robot/install/my_robot_controller/share/my_robot_controller/package.bash'
[2.684s] INFO:colcon.colcon_core.shell:Creating package script '/home/bridgetw/cooking_robot/install/my_robot_controller/share/my_robot_controller/package.zsh'
[2.684s] Level 1:colcon.colcon_core.environment:create_file_with_runtime_dependencies(/home/bridgetw/cooking_robot/install/my_robot_controller/share/colcon-core/packages/my_robot_controller)
[2.685s] DEBUG:colcon.colcon_parallel_executor.executor.parallel:closing loop
[2.686s] DEBUG:colcon.colcon_parallel_executor.executor.parallel:loop closed
[2.686s] DEBUG:colcon.colcon_parallel_executor.executor.parallel:run_until_complete finished with '0'
[2.687s] DEBUG:colcon.colcon_core.event_reactor:joining thread
[2.923s] INFO:colcon.colcon_core.plugin_system:Skipping extension 'colcon_notification.desktop_notification.notify_send': Could not find 'notify-send'
[2.923s] INFO:colcon.colcon_core.plugin_system:Skipping extension 'colcon_notification.desktop_notification.terminal_notifier': Not used on non-Darwin systems
[2.923s] INFO:colcon.colcon_core.plugin_system:Skipping extension 'colcon_notification.desktop_notification.win32': Not used on non-Windows systems
[2.923s] INFO:colcon.colcon_notification.desktop_notification:Sending desktop notification using 'notify2'
[2.926s] DEBUG:colcon.colcon_notification.desktop_notification.notify2:Failed to initialize notify2: org.freedesktop.DBus.Error.ServiceUnknown: The name org.freedesktop.Notifications was not provided by any .service files
[2.926s] DEBUG:colcon.colcon_core.event_reactor:joined thread
[2.927s] INFO:colcon.colcon_core.shell:Creating prefix script '/home/bridgetw/cooking_robot/install/local_setup.ps1'
[2.928s] INFO:colcon.colcon_core.shell:Creating prefix util module '/home/bridgetw/cooking_robot/install/_local_setup_util_ps1.py'
[2.930s] INFO:colcon.colcon_core.shell:Creating prefix chain script '/home/bridgetw/cooking_robot/install/setup.ps1'
[2.931s] INFO:colcon.colcon_core.shell:Creating prefix script '/home/bridgetw/cooking_robot/install/local_setup.sh'
[2.932s] INFO:colcon.colcon_core.shell:Creating prefix util module '/home/bridgetw/cooking_robot/install/_local_setup_util_sh.py'
[2.933s] INFO:colcon.colcon_core.shell:Creating prefix chain script '/home/bridgetw/cooking_robot/install/setup.sh'
[2.935s] INFO:colcon.colcon_core.shell:Creating prefix script '/home/bridgetw/cooking_robot/install/local_setup.bash'
[2.936s] INFO:colcon.colcon_core.shell:Creating prefix chain script '/home/bridgetw/cooking_robot/install/setup.bash'
[2.938s] INFO:colcon.colcon_core.shell:Creating prefix script '/home/bridgetw/cooking_robot/install/local_setup.zsh'
[2.939s] INFO:colcon.colcon_core.shell:Creating prefix chain script '/home/bridgetw/cooking_robot/install/setup.zsh'
