[1.066s] Invoking command in '/home/bridgetw/cooking_robot/src/my_robot_controller': PYTHONPATH=/home/bridgetw/cooking_robot/build/my_robot_controller/prefix_override:/usr/lib/python3/dist-packages/colcon_core/task/python/colcon_distutils_commands:/home/bridgetw/cooking_robot/install/my_robot_controller/lib/python3.10/site-packages:${PYTHONPATH} /usr/bin/python3 -W ignore:setup.py install is deprecated setup.py egg_info --egg-base ../../build/my_robot_controller build --build-base /home/bridgetw/cooking_robot/build/my_robot_controller/build install --record /home/bridgetw/cooking_robot/build/my_robot_controller/install.log --single-version-externally-managed install_data
[1.468s] running egg_info
[1.469s] writing ../../build/my_robot_controller/my_robot_controller.egg-info/PKG-INFO
[1.469s] writing dependency_links to ../../build/my_robot_controller/my_robot_controller.egg-info/dependency_links.txt
[1.470s] writing entry points to ../../build/my_robot_controller/my_robot_controller.egg-info/entry_points.txt
[1.471s] writing requirements to ../../build/my_robot_controller/my_robot_controller.egg-info/requires.txt
[1.471s] writing top-level names to ../../build/my_robot_controller/my_robot_controller.egg-info/top_level.txt
[1.473s] reading manifest file '../../build/my_robot_controller/my_robot_controller.egg-info/SOURCES.txt'
[1.474s] writing manifest file '../../build/my_robot_controller/my_robot_controller.egg-info/SOURCES.txt'
[1.474s] running build
[1.474s] running build_py
[1.475s] copying my_robot_controller/first_node.py -> /home/bridgetw/cooking_robot/build/my_robot_controller/build/lib/my_robot_controller
[1.477s] running install
[1.478s] running install_lib
[1.480s] copying /home/bridgetw/cooking_robot/build/my_robot_controller/build/lib/my_robot_controller/first_node.py -> /home/bridgetw/cooking_robot/install/my_robot_controller/lib/python3.10/site-packages/my_robot_controller
[1.481s] byte-compiling /home/bridgetw/cooking_robot/install/my_robot_controller/lib/python3.10/site-packages/my_robot_controller/first_node.py to first_node.cpython-310.pyc
[1.482s] running install_data
[1.482s] running install_egg_info
[1.484s] removing '/home/bridgetw/cooking_robot/install/my_robot_controller/lib/python3.10/site-packages/my_robot_controller-0.0.0-py3.10.egg-info' (and everything under it)
[1.485s] Copying ../../build/my_robot_controller/my_robot_controller.egg-info to /home/bridgetw/cooking_robot/install/my_robot_controller/lib/python3.10/site-packages/my_robot_controller-0.0.0-py3.10.egg-info
[1.486s] running install_scripts
[1.516s] Installing test_node script to /home/bridgetw/cooking_robot/install/my_robot_controller/lib/my_robot_controller
[1.518s] writing list of installed files to '/home/bridgetw/cooking_robot/build/my_robot_controller/install.log'
[1.573s] Invoked command in '/home/bridgetw/cooking_robot/src/my_robot_controller' returned '0': PYTHONPATH=/home/bridgetw/cooking_robot/build/my_robot_controller/prefix_override:/usr/lib/python3/dist-packages/colcon_core/task/python/colcon_distutils_commands:/home/bridgetw/cooking_robot/install/my_robot_controller/lib/python3.10/site-packages:${PYTHONPATH} /usr/bin/python3 -W ignore:setup.py install is deprecated setup.py egg_info --egg-base ../../build/my_robot_controller build --build-base /home/bridgetw/cooking_robot/build/my_robot_controller/build install --record /home/bridgetw/cooking_robot/build/my_robot_controller/install.log --single-version-externally-managed install_data
