[0.432s] DEBUG:colcon:Command line arguments: ['/usr/bin/colcon', 'build']
[0.432s] DEBUG:colcon:Parsed command line arguments: Namespace(log_base=None, log_level=None, verb_name='build', build_base='build', install_base='install', merge_install=False, symlink_install=False, test_result_base=None, continue_on_error=False, executor='parallel', parallel_workers=8, event_handlers=None, ignore_user_meta=False, metas=['./colcon.meta'], base_paths=['.'], packages_ignore=None, packages_ignore_regex=None, paths=None, packages_up_to=None, packages_up_to_regex=None, packages_above=None, packages_above_and_dependencies=None, packages_above_depth=None, packages_select_by_dep=None, packages_skip_by_dep=None, packages_skip_up_to=None, packages_select_build_failed=False, packages_skip_build_finished=False, packages_select_test_failures=False, packages_skip_test_passed=False, packages_select=None, packages_skip=None, packages_select_regex=None, packages_skip_regex=None, packages_start=None, packages_end=None, allow_overriding=[], cmake_args=None, cmake_target=None, cmake_target_skip_unavailable=False, cmake_clean_cache=False, cmake_clean_first=False, cmake_force_configure=False, ament_cmake_args=None, catkin_cmake_args=None, catkin_skip_building_tests=False, mixin_files=None, mixin=None, verb_parser=<colcon_mixin.mixin.mixin_argument.MixinArgumentDecorator object at 0x7f42d077e050>, verb_extension=<colcon_core.verb.build.BuildVerb object at 0x7f42d077d5d0>, main=<bound method BuildVerb.main of <colcon_core.verb.build.BuildVerb object at 0x7f42d077d5d0>>, mixin_verb=('build',))
[0.645s] Level 1:colcon.colcon_core.package_discovery:discover_packages(colcon_meta) check parameters
[0.645s] Level 1:colcon.colcon_core.package_discovery:discover_packages(recursive) check parameters
[0.645s] Level 1:colcon.colcon_core.package_discovery:discover_packages(ignore) check parameters
[0.645s] Level 1:colcon.colcon_core.package_discovery:discover_packages(path) check parameters
[0.645s] Level 1:colcon.colcon_core.package_discovery:discover_packages(colcon_meta) discover
[0.645s] Level 1:colcon.colcon_core.package_discovery:discover_packages(recursive) discover
[0.645s] INFO:colcon.colcon_core.package_discovery:Crawling recursively for packages in '/home/bridgetw/cooking_robot'
[0.646s] Level 1:colcon.colcon_core.package_identification:_identify(.) by extensions ['ignore', 'ignore_ament_install']
[0.646s] Level 1:colcon.colcon_core.package_identification:_identify(.) by extension 'ignore'
[0.646s] Level 1:colcon.colcon_core.package_identification:_identify(.) by extension 'ignore_ament_install'
[0.646s] Level 1:colcon.colcon_core.package_identification:_identify(.) by extensions ['colcon_pkg']
[0.646s] Level 1:colcon.colcon_core.package_identification:_identify(.) by extension 'colcon_pkg'
[0.646s] Level 1:colcon.colcon_core.package_identification:_identify(.) by extensions ['colcon_meta']
[0.646s] Level 1:colcon.colcon_core.package_identification:_identify(.) by extension 'colcon_meta'
[0.646s] Level 1:colcon.colcon_core.package_identification:_identify(.) by extensions ['ros']
[0.646s] Level 1:colcon.colcon_core.package_identification:_identify(.) by extension 'ros'
[0.658s] Level 1:colcon.colcon_core.package_identification:_identify(.) by extensions ['cmake', 'python']
[0.658s] Level 1:colcon.colcon_core.package_identification:_identify(.) by extension 'cmake'
[0.658s] Level 1:colcon.colcon_core.package_identification:_identify(.) by extension 'python'
[0.658s] Level 1:colcon.colcon_core.package_identification:_identify(.) by extensions ['python_setup_py']
[0.658s] Level 1:colcon.colcon_core.package_identification:_identify(.) by extension 'python_setup_py'
[0.659s] Level 1:colcon.colcon_core.package_identification:_identify(build) by extensions ['ignore', 'ignore_ament_install']
[0.659s] Level 1:colcon.colcon_core.package_identification:_identify(build) by extension 'ignore'
[0.659s] Level 1:colcon.colcon_core.package_identification:_identify(build) ignored
[0.659s] Level 1:colcon.colcon_core.package_identification:_identify(install) by extensions ['ignore', 'ignore_ament_install']
[0.659s] Level 1:colcon.colcon_core.package_identification:_identify(install) by extension 'ignore'
[0.659s] Level 1:colcon.colcon_core.package_identification:_identify(install) ignored
[0.659s] Level 1:colcon.colcon_core.package_identification:_identify(log) by extensions ['ignore', 'ignore_ament_install']
[0.659s] Level 1:colcon.colcon_core.package_identification:_identify(log) by extension 'ignore'
[0.659s] Level 1:colcon.colcon_core.package_identification:_identify(log) ignored
[0.659s] Level 1:colcon.colcon_core.package_identification:_identify(src) by extensions ['ignore', 'ignore_ament_install']
[0.659s] Level 1:colcon.colcon_core.package_identification:_identify(src) by extension 'ignore'
[0.660s] Level 1:colcon.colcon_core.package_identification:_identify(src) by extension 'ignore_ament_install'
[0.660s] Level 1:colcon.colcon_core.package_identification:_identify(src) by extensions ['colcon_pkg']
[0.660s] Level 1:colcon.colcon_core.package_identification:_identify(src) by extension 'colcon_pkg'
[0.660s] Level 1:colcon.colcon_core.package_identification:_identify(src) by extensions ['colcon_meta']
[0.660s] Level 1:colcon.colcon_core.package_identification:_identify(src) by extension 'colcon_meta'
[0.660s] Level 1:colcon.colcon_core.package_identification:_identify(src) by extensions ['ros']
[0.660s] Level 1:colcon.colcon_core.package_identification:_identify(src) by extension 'ros'
[0.660s] Level 1:colcon.colcon_core.package_identification:_identify(src) by extensions ['cmake', 'python']
[0.660s] Level 1:colcon.colcon_core.package_identification:_identify(src) by extension 'cmake'
[0.660s] Level 1:colcon.colcon_core.package_identification:_identify(src) by extension 'python'
[0.660s] Level 1:colcon.colcon_core.package_identification:_identify(src) by extensions ['python_setup_py']
[0.660s] Level 1:colcon.colcon_core.package_identification:_identify(src) by extension 'python_setup_py'
[0.660s] Level 1:colcon.colcon_core.package_identification:_identify(src/Universal_Robots_ROS2_Description) by extensions ['ignore', 'ignore_ament_install']
[0.660s] Level 1:colcon.colcon_core.package_identification:_identify(src/Universal_Robots_ROS2_Description) by extension 'ignore'
[0.660s] Level 1:colcon.colcon_core.package_identification:_identify(src/Universal_Robots_ROS2_Description) by extension 'ignore_ament_install'
[0.660s] Level 1:colcon.colcon_core.package_identification:_identify(src/Universal_Robots_ROS2_Description) by extensions ['colcon_pkg']
[0.660s] Level 1:colcon.colcon_core.package_identification:_identify(src/Universal_Robots_ROS2_Description) by extension 'colcon_pkg'
[0.660s] Level 1:colcon.colcon_core.package_identification:_identify(src/Universal_Robots_ROS2_Description) by extensions ['colcon_meta']
[0.660s] Level 1:colcon.colcon_core.package_identification:_identify(src/Universal_Robots_ROS2_Description) by extension 'colcon_meta'
[0.660s] Level 1:colcon.colcon_core.package_identification:_identify(src/Universal_Robots_ROS2_Description) by extensions ['ros']
[0.660s] Level 1:colcon.colcon_core.package_identification:_identify(src/Universal_Robots_ROS2_Description) by extension 'ros'
[0.663s] DEBUG:colcon.colcon_core.package_identification:Package 'src/Universal_Robots_ROS2_Description' with type 'ros.ament_cmake' and name 'ur_description'
[0.664s] Level 1:colcon.colcon_core.package_identification:_identify(src/gazebo_plugins) by extensions ['ignore', 'ignore_ament_install']
[0.664s] Level 1:colcon.colcon_core.package_identification:_identify(src/gazebo_plugins) by extension 'ignore'
[0.664s] Level 1:colcon.colcon_core.package_identification:_identify(src/gazebo_plugins) by extension 'ignore_ament_install'
[0.664s] Level 1:colcon.colcon_core.package_identification:_identify(src/gazebo_plugins) by extensions ['colcon_pkg']
[0.664s] Level 1:colcon.colcon_core.package_identification:_identify(src/gazebo_plugins) by extension 'colcon_pkg'
[0.664s] Level 1:colcon.colcon_core.package_identification:_identify(src/gazebo_plugins) by extensions ['colcon_meta']
[0.664s] Level 1:colcon.colcon_core.package_identification:_identify(src/gazebo_plugins) by extension 'colcon_meta'
[0.664s] Level 1:colcon.colcon_core.package_identification:_identify(src/gazebo_plugins) by extensions ['ros']
[0.664s] Level 1:colcon.colcon_core.package_identification:_identify(src/gazebo_plugins) by extension 'ros'
[0.664s] Level 1:colcon.colcon_core.package_identification:_identify(src/gazebo_plugins) by extensions ['cmake', 'python']
[0.664s] Level 1:colcon.colcon_core.package_identification:_identify(src/gazebo_plugins) by extension 'cmake'
[0.664s] Level 1:colcon.colcon_core.package_identification:_identify(src/gazebo_plugins) by extension 'python'
[0.664s] Level 1:colcon.colcon_core.package_identification:_identify(src/gazebo_plugins) by extensions ['python_setup_py']
[0.664s] Level 1:colcon.colcon_core.package_identification:_identify(src/gazebo_plugins) by extension 'python_setup_py'
[0.664s] Level 1:colcon.colcon_core.package_identification:_identify(src/gazebo_plugins/kitchen) by extensions ['ignore', 'ignore_ament_install']
[0.664s] Level 1:colcon.colcon_core.package_identification:_identify(src/gazebo_plugins/kitchen) by extension 'ignore'
[0.664s] Level 1:colcon.colcon_core.package_identification:_identify(src/gazebo_plugins/kitchen) by extension 'ignore_ament_install'
[0.664s] Level 1:colcon.colcon_core.package_identification:_identify(src/gazebo_plugins/kitchen) by extensions ['colcon_pkg']
[0.665s] Level 1:colcon.colcon_core.package_identification:_identify(src/gazebo_plugins/kitchen) by extension 'colcon_pkg'
[0.665s] Level 1:colcon.colcon_core.package_identification:_identify(src/gazebo_plugins/kitchen) by extensions ['colcon_meta']
[0.665s] Level 1:colcon.colcon_core.package_identification:_identify(src/gazebo_plugins/kitchen) by extension 'colcon_meta'
[0.665s] Level 1:colcon.colcon_core.package_identification:_identify(src/gazebo_plugins/kitchen) by extensions ['ros']
[0.665s] Level 1:colcon.colcon_core.package_identification:_identify(src/gazebo_plugins/kitchen) by extension 'ros'
[0.665s] Level 1:colcon.colcon_core.package_identification:_identify(src/gazebo_plugins/kitchen) by extensions ['cmake', 'python']
[0.665s] Level 1:colcon.colcon_core.package_identification:_identify(src/gazebo_plugins/kitchen) by extension 'cmake'
[0.665s] Level 1:colcon.colcon_core.package_identification:_identify(src/gazebo_plugins/kitchen) by extension 'python'
[0.665s] Level 1:colcon.colcon_core.package_identification:_identify(src/gazebo_plugins/kitchen) by extensions ['python_setup_py']
[0.665s] Level 1:colcon.colcon_core.package_identification:_identify(src/gazebo_plugins/kitchen) by extension 'python_setup_py'
[0.665s] Level 1:colcon.colcon_core.package_identification:_identify(src/gazebo_plugins/kitchen/materials) by extensions ['ignore', 'ignore_ament_install']
[0.665s] Level 1:colcon.colcon_core.package_identification:_identify(src/gazebo_plugins/kitchen/materials) by extension 'ignore'
[0.665s] Level 1:colcon.colcon_core.package_identification:_identify(src/gazebo_plugins/kitchen/materials) by extension 'ignore_ament_install'
[0.665s] Level 1:colcon.colcon_core.package_identification:_identify(src/gazebo_plugins/kitchen/materials) by extensions ['colcon_pkg']
[0.665s] Level 1:colcon.colcon_core.package_identification:_identify(src/gazebo_plugins/kitchen/materials) by extension 'colcon_pkg'
[0.665s] Level 1:colcon.colcon_core.package_identification:_identify(src/gazebo_plugins/kitchen/materials) by extensions ['colcon_meta']
[0.665s] Level 1:colcon.colcon_core.package_identification:_identify(src/gazebo_plugins/kitchen/materials) by extension 'colcon_meta'
[0.665s] Level 1:colcon.colcon_core.package_identification:_identify(src/gazebo_plugins/kitchen/materials) by extensions ['ros']
[0.665s] Level 1:colcon.colcon_core.package_identification:_identify(src/gazebo_plugins/kitchen/materials) by extension 'ros'
[0.665s] Level 1:colcon.colcon_core.package_identification:_identify(src/gazebo_plugins/kitchen/materials) by extensions ['cmake', 'python']
[0.665s] Level 1:colcon.colcon_core.package_identification:_identify(src/gazebo_plugins/kitchen/materials) by extension 'cmake'
[0.665s] Level 1:colcon.colcon_core.package_identification:_identify(src/gazebo_plugins/kitchen/materials) by extension 'python'
[0.665s] Level 1:colcon.colcon_core.package_identification:_identify(src/gazebo_plugins/kitchen/materials) by extensions ['python_setup_py']
[0.666s] Level 1:colcon.colcon_core.package_identification:_identify(src/gazebo_plugins/kitchen/materials) by extension 'python_setup_py'
[0.666s] Level 1:colcon.colcon_core.package_identification:_identify(src/gazebo_plugins/kitchen/materials/textures) by extensions ['ignore', 'ignore_ament_install']
[0.666s] Level 1:colcon.colcon_core.package_identification:_identify(src/gazebo_plugins/kitchen/materials/textures) by extension 'ignore'
[0.666s] Level 1:colcon.colcon_core.package_identification:_identify(src/gazebo_plugins/kitchen/materials/textures) by extension 'ignore_ament_install'
[0.666s] Level 1:colcon.colcon_core.package_identification:_identify(src/gazebo_plugins/kitchen/materials/textures) by extensions ['colcon_pkg']
[0.666s] Level 1:colcon.colcon_core.package_identification:_identify(src/gazebo_plugins/kitchen/materials/textures) by extension 'colcon_pkg'
[0.666s] Level 1:colcon.colcon_core.package_identification:_identify(src/gazebo_plugins/kitchen/materials/textures) by extensions ['colcon_meta']
[0.666s] Level 1:colcon.colcon_core.package_identification:_identify(src/gazebo_plugins/kitchen/materials/textures) by extension 'colcon_meta'
[0.666s] Level 1:colcon.colcon_core.package_identification:_identify(src/gazebo_plugins/kitchen/materials/textures) by extensions ['ros']
[0.666s] Level 1:colcon.colcon_core.package_identification:_identify(src/gazebo_plugins/kitchen/materials/textures) by extension 'ros'
[0.666s] Level 1:colcon.colcon_core.package_identification:_identify(src/gazebo_plugins/kitchen/materials/textures) by extensions ['cmake', 'python']
[0.666s] Level 1:colcon.colcon_core.package_identification:_identify(src/gazebo_plugins/kitchen/materials/textures) by extension 'cmake'
[0.666s] Level 1:colcon.colcon_core.package_identification:_identify(src/gazebo_plugins/kitchen/materials/textures) by extension 'python'
[0.666s] Level 1:colcon.colcon_core.package_identification:_identify(src/gazebo_plugins/kitchen/materials/textures) by extensions ['python_setup_py']
[0.666s] Level 1:colcon.colcon_core.package_identification:_identify(src/gazebo_plugins/kitchen/materials/textures) by extension 'python_setup_py'
[0.666s] Level 1:colcon.colcon_core.package_identification:_identify(src/gazebo_plugins/kitchen/meshes) by extensions ['ignore', 'ignore_ament_install']
[0.667s] Level 1:colcon.colcon_core.package_identification:_identify(src/gazebo_plugins/kitchen/meshes) by extension 'ignore'
[0.667s] Level 1:colcon.colcon_core.package_identification:_identify(src/gazebo_plugins/kitchen/meshes) by extension 'ignore_ament_install'
[0.667s] Level 1:colcon.colcon_core.package_identification:_identify(src/gazebo_plugins/kitchen/meshes) by extensions ['colcon_pkg']
[0.667s] Level 1:colcon.colcon_core.package_identification:_identify(src/gazebo_plugins/kitchen/meshes) by extension 'colcon_pkg'
[0.667s] Level 1:colcon.colcon_core.package_identification:_identify(src/gazebo_plugins/kitchen/meshes) by extensions ['colcon_meta']
[0.667s] Level 1:colcon.colcon_core.package_identification:_identify(src/gazebo_plugins/kitchen/meshes) by extension 'colcon_meta'
[0.667s] Level 1:colcon.colcon_core.package_identification:_identify(src/gazebo_plugins/kitchen/meshes) by extensions ['ros']
[0.667s] Level 1:colcon.colcon_core.package_identification:_identify(src/gazebo_plugins/kitchen/meshes) by extension 'ros'
[0.667s] Level 1:colcon.colcon_core.package_identification:_identify(src/gazebo_plugins/kitchen/meshes) by extensions ['cmake', 'python']
[0.667s] Level 1:colcon.colcon_core.package_identification:_identify(src/gazebo_plugins/kitchen/meshes) by extension 'cmake'
[0.667s] Level 1:colcon.colcon_core.package_identification:_identify(src/gazebo_plugins/kitchen/meshes) by extension 'python'
[0.667s] Level 1:colcon.colcon_core.package_identification:_identify(src/gazebo_plugins/kitchen/meshes) by extensions ['python_setup_py']
[0.667s] Level 1:colcon.colcon_core.package_identification:_identify(src/gazebo_plugins/kitchen/meshes) by extension 'python_setup_py'
[0.667s] Level 1:colcon.colcon_core.package_identification:_identify(src/robot_control) by extensions ['ignore', 'ignore_ament_install']
[0.667s] Level 1:colcon.colcon_core.package_identification:_identify(src/robot_control) by extension 'ignore'
[0.667s] Level 1:colcon.colcon_core.package_identification:_identify(src/robot_control) by extension 'ignore_ament_install'
[0.667s] Level 1:colcon.colcon_core.package_identification:_identify(src/robot_control) by extensions ['colcon_pkg']
[0.667s] Level 1:colcon.colcon_core.package_identification:_identify(src/robot_control) by extension 'colcon_pkg'
[0.667s] Level 1:colcon.colcon_core.package_identification:_identify(src/robot_control) by extensions ['colcon_meta']
[0.668s] Level 1:colcon.colcon_core.package_identification:_identify(src/robot_control) by extension 'colcon_meta'
[0.668s] Level 1:colcon.colcon_core.package_identification:_identify(src/robot_control) by extensions ['ros']
[0.668s] Level 1:colcon.colcon_core.package_identification:_identify(src/robot_control) by extension 'ros'
[0.668s] Level 1:colcon.colcon_core.package_identification:_identify(src/robot_control) by extensions ['cmake', 'python']
[0.668s] Level 1:colcon.colcon_core.package_identification:_identify(src/robot_control) by extension 'cmake'
[0.668s] Level 1:colcon.colcon_core.package_identification:_identify(src/robot_control) by extension 'python'
[0.668s] Level 1:colcon.colcon_core.package_identification:_identify(src/robot_control) by extensions ['python_setup_py']
[0.668s] Level 1:colcon.colcon_core.package_identification:_identify(src/robot_control) by extension 'python_setup_py'
[0.668s] Level 1:colcon.colcon_core.package_discovery:discover_packages(recursive) using defaults
[0.668s] Level 1:colcon.colcon_core.package_discovery:discover_packages(ignore) discover
[0.668s] Level 1:colcon.colcon_core.package_discovery:discover_packages(ignore) using defaults
[0.668s] Level 1:colcon.colcon_core.package_discovery:discover_packages(path) discover
[0.668s] Level 1:colcon.colcon_core.package_discovery:discover_packages(path) using defaults
[0.691s] Level 1:colcon.colcon_core.package_discovery:discover_packages(prefix_path) check parameters
[0.692s] Level 1:colcon.colcon_core.package_discovery:discover_packages(prefix_path) discover
[0.694s] WARNING:colcon.colcon_core.prefix_path.colcon:The path '/home/bridgetw/cooking_robot/ros2_ws/install' in the environment variable COLCON_PREFIX_PATH doesn't exist
[0.698s] DEBUG:colcon.colcon_installed_package_information.package_discovery:Found 370 installed packages in /opt/ros/humble
[0.714s] Level 1:colcon.colcon_core.package_discovery:discover_packages(prefix_path) using defaults
[0.781s] WARNING:colcon.colcon_core.package_selection:Some selected packages are already built in one or more underlay workspaces:
	'ur_description' is in: /opt/ros/humble
If a package in a merged underlay workspace is overridden and it installs headers, then all packages in the overlay must sort their include directories by workspace order. Failure to do so may result in build failures or undefined behavior at run time.
If the overridden package is used by another package in any underlay, then the overriding package in the overlay must be API and ABI compatible or undefined behavior at run time may occur.

If you understand the risks and want to override a package anyways, add the following to the command line:
	--allow-overriding ur_description

This may be promoted to an error in a future release of colcon-override-check.
[0.783s] Level 5:colcon.colcon_core.verb:set package 'ur_description' build argument 'cmake_args' from command line to 'None'
[0.783s] Level 5:colcon.colcon_core.verb:set package 'ur_description' build argument 'cmake_target' from command line to 'None'
[0.783s] Level 5:colcon.colcon_core.verb:set package 'ur_description' build argument 'cmake_target_skip_unavailable' from command line to 'False'
[0.783s] Level 5:colcon.colcon_core.verb:set package 'ur_description' build argument 'cmake_clean_cache' from command line to 'False'
[0.783s] Level 5:colcon.colcon_core.verb:set package 'ur_description' build argument 'cmake_clean_first' from command line to 'False'
[0.783s] Level 5:colcon.colcon_core.verb:set package 'ur_description' build argument 'cmake_force_configure' from command line to 'False'
[0.783s] Level 5:colcon.colcon_core.verb:set package 'ur_description' build argument 'ament_cmake_args' from command line to 'None'
[0.783s] Level 5:colcon.colcon_core.verb:set package 'ur_description' build argument 'catkin_cmake_args' from command line to 'None'
[0.783s] Level 5:colcon.colcon_core.verb:set package 'ur_description' build argument 'catkin_skip_building_tests' from command line to 'False'
[0.783s] DEBUG:colcon.colcon_core.verb:Building package 'ur_description' with the following arguments: {'ament_cmake_args': None, 'build_base': '/home/bridgetw/cooking_robot/build/ur_description', 'catkin_cmake_args': None, 'catkin_skip_building_tests': False, 'cmake_args': None, 'cmake_clean_cache': False, 'cmake_clean_first': False, 'cmake_force_configure': False, 'cmake_target': None, 'cmake_target_skip_unavailable': False, 'install_base': '/home/bridgetw/cooking_robot/install/ur_description', 'merge_install': False, 'path': '/home/bridgetw/cooking_robot/src/Universal_Robots_ROS2_Description', 'symlink_install': False, 'test_result_base': None}
[0.783s] INFO:colcon.colcon_core.executor:Executing jobs using 'parallel' executor
[0.785s] DEBUG:colcon.colcon_parallel_executor.executor.parallel:run_until_complete
[0.786s] INFO:colcon.colcon_ros.task.ament_cmake.build:Building ROS package in '/home/bridgetw/cooking_robot/src/Universal_Robots_ROS2_Description' with build type 'ament_cmake'
[0.786s] INFO:colcon.colcon_cmake.task.cmake.build:Building CMake package in '/home/bridgetw/cooking_robot/src/Universal_Robots_ROS2_Description'
[0.790s] INFO:colcon.colcon_core.plugin_system:Skipping extension 'colcon_core.shell.bat': Not used on non-Windows systems
[0.790s] INFO:colcon.colcon_core.shell:Skip shell extension 'powershell' for command environment: Not usable outside of PowerShell
[0.790s] DEBUG:colcon.colcon_core.shell:Skip shell extension 'dsv' for command environment
[0.801s] DEBUG:colcon.colcon_core.event_handler.log_command:Invoking command in '/home/bridgetw/cooking_robot/build/ur_description': CMAKE_PREFIX_PATH=/opt/ros/humble /usr/bin/cmake /home/bridgetw/cooking_robot/src/Universal_Robots_ROS2_Description -DCMAKE_INSTALL_PREFIX=/home/bridgetw/cooking_robot/install/ur_description
[4.991s] DEBUG:colcon.colcon_core.event_handler.log_command:Invoked command in '/home/bridgetw/cooking_robot/build/ur_description' returned '0': CMAKE_PREFIX_PATH=/opt/ros/humble /usr/bin/cmake /home/bridgetw/cooking_robot/src/Universal_Robots_ROS2_Description -DCMAKE_INSTALL_PREFIX=/home/bridgetw/cooking_robot/install/ur_description
[4.993s] DEBUG:colcon.colcon_core.event_handler.log_command:Invoking command in '/home/bridgetw/cooking_robot/build/ur_description': CMAKE_PREFIX_PATH=/opt/ros/humble /usr/bin/cmake --build /home/bridgetw/cooking_robot/build/ur_description -- -j8 -l8
[5.033s] DEBUG:colcon.colcon_core.event_handler.log_command:Invoked command in '/home/bridgetw/cooking_robot/build/ur_description' returned '0': CMAKE_PREFIX_PATH=/opt/ros/humble /usr/bin/cmake --build /home/bridgetw/cooking_robot/build/ur_description -- -j8 -l8
[5.073s] DEBUG:colcon.colcon_core.event_handler.log_command:Invoking command in '/home/bridgetw/cooking_robot/build/ur_description': CMAKE_PREFIX_PATH=/opt/ros/humble /usr/bin/cmake --install /home/bridgetw/cooking_robot/build/ur_description
[5.227s] Level 1:colcon.colcon_core.environment:create_environment_scripts_only(ur_description)
[5.229s] DEBUG:colcon.colcon_core.event_handler.log_command:Invoked command in '/home/bridgetw/cooking_robot/build/ur_description' returned '0': CMAKE_PREFIX_PATH=/opt/ros/humble /usr/bin/cmake --install /home/bridgetw/cooking_robot/build/ur_description
[5.231s] Level 1:colcon.colcon_core.environment:checking '/home/bridgetw/cooking_robot/install/ur_description' for CMake module files
[5.232s] Level 1:colcon.colcon_core.environment:checking '/home/bridgetw/cooking_robot/install/ur_description' for CMake config files
[5.232s] Level 1:colcon.colcon_core.shell:create_environment_hook('ur_description', 'cmake_prefix_path')
[5.233s] INFO:colcon.colcon_core.shell:Creating environment hook '/home/bridgetw/cooking_robot/install/ur_description/share/ur_description/hook/cmake_prefix_path.ps1'
[5.233s] INFO:colcon.colcon_core.shell:Creating environment descriptor '/home/bridgetw/cooking_robot/install/ur_description/share/ur_description/hook/cmake_prefix_path.dsv'
[5.234s] INFO:colcon.colcon_core.shell:Creating environment hook '/home/bridgetw/cooking_robot/install/ur_description/share/ur_description/hook/cmake_prefix_path.sh'
[5.235s] Level 1:colcon.colcon_core.environment:checking '/home/bridgetw/cooking_robot/install/ur_description/bin'
[5.236s] Level 1:colcon.colcon_core.environment:checking '/home/bridgetw/cooking_robot/install/ur_description/lib/pkgconfig/ur_description.pc'
[5.236s] Level 1:colcon.colcon_core.environment:checking '/home/bridgetw/cooking_robot/install/ur_description/lib/python3.10/site-packages'
[5.236s] Level 1:colcon.colcon_core.environment:checking '/home/bridgetw/cooking_robot/install/ur_description/bin'
[5.237s] INFO:colcon.colcon_core.shell:Creating package script '/home/bridgetw/cooking_robot/install/ur_description/share/ur_description/package.ps1'
[5.237s] INFO:colcon.colcon_core.shell:Creating package descriptor '/home/bridgetw/cooking_robot/install/ur_description/share/ur_description/package.dsv'
[5.238s] INFO:colcon.colcon_core.shell:Creating package script '/home/bridgetw/cooking_robot/install/ur_description/share/ur_description/package.sh'
[5.238s] INFO:colcon.colcon_core.shell:Creating package script '/home/bridgetw/cooking_robot/install/ur_description/share/ur_description/package.bash'
[5.239s] INFO:colcon.colcon_core.shell:Creating package script '/home/bridgetw/cooking_robot/install/ur_description/share/ur_description/package.zsh'
[5.240s] Level 1:colcon.colcon_core.environment:create_file_with_runtime_dependencies(/home/bridgetw/cooking_robot/install/ur_description/share/colcon-core/packages/ur_description)
[5.264s] Level 1:colcon.colcon_core.environment:create_environment_scripts_only(ur_description)
[5.264s] Level 1:colcon.colcon_core.environment:checking '/home/bridgetw/cooking_robot/install/ur_description' for CMake module files
[5.265s] Level 1:colcon.colcon_core.environment:checking '/home/bridgetw/cooking_robot/install/ur_description' for CMake config files
[5.265s] Level 1:colcon.colcon_core.shell:create_environment_hook('ur_description', 'cmake_prefix_path')
[5.265s] INFO:colcon.colcon_core.shell:Creating environment hook '/home/bridgetw/cooking_robot/install/ur_description/share/ur_description/hook/cmake_prefix_path.ps1'
[5.266s] INFO:colcon.colcon_core.shell:Creating environment descriptor '/home/bridgetw/cooking_robot/install/ur_description/share/ur_description/hook/cmake_prefix_path.dsv'
[5.266s] INFO:colcon.colcon_core.shell:Creating environment hook '/home/bridgetw/cooking_robot/install/ur_description/share/ur_description/hook/cmake_prefix_path.sh'
[5.267s] Level 1:colcon.colcon_core.environment:checking '/home/bridgetw/cooking_robot/install/ur_description/bin'
[5.267s] Level 1:colcon.colcon_core.environment:checking '/home/bridgetw/cooking_robot/install/ur_description/lib/pkgconfig/ur_description.pc'
[5.267s] Level 1:colcon.colcon_core.environment:checking '/home/bridgetw/cooking_robot/install/ur_description/lib/python3.10/site-packages'
[5.267s] Level 1:colcon.colcon_core.environment:checking '/home/bridgetw/cooking_robot/install/ur_description/bin'
[5.268s] INFO:colcon.colcon_core.shell:Creating package script '/home/bridgetw/cooking_robot/install/ur_description/share/ur_description/package.ps1'
[5.268s] INFO:colcon.colcon_core.shell:Creating package descriptor '/home/bridgetw/cooking_robot/install/ur_description/share/ur_description/package.dsv'
[5.269s] INFO:colcon.colcon_core.shell:Creating package script '/home/bridgetw/cooking_robot/install/ur_description/share/ur_description/package.sh'
[5.270s] INFO:colcon.colcon_core.shell:Creating package script '/home/bridgetw/cooking_robot/install/ur_description/share/ur_description/package.bash'
[5.270s] INFO:colcon.colcon_core.shell:Creating package script '/home/bridgetw/cooking_robot/install/ur_description/share/ur_description/package.zsh'
[5.270s] Level 1:colcon.colcon_core.environment:create_file_with_runtime_dependencies(/home/bridgetw/cooking_robot/install/ur_description/share/colcon-core/packages/ur_description)
[5.271s] DEBUG:colcon.colcon_parallel_executor.executor.parallel:closing loop
[5.272s] DEBUG:colcon.colcon_parallel_executor.executor.parallel:loop closed
[5.272s] DEBUG:colcon.colcon_parallel_executor.executor.parallel:run_until_complete finished with '0'
[5.272s] DEBUG:colcon.colcon_core.event_reactor:joining thread
[5.408s] INFO:colcon.colcon_core.plugin_system:Skipping extension 'colcon_notification.desktop_notification.notify_send': Could not find 'notify-send'
[5.408s] INFO:colcon.colcon_core.plugin_system:Skipping extension 'colcon_notification.desktop_notification.terminal_notifier': Not used on non-Darwin systems
[5.408s] INFO:colcon.colcon_core.plugin_system:Skipping extension 'colcon_notification.desktop_notification.win32': Not used on non-Windows systems
[5.409s] INFO:colcon.colcon_notification.desktop_notification:Sending desktop notification using 'notify2'
[5.410s] DEBUG:colcon.colcon_notification.desktop_notification.notify2:Failed to initialize notify2: org.freedesktop.DBus.Error.ServiceUnknown: The name org.freedesktop.Notifications was not provided by any .service files
[5.410s] DEBUG:colcon.colcon_core.event_reactor:joined thread
[5.410s] INFO:colcon.colcon_core.shell:Creating prefix script '/home/bridgetw/cooking_robot/install/local_setup.ps1'
[5.411s] INFO:colcon.colcon_core.shell:Creating prefix util module '/home/bridgetw/cooking_robot/install/_local_setup_util_ps1.py'
[5.413s] INFO:colcon.colcon_core.shell:Creating prefix chain script '/home/bridgetw/cooking_robot/install/setup.ps1'
[5.413s] INFO:colcon.colcon_core.shell:Creating prefix script '/home/bridgetw/cooking_robot/install/local_setup.sh'
[5.414s] INFO:colcon.colcon_core.shell:Creating prefix util module '/home/bridgetw/cooking_robot/install/_local_setup_util_sh.py'
[5.414s] INFO:colcon.colcon_core.shell:Creating prefix chain script '/home/bridgetw/cooking_robot/install/setup.sh'
[5.415s] INFO:colcon.colcon_core.shell:Creating prefix script '/home/bridgetw/cooking_robot/install/local_setup.bash'
[5.416s] INFO:colcon.colcon_core.shell:Creating prefix chain script '/home/bridgetw/cooking_robot/install/setup.bash'
[5.416s] INFO:colcon.colcon_core.shell:Creating prefix script '/home/bridgetw/cooking_robot/install/local_setup.zsh'
[5.417s] INFO:colcon.colcon_core.shell:Creating prefix chain script '/home/bridgetw/cooking_robot/install/setup.zsh'
