[0.013s] Invoking command in '/home/bridgetw/robo_ws/build/gazebo_ros2_control': CMAKE_PREFIX_PATH=/opt/ros/humble /usr/bin/cmake /home/bridgetw/robo_ws/src/gazebo_ros2_control -DCMAKE_INSTALL_PREFIX=/home/bridgetw/robo_ws/install/gazebo_ros2_control
[0.248s] -- The C compiler identification is GNU 11.4.0
[0.854s] -- The CXX compiler identification is GNU 11.4.0
[1.226s] -- Detecting C compiler ABI info
[1.353s] -- Detecting C compiler ABI info - done
[1.359s] -- Check for working C compiler: /usr/bin/cc - skipped
[1.360s] -- Detecting C compile features
[1.362s] -- Detecting C compile features - done
[1.368s] -- Detecting CXX compiler ABI info
[1.521s] -- Detecting CXX compiler ABI info - done
[1.527s] -- Check for working CXX compiler: /usr/bin/c++ - skipped
[1.527s] -- Detecting CXX compile features
[1.528s] -- Detecting CXX compile features - done
[1.535s] -- Found ament_cmake: 1.3.9 (/opt/ros/humble/share/ament_cmake/cmake)
[1.673s] -- Found Python3: /usr/bin/python3 (found version "3.10.12") found components: Interpreter 
[1.803s] -- Found ament_lint_auto: 0.12.11 (/opt/ros/humble/share/ament_lint_auto/cmake)
[1.892s] -- Added test 'lint_cmake' to check CMake code style
[1.895s] -- Added test 'xmllint' to check XML markup files
[1.898s] -- Configuring done
[1.900s] -- Generating done
[1.901s] -- Build files have been written to: /home/bridgetw/robo_ws/build/gazebo_ros2_control
[1.906s] Invoked command in '/home/bridgetw/robo_ws/build/gazebo_ros2_control' returned '0': CMAKE_PREFIX_PATH=/opt/ros/humble /usr/bin/cmake /home/bridgetw/robo_ws/src/gazebo_ros2_control -DCMAKE_INSTALL_PREFIX=/home/bridgetw/robo_ws/install/gazebo_ros2_control
[1.909s] Invoking command in '/home/bridgetw/robo_ws/build/gazebo_ros2_control': CMAKE_PREFIX_PATH=/opt/ros/humble /usr/bin/cmake --build /home/bridgetw/robo_ws/build/gazebo_ros2_control -- -j8 -l8
[1.936s] Invoked command in '/home/bridgetw/robo_ws/build/gazebo_ros2_control' returned '0': CMAKE_PREFIX_PATH=/opt/ros/humble /usr/bin/cmake --build /home/bridgetw/robo_ws/build/gazebo_ros2_control -- -j8 -l8
[1.960s] Invoking command in '/home/bridgetw/robo_ws/build/gazebo_ros2_control': CMAKE_PREFIX_PATH=/opt/ros/humble /usr/bin/cmake --install /home/bridgetw/robo_ws/build/gazebo_ros2_control
[1.965s] -- Install configuration: ""
[1.965s] -- Installing: /home/bridgetw/robo_ws/install/gazebo_ros2_control/share/ament_index/resource_index/package_run_dependencies/gazebo_ros2_control
[1.965s] -- Installing: /home/bridgetw/robo_ws/install/gazebo_ros2_control/share/ament_index/resource_index/parent_prefix_path/gazebo_ros2_control
[1.966s] -- Installing: /home/bridgetw/robo_ws/install/gazebo_ros2_control/share/gazebo_ros2_control/environment/ament_prefix_path.sh
[1.966s] -- Installing: /home/bridgetw/robo_ws/install/gazebo_ros2_control/share/gazebo_ros2_control/environment/ament_prefix_path.dsv
[1.966s] -- Installing: /home/bridgetw/robo_ws/install/gazebo_ros2_control/share/gazebo_ros2_control/environment/path.sh
[1.966s] -- Installing: /home/bridgetw/robo_ws/install/gazebo_ros2_control/share/gazebo_ros2_control/environment/path.dsv
[1.966s] -- Installing: /home/bridgetw/robo_ws/install/gazebo_ros2_control/share/gazebo_ros2_control/local_setup.bash
[1.967s] -- Installing: /home/bridgetw/robo_ws/install/gazebo_ros2_control/share/gazebo_ros2_control/local_setup.sh
[1.967s] -- Installing: /home/bridgetw/robo_ws/install/gazebo_ros2_control/share/gazebo_ros2_control/local_setup.zsh
[1.967s] -- Installing: /home/bridgetw/robo_ws/install/gazebo_ros2_control/share/gazebo_ros2_control/local_setup.dsv
[1.967s] -- Installing: /home/bridgetw/robo_ws/install/gazebo_ros2_control/share/gazebo_ros2_control/package.dsv
[1.967s] -- Installing: /home/bridgetw/robo_ws/install/gazebo_ros2_control/share/ament_index/resource_index/packages/gazebo_ros2_control
[1.967s] -- Installing: /home/bridgetw/robo_ws/install/gazebo_ros2_control/share/gazebo_ros2_control/cmake/gazebo_ros2_controlConfig.cmake
[1.968s] -- Installing: /home/bridgetw/robo_ws/install/gazebo_ros2_control/share/gazebo_ros2_control/cmake/gazebo_ros2_controlConfig-version.cmake
[1.968s] -- Installing: /home/bridgetw/robo_ws/install/gazebo_ros2_control/share/gazebo_ros2_control/package.xml
[1.973s] Invoked command in '/home/bridgetw/robo_ws/build/gazebo_ros2_control' returned '0': CMAKE_PREFIX_PATH=/opt/ros/humble /usr/bin/cmake --install /home/bridgetw/robo_ws/build/gazebo_ros2_control
