[0.014s] Invoking command in '/home/bridgetw/robo_ws/build/six_dof_arm': CMAKE_PREFIX_PATH=/opt/ros/humble /usr/bin/cmake /home/bridgetw/robo_ws/src/six_dof_arm -DCMAKE_INSTALL_PREFIX=/home/bridgetw/robo_ws/install/six_dof_arm
[0.241s] -- The C compiler identification is GNU 11.4.0
[0.848s] -- The CXX compiler identification is GNU 11.4.0
[1.216s] -- Detecting C compiler ABI info
[1.346s] -- Detecting C compiler ABI info - done
[1.352s] -- Check for working C compiler: /usr/bin/cc - skipped
[1.353s] -- Detecting C compile features
[1.355s] -- Detecting C compile features - done
[1.361s] -- Detecting CXX compiler ABI info
[1.514s] -- Detecting CXX compiler ABI info - done
[1.521s] -- Check for working CXX compiler: /usr/bin/c++ - skipped
[1.521s] -- Detecting CXX compile features
[1.521s] -- Detecting CXX compile features - done
[1.529s] -- Found ament_cmake: 1.3.9 (/opt/ros/humble/share/ament_cmake/cmake)
[1.666s] -- Found Python3: /usr/bin/python3 (found version "3.10.12") found components: Interpreter 
[1.796s] -- Found ament_lint_auto: 0.12.11 (/opt/ros/humble/share/ament_lint_auto/cmake)
[1.885s] -- Added test 'lint_cmake' to check CMake code style
[1.888s] -- Added test 'xmllint' to check XML markup files
[1.891s] -- Configuring done
[1.894s] -- Generating done
[1.894s] -- Build files have been written to: /home/bridgetw/robo_ws/build/six_dof_arm
[1.903s] Invoked command in '/home/bridgetw/robo_ws/build/six_dof_arm' returned '0': CMAKE_PREFIX_PATH=/opt/ros/humble /usr/bin/cmake /home/bridgetw/robo_ws/src/six_dof_arm -DCMAKE_INSTALL_PREFIX=/home/bridgetw/robo_ws/install/six_dof_arm
[1.906s] Invoking command in '/home/bridgetw/robo_ws/build/six_dof_arm': CMAKE_PREFIX_PATH=/opt/ros/humble /usr/bin/cmake --build /home/bridgetw/robo_ws/build/six_dof_arm -- -j8 -l8
[1.933s] Invoked command in '/home/bridgetw/robo_ws/build/six_dof_arm' returned '0': CMAKE_PREFIX_PATH=/opt/ros/humble /usr/bin/cmake --build /home/bridgetw/robo_ws/build/six_dof_arm -- -j8 -l8
[1.956s] Invoking command in '/home/bridgetw/robo_ws/build/six_dof_arm': CMAKE_PREFIX_PATH=/opt/ros/humble /usr/bin/cmake --install /home/bridgetw/robo_ws/build/six_dof_arm
[1.961s] -- Install configuration: ""
[1.961s] -- Installing: /home/bridgetw/robo_ws/install/six_dof_arm/share/ament_index/resource_index/package_run_dependencies/six_dof_arm
[1.962s] -- Installing: /home/bridgetw/robo_ws/install/six_dof_arm/share/ament_index/resource_index/parent_prefix_path/six_dof_arm
[1.962s] -- Installing: /home/bridgetw/robo_ws/install/six_dof_arm/share/six_dof_arm/environment/ament_prefix_path.sh
[1.963s] -- Installing: /home/bridgetw/robo_ws/install/six_dof_arm/share/six_dof_arm/environment/ament_prefix_path.dsv
[1.963s] -- Installing: /home/bridgetw/robo_ws/install/six_dof_arm/share/six_dof_arm/environment/path.sh
[1.964s] -- Installing: /home/bridgetw/robo_ws/install/six_dof_arm/share/six_dof_arm/environment/path.dsv
[1.964s] -- Installing: /home/bridgetw/robo_ws/install/six_dof_arm/share/six_dof_arm/local_setup.bash
[1.964s] -- Installing: /home/bridgetw/robo_ws/install/six_dof_arm/share/six_dof_arm/local_setup.sh
[1.964s] -- Installing: /home/bridgetw/robo_ws/install/six_dof_arm/share/six_dof_arm/local_setup.zsh
[1.965s] -- Installing: /home/bridgetw/robo_ws/install/six_dof_arm/share/six_dof_arm/local_setup.dsv
[1.965s] -- Installing: /home/bridgetw/robo_ws/install/six_dof_arm/share/six_dof_arm/package.dsv
[1.965s] -- Installing: /home/bridgetw/robo_ws/install/six_dof_arm/share/ament_index/resource_index/packages/six_dof_arm
[1.966s] -- Installing: /home/bridgetw/robo_ws/install/six_dof_arm/share/six_dof_arm/cmake/six_dof_armConfig.cmake
[1.966s] -- Installing: /home/bridgetw/robo_ws/install/six_dof_arm/share/six_dof_arm/cmake/six_dof_armConfig-version.cmake
[1.966s] -- Installing: /home/bridgetw/robo_ws/install/six_dof_arm/share/six_dof_arm/package.xml
[1.976s] Invoked command in '/home/bridgetw/robo_ws/build/six_dof_arm' returned '0': CMAKE_PREFIX_PATH=/opt/ros/humble /usr/bin/cmake --install /home/bridgetw/robo_ws/build/six_dof_arm
