[0.015s] Invoking command in '/home/bridgetw/cooking_robot/gazebo/build/ur_simulation_gz': CMAKE_PREFIX_PATH=${CMAKE_PREFIX_PATH}:/home/bridgetw/cooking_robot/install/my_robot_controller:/opt/ros/humble /usr/bin/cmake --build /home/bridgetw/cooking_robot/gazebo/build/ur_simulation_gz -- -j8 -l8
[0.044s] Invoked command in '/home/bridgetw/cooking_robot/gazebo/build/ur_simulation_gz' returned '0': CMAKE_PREFIX_PATH=${CMAKE_PREFIX_PATH}:/home/bridgetw/cooking_robot/install/my_robot_controller:/opt/ros/humble /usr/bin/cmake --build /home/bridgetw/cooking_robot/gazebo/build/ur_simulation_gz -- -j8 -l8
[0.075s] Invoking command in '/home/bridgetw/cooking_robot/gazebo/build/ur_simulation_gz': CMAKE_PREFIX_PATH=${CMAKE_PREFIX_PATH}:/home/bridgetw/cooking_robot/install/my_robot_controller:/opt/ros/humble /usr/bin/cmake --install /home/bridgetw/cooking_robot/gazebo/build/ur_simulation_gz
[0.080s] -- Install configuration: ""
[0.080s] -- Execute custom install script
[0.081s] -- Up-to-date symlink: /home/bridgetw/cooking_robot/gazebo/install/ur_simulation_gz/share/ur_simulation_gz/config/ur_controllers.yaml
[0.081s] -- Up-to-date symlink: /home/bridgetw/cooking_robot/gazebo/install/ur_simulation_gz/share/ur_simulation_gz/launch/ur_sim_control.launch.py
[0.082s] -- Up-to-date symlink: /home/bridgetw/cooking_robot/gazebo/install/ur_simulation_gz/share/ur_simulation_gz/launch/ur_sim_moveit.launch.py
[0.082s] -- Up-to-date symlink: /home/bridgetw/cooking_robot/gazebo/install/ur_simulation_gz/share/ur_simulation_gz/urdf/ur_gz.ros2_control.xacro
[0.082s] -- Up-to-date symlink: /home/bridgetw/cooking_robot/gazebo/install/ur_simulation_gz/share/ur_simulation_gz/urdf/ur_gz.urdf.xacro
[0.082s] -- Up-to-date symlink: /home/bridgetw/cooking_robot/gazebo/install/ur_simulation_gz/share/ament_index/resource_index/package_run_dependencies/ur_simulation_gz
[0.083s] -- Up-to-date symlink: /home/bridgetw/cooking_robot/gazebo/install/ur_simulation_gz/share/ament_index/resource_index/parent_prefix_path/ur_simulation_gz
[0.083s] -- Up-to-date symlink: /home/bridgetw/cooking_robot/gazebo/install/ur_simulation_gz/share/ur_simulation_gz/environment/ament_prefix_path.sh
[0.083s] -- Up-to-date symlink: /home/bridgetw/cooking_robot/gazebo/install/ur_simulation_gz/share/ur_simulation_gz/environment/ament_prefix_path.dsv
[0.083s] -- Up-to-date symlink: /home/bridgetw/cooking_robot/gazebo/install/ur_simulation_gz/share/ur_simulation_gz/environment/path.sh
[0.083s] -- Up-to-date symlink: /home/bridgetw/cooking_robot/gazebo/install/ur_simulation_gz/share/ur_simulation_gz/environment/path.dsv
[0.083s] -- Up-to-date symlink: /home/bridgetw/cooking_robot/gazebo/install/ur_simulation_gz/share/ur_simulation_gz/local_setup.bash
[0.084s] -- Up-to-date symlink: /home/bridgetw/cooking_robot/gazebo/install/ur_simulation_gz/share/ur_simulation_gz/local_setup.sh
[0.084s] -- Up-to-date symlink: /home/bridgetw/cooking_robot/gazebo/install/ur_simulation_gz/share/ur_simulation_gz/local_setup.zsh
[0.084s] -- Up-to-date symlink: /home/bridgetw/cooking_robot/gazebo/install/ur_simulation_gz/share/ur_simulation_gz/local_setup.dsv
[0.085s] -- Symlinking: /home/bridgetw/cooking_robot/gazebo/install/ur_simulation_gz/share/ur_simulation_gz/package.dsv
[0.091s] -- Up-to-date symlink: /home/bridgetw/cooking_robot/gazebo/install/ur_simulation_gz/share/ament_index/resource_index/packages/ur_simulation_gz
[0.091s] -- Up-to-date symlink: /home/bridgetw/cooking_robot/gazebo/install/ur_simulation_gz/share/ur_simulation_gz/cmake/ur_simulation_gzConfig.cmake
[0.091s] -- Up-to-date symlink: /home/bridgetw/cooking_robot/gazebo/install/ur_simulation_gz/share/ur_simulation_gz/cmake/ur_simulation_gzConfig-version.cmake
[0.091s] -- Up-to-date symlink: /home/bridgetw/cooking_robot/gazebo/install/ur_simulation_gz/share/ur_simulation_gz/package.xml
[0.094s] Invoked command in '/home/bridgetw/cooking_robot/gazebo/build/ur_simulation_gz' returned '0': CMAKE_PREFIX_PATH=${CMAKE_PREFIX_PATH}:/home/bridgetw/cooking_robot/install/my_robot_controller:/opt/ros/humble /usr/bin/cmake --install /home/bridgetw/cooking_robot/gazebo/build/ur_simulation_gz
